0 verbose cli /data/data/com.termux/files/usr/bin/node /data/data/com.termux/files/usr/bin/npm
1 info using npm@11.18.0
2 info using node@v26.4.0
3 silly config load:file:/data/data/com.termux/files/usr/lib/node_modules/npm/npmrc
4 silly config load:file:/data/data/com.termux/files/home/masti-tok/.npmrc
5 silly config load:file:/data/data/com.termux/files/home/.npmrc
6 silly config load:file:/data/data/com.termux/files/usr/etc/npmrc
7 verbose title npm install express@4.18.2 socket.io cors
8 verbose argv "install" "express@4.18.2" "socket.io" "cors"
9 verbose logfile logs-max:10 dir:/data/data/com.termux/files/home/.npm/_logs/2026-07-20T22_53_29_192Z-
10 verbose logfile /data/data/com.termux/files/home/.npm/_logs/2026-07-20T22_53_29_192Z-debug-0.log
11 silly logfile start cleaning logs, removing 1 files
12 silly logfile done cleaning log files
13 silly packumentCache heap:1174405120 maxSize:293601280 maxEntrySize:146800640
14 silly idealTree buildDeps
15 silly fetch manifest cors@^2.8.6
16 silly packumentCache full:https://registry.npmjs.org/cors cache-miss
17 http fetch GET 200 https://registry.npmjs.org/cors 702ms (cache revalidated)
18 silly packumentCache full:https://registry.npmjs.org/cors set size:77956 disposed:false
19 silly fetch manifest dotenv@^17.4.2
20 silly packumentCache full:https://registry.npmjs.org/dotenv cache-miss
21 http fetch GET 200 https://registry.npmjs.org/dotenv 126ms (cache revalidated)
22 silly packumentCache full:https://registry.npmjs.org/dotenv set size:277802 disposed:false
23 silly fetch manifest express@4.18.2
24 silly packumentCache full:https://registry.npmjs.org/express cache-miss
25 http fetch GET 200 https://registry.npmjs.org/express 143ms (cache revalidated)
26 silly packumentCache full:https://registry.npmjs.org/express set size:804956 disposed:false
27 silly fetch manifest socket.io@^4.8.3
28 silly packumentCache full:https://registry.npmjs.org/socket.io cache-miss
29 http fetch GET 200 https://registry.npmjs.org/socket.io 136ms (cache revalidated)
30 silly packumentCache full:https://registry.npmjs.org/socket.io set size:379231 disposed:false
31 silly placeDep ROOT cors@2.8.6 OK for: masti-tok@1.0.0 want: ^2.8.6
32 silly placeDep ROOT dotenv@17.4.2 OK for: masti-tok@1.0.0 want: ^17.4.2
33 silly placeDep ROOT express@4.18.2 OK for: masti-tok@1.0.0 want: 4.18.2
34 silly placeDep ROOT socket.io@4.8.3 OK for: masti-tok@1.0.0 want: ^4.8.3
35 silly fetch manifest object-assign@^4
36 silly packumentCache full:https://registry.npmjs.org/object-assign cache-miss
37 silly fetch manifest vary@^1
38 silly packumentCache full:https://registry.npmjs.org/vary cache-miss
39 silly fetch manifest qs@6.11.0
40 silly packumentCache full:https://registry.npmjs.org/qs cache-miss
41 silly fetch manifest depd@2.0.0
42 silly packumentCache full:https://registry.npmjs.org/depd cache-miss
43 silly fetch manifest etag@~1.8.1
44 silly packumentCache full:https://registry.npmjs.org/etag cache-miss
45 silly fetch manifest send@0.18.0
46 silly packumentCache full:https://registry.npmjs.org/send cache-miss
47 silly fetch manifest vary@~1.1.2
48 silly packumentCache full:https://registry.npmjs.org/vary cache-miss
49 http fetch GET 200 https://registry.npmjs.org/depd 132ms (cache revalidated)
50 silly packumentCache full:https://registry.npmjs.org/depd set size:40182 disposed:false
51 silly fetch manifest debug@2.6.9
52 silly packumentCache full:https://registry.npmjs.org/debug cache-miss
53 http fetch GET 200 https://registry.npmjs.org/debug 140ms (cache revalidated)
54 silly packumentCache full:https://registry.npmjs.org/debug set size:195840 disposed:false
55 silly fetch manifest fresh@0.5.2
56 silly packumentCache full:https://registry.npmjs.org/fresh cache-miss
57 http fetch GET 200 https://registry.npmjs.org/vary 441ms (cache revalidated)
58 silly packumentCache full:https://registry.npmjs.org/vary set size:15994 disposed:false
59 silly fetch manifest cookie@0.5.0
60 silly packumentCache full:https://registry.npmjs.org/cookie cache-miss
61 http fetch GET 200 https://registry.npmjs.org/vary 479ms (cache revalidated)
62 silly packumentCache full:https://registry.npmjs.org/vary set size:15994 disposed:false
63 silly packumentCache full:https://registry.npmjs.org/vary dispose
64 silly fetch manifest accepts@~1.3.8
65 silly packumentCache full:https://registry.npmjs.org/accepts cache-miss
66 http fetch GET 200 https://registry.npmjs.org/qs 488ms (cache revalidated)
67 silly packumentCache full:https://registry.npmjs.org/qs set size:360318 disposed:false
68 silly fetch manifest methods@~1.1.2
69 silly packumentCache full:https://registry.npmjs.org/methods cache-miss
70 http fetch GET 200 https://registry.npmjs.org/send 500ms (cache revalidated)
71 silly packumentCache full:https://registry.npmjs.org/send set size:152810 disposed:false
72 silly fetch manifest type-is@~1.6.18
73 silly packumentCache full:https://registry.npmjs.org/type-is cache-miss
74 http fetch GET 200 https://registry.npmjs.org/etag 511ms (cache revalidated)
75 silly packumentCache full:https://registry.npmjs.org/etag set size:30032 disposed:false
76 silly fetch manifest parseurl@~1.3.3
77 silly packumentCache full:https://registry.npmjs.org/parseurl cache-miss
78 http fetch GET 200 https://registry.npmjs.org/fresh 214ms (cache revalidated)
79 silly packumentCache full:https://registry.npmjs.org/fresh set size:25427 disposed:false
80 silly fetch manifest statuses@2.0.1
81 silly packumentCache full:https://registry.npmjs.org/statuses cache-miss
82 http fetch GET 200 https://registry.npmjs.org/accepts 156ms (cache revalidated)
83 silly packumentCache full:https://registry.npmjs.org/accepts set size:77054 disposed:false
84 silly fetch manifest encodeurl@~1.0.2
85 silly packumentCache full:https://registry.npmjs.org/encodeurl cache-miss
86 http fetch GET 200 https://registry.npmjs.org/cookie 195ms (cache revalidated)
87 silly packumentCache full:https://registry.npmjs.org/cookie set size:78274 disposed:false
88 silly fetch manifest proxy-addr@~2.0.7
89 silly packumentCache full:https://registry.npmjs.org/proxy-addr cache-miss
90 http fetch GET 200 https://registry.npmjs.org/type-is 165ms (cache revalidated)
91 silly packumentCache full:https://registry.npmjs.org/type-is set size:88614 disposed:false
92 silly fetch manifest body-parser@1.20.1
93 silly packumentCache full:https://registry.npmjs.org/body-parser cache-miss
94 http fetch GET 200 https://registry.npmjs.org/object-assign 691ms (cache revalidated)
95 silly packumentCache full:https://registry.npmjs.org/object-assign set size:28988 disposed:false
96 silly fetch manifest escape-html@~1.0.3
97 silly packumentCache full:https://registry.npmjs.org/escape-html cache-miss
98 http fetch GET 200 https://registry.npmjs.org/statuses 171ms (cache revalidated)
99 silly packumentCache full:https://registry.npmjs.org/statuses set size:37117 disposed:false
100 silly fetch manifest http-errors@2.0.0
101 silly packumentCache full:https://registry.npmjs.org/http-errors cache-miss
102 http fetch GET 200 https://registry.npmjs.org/methods 200ms (cache revalidated)
103 silly packumentCache full:https://registry.npmjs.org/methods set size:12600 disposed:false
104 silly fetch manifest on-finished@2.4.1
105 silly packumentCache full:https://registry.npmjs.org/on-finished cache-miss
106 http fetch GET 200 https://registry.npmjs.org/proxy-addr 162ms (cache revalidated)
107 silly packumentCache full:https://registry.npmjs.org/proxy-addr set size:61619 disposed:false
108 silly fetch manifest safe-buffer@5.2.1
109 silly packumentCache full:https://registry.npmjs.org/safe-buffer cache-miss
110 http fetch GET 200 https://registry.npmjs.org/encodeurl 208ms (cache revalidated)
111 silly packumentCache full:https://registry.npmjs.org/encodeurl set size:12296 disposed:false
112 silly fetch manifest utils-merge@1.0.1
113 silly packumentCache full:https://registry.npmjs.org/utils-merge cache-miss
114 http fetch GET 200 https://registry.npmjs.org/escape-html 170ms (cache revalidated)
115 silly packumentCache full:https://registry.npmjs.org/escape-html set size:7345 disposed:false
116 silly fetch manifest content-type@~1.0.4
117 silly packumentCache full:https://registry.npmjs.org/content-type cache-miss
118 http fetch GET 200 https://registry.npmjs.org/http-errors 172ms (cache revalidated)
119 silly packumentCache full:https://registry.npmjs.org/http-errors set size:71987 disposed:false
120 silly fetch manifest finalhandler@1.2.0
121 silly packumentCache full:https://registry.npmjs.org/finalhandler cache-miss
122 http fetch GET 200 https://registry.npmjs.org/body-parser 197ms (cache revalidated)
123 silly packumentCache full:https://registry.npmjs.org/body-parser set size:204544 disposed:false
124 silly fetch manifest range-parser@~1.2.1
125 silly packumentCache full:https://registry.npmjs.org/range-parser cache-miss
126 http fetch GET 200 https://registry.npmjs.org/on-finished 189ms (cache revalidated)
127 silly packumentCache full:https://registry.npmjs.org/on-finished set size:23212 disposed:false
128 silly fetch manifest serve-static@1.15.0
129 silly packumentCache full:https://registry.npmjs.org/serve-static cache-miss
130 http fetch GET 200 https://registry.npmjs.org/parseurl 389ms (cache revalidated)
131 silly packumentCache full:https://registry.npmjs.org/parseurl set size:24148 disposed:false
132 silly fetch manifest array-flatten@1.1.1
133 silly packumentCache full:https://registry.npmjs.org/array-flatten cache-miss
134 http fetch GET 200 https://registry.npmjs.org/safe-buffer 179ms (cache revalidated)
135 silly packumentCache full:https://registry.npmjs.org/safe-buffer set size:41183 disposed:false
136 silly fetch manifest path-to-regexp@0.1.7
137 silly packumentCache full:https://registry.npmjs.org/path-to-regexp cache-miss
138 http fetch GET 200 https://registry.npmjs.org/array-flatten 197ms (cache revalidated)
139 silly packumentCache full:https://registry.npmjs.org/array-flatten set size:24005 disposed:false
140 silly fetch manifest setprototypeof@1.2.0
141 silly packumentCache full:https://registry.npmjs.org/setprototypeof cache-miss
142 http fetch GET 200 https://registry.npmjs.org/content-type 250ms (cache revalidated)
143 silly packumentCache full:https://registry.npmjs.org/content-type set size:18994 disposed:false
144 silly fetch manifest cookie-signature@1.0.6
145 silly packumentCache full:https://registry.npmjs.org/cookie-signature cache-miss
146 http fetch GET 200 https://registry.npmjs.org/range-parser 237ms (cache revalidated)
147 silly packumentCache full:https://registry.npmjs.org/range-parser set size:24852 disposed:false
148 silly fetch manifest merge-descriptors@1.0.1
149 silly packumentCache full:https://registry.npmjs.org/merge-descriptors cache-miss
150 http fetch GET 200 https://registry.npmjs.org/serve-static 239ms (cache revalidated)
151 silly packumentCache full:https://registry.npmjs.org/serve-static set size:150391 disposed:false
152 silly fetch manifest content-disposition@0.5.4
153 silly packumentCache full:https://registry.npmjs.org/content-disposition cache-miss
154 http fetch GET 200 https://registry.npmjs.org/finalhandler 266ms (cache revalidated)
155 silly packumentCache full:https://registry.npmjs.org/finalhandler set size:79291 disposed:false
156 silly fetch manifest accepts@~1.3.4
157 silly packumentCache full:https://registry.npmjs.org/accepts cache-hit
158 silly fetch manifest base64id@~2.0.0
159 silly packumentCache full:https://registry.npmjs.org/base64id cache-miss
160 http fetch GET 200 https://registry.npmjs.org/utils-merge 387ms (cache revalidated)
161 silly packumentCache full:https://registry.npmjs.org/utils-merge set size:5237 disposed:false
162 silly fetch manifest debug@~4.4.1
163 silly packumentCache full:https://registry.npmjs.org/debug cache-hit
164 silly fetch manifest engine.io@~6.6.0
165 silly packumentCache full:https://registry.npmjs.org/engine.io cache-miss
166 http fetch GET 200 https://registry.npmjs.org/cookie-signature 152ms (cache revalidated)
167 silly packumentCache full:https://registry.npmjs.org/cookie-signature set size:21777 disposed:false
168 silly fetch manifest socket.io-adapter@~2.5.2
169 silly packumentCache full:https://registry.npmjs.org/socket.io-adapter cache-miss
170 http fetch GET 200 https://registry.npmjs.org/path-to-regexp 268ms (cache revalidated)
171 silly packumentCache full:https://registry.npmjs.org/path-to-regexp set size:216334 disposed:false
172 silly fetch manifest socket.io-parser@~4.2.4
173 silly packumentCache full:https://registry.npmjs.org/socket.io-parser cache-miss
174 http fetch GET 200 https://registry.npmjs.org/setprototypeof 195ms (cache revalidated)
175 silly packumentCache full:https://registry.npmjs.org/setprototypeof set size:14532 disposed:false
176 http fetch GET 200 https://registry.npmjs.org/content-disposition 177ms (cache revalidated)
177 silly packumentCache full:https://registry.npmjs.org/content-disposition set size:42862 disposed:false
178 http fetch GET 200 https://registry.npmjs.org/merge-descriptors 374ms (cache revalidated)
179 silly packumentCache full:https://registry.npmjs.org/merge-descriptors set size:16527 disposed:false
180 http fetch GET 200 https://registry.npmjs.org/base64id 380ms (cache revalidated)
181 silly packumentCache full:https://registry.npmjs.org/base64id set size:6136 disposed:false
182 http fetch GET 200 https://registry.npmjs.org/engine.io 403ms (cache revalidated)
183 silly packumentCache full:https://registry.npmjs.org/engine.io set size:396042 disposed:false
184 http fetch GET 200 https://registry.npmjs.org/socket.io-adapter 432ms (cache revalidated)
185 silly packumentCache full:https://registry.npmjs.org/socket.io-adapter set size:71138 disposed:false
186 http fetch GET 200 https://registry.npmjs.org/socket.io-parser 425ms (cache revalidated)
187 silly packumentCache full:https://registry.npmjs.org/socket.io-parser set size:130849 disposed:false
188 silly placeDep ROOT object-assign@4.1.1 OK for: cors@2.8.6 want: ^4
189 silly placeDep ROOT vary@1.1.2 OK for: cors@2.8.6 want: ^1
190 silly placeDep ROOT accepts@1.3.8 OK for: express@4.18.2 want: ~1.3.8
191 silly placeDep ROOT array-flatten@1.1.1 OK for: express@4.18.2 want: 1.1.1
192 silly placeDep ROOT body-parser@1.20.1 OK for: express@4.18.2 want: 1.20.1
193 silly placeDep ROOT content-disposition@0.5.4 OK for: express@4.18.2 want: 0.5.4
194 silly placeDep ROOT content-type@1.0.5 OK for: express@4.18.2 want: ~1.0.4
195 silly placeDep ROOT cookie@0.5.0 OK for: express@4.18.2 want: 0.5.0
196 silly placeDep ROOT cookie-signature@1.0.6 OK for: express@4.18.2 want: 1.0.6
197 silly placeDep ROOT debug@2.6.9 OK for: express@4.18.2 want: 2.6.9
198 silly placeDep ROOT depd@2.0.0 OK for: express@4.18.2 want: 2.0.0
199 silly placeDep ROOT encodeurl@1.0.2 OK for: express@4.18.2 want: ~1.0.2
200 silly placeDep ROOT escape-html@1.0.3 OK for: express@4.18.2 want: ~1.0.3
201 silly placeDep ROOT etag@1.8.1 OK for: express@4.18.2 want: ~1.8.1
202 silly placeDep ROOT finalhandler@1.2.0 OK for: express@4.18.2 want: 1.2.0
203 silly placeDep ROOT fresh@0.5.2 OK for: express@4.18.2 want: 0.5.2
204 silly placeDep ROOT http-errors@2.0.0 OK for: express@4.18.2 want: 2.0.0
205 silly placeDep ROOT merge-descriptors@1.0.1 OK for: express@4.18.2 want: 1.0.1
206 silly placeDep ROOT methods@1.1.2 OK for: express@4.18.2 want: ~1.1.2
207 silly placeDep ROOT on-finished@2.4.1 OK for: express@4.18.2 want: 2.4.1
208 silly placeDep ROOT parseurl@1.3.3 OK for: express@4.18.2 want: ~1.3.3
209 silly placeDep ROOT path-to-regexp@0.1.7 OK for: express@4.18.2 want: 0.1.7
210 silly placeDep ROOT proxy-addr@2.0.7 OK for: express@4.18.2 want: ~2.0.7
211 silly placeDep ROOT qs@6.11.0 OK for: express@4.18.2 want: 6.11.0
212 silly placeDep ROOT range-parser@1.2.1 OK for: express@4.18.2 want: ~1.2.1
213 silly placeDep ROOT safe-buffer@5.2.1 OK for: express@4.18.2 want: 5.2.1
214 silly placeDep ROOT send@0.18.0 OK for: express@4.18.2 want: 0.18.0
215 silly placeDep ROOT serve-static@1.15.0 OK for: express@4.18.2 want: 1.15.0
216 silly placeDep ROOT setprototypeof@1.2.0 OK for: express@4.18.2 want: 1.2.0
217 silly placeDep ROOT statuses@2.0.1 OK for: express@4.18.2 want: 2.0.1
218 silly placeDep ROOT type-is@1.6.18 OK for: express@4.18.2 want: ~1.6.18
219 silly placeDep ROOT utils-merge@1.0.1 OK for: express@4.18.2 want: 1.0.1
220 silly fetch manifest mime-types@~2.1.34
221 silly packumentCache full:https://registry.npmjs.org/mime-types cache-miss
222 silly fetch manifest negotiator@0.6.3
223 silly packumentCache full:https://registry.npmjs.org/negotiator cache-miss
224 silly fetch manifest bytes@3.1.2
225 silly packumentCache full:https://registry.npmjs.org/bytes cache-miss
226 silly fetch manifest unpipe@1.0.0
227 silly packumentCache full:https://registry.npmjs.org/unpipe cache-miss
228 silly fetch manifest destroy@1.2.0
229 silly packumentCache full:https://registry.npmjs.org/destroy cache-miss
230 silly fetch manifest raw-body@2.5.1
231 silly packumentCache full:https://registry.npmjs.org/raw-body cache-miss
232 silly fetch manifest iconv-lite@0.4.24
233 silly packumentCache full:https://registry.npmjs.org/iconv-lite cache-miss
234 http fetch GET 200 https://registry.npmjs.org/bytes 133ms (cache revalidated)
235 silly packumentCache full:https://registry.npmjs.org/bytes set size:37018 disposed:false
236 silly fetch manifest ms@2.0.0
237 silly packumentCache full:https://registry.npmjs.org/ms cache-miss
238 http fetch GET 200 https://registry.npmjs.org/raw-body 141ms (cache revalidated)
239 silly packumentCache full:https://registry.npmjs.org/raw-body set size:120042 disposed:false
240 silly fetch manifest unpipe@~1.0.0
241 silly packumentCache full:https://registry.npmjs.org/unpipe cache-miss
242 http fetch GET 200 https://registry.npmjs.org/unpipe 155ms (cache revalidated)
243 silly packumentCache full:https://registry.npmjs.org/unpipe set size:3609 disposed:false
244 silly fetch manifest inherits@2.0.4
245 silly packumentCache full:https://registry.npmjs.org/inherits cache-miss
246 http fetch GET 200 https://registry.npmjs.org/destroy 157ms (cache revalidated)
247 silly packumentCache full:https://registry.npmjs.org/destroy set size:15738 disposed:false
248 silly fetch manifest toidentifier@1.0.1
249 silly packumentCache full:https://registry.npmjs.org/toidentifier cache-miss
250 http fetch GET 200 https://registry.npmjs.org/negotiator 168ms (cache revalidated)
251 silly packumentCache full:https://registry.npmjs.org/negotiator set size:48046 disposed:false
252 silly fetch manifest ee-first@1.1.1
253 silly packumentCache full:https://registry.npmjs.org/ee-first cache-miss
254 http fetch GET 200 https://registry.npmjs.org/mime-types 176ms (cache revalidated)
255 silly packumentCache full:https://registry.npmjs.org/mime-types set size:139110 disposed:false
256 silly fetch manifest forwarded@0.2.0
257 silly packumentCache full:https://registry.npmjs.org/forwarded cache-miss
258 http fetch GET 200 https://registry.npmjs.org/iconv-lite 178ms (cache revalidated)
259 silly packumentCache full:https://registry.npmjs.org/iconv-lite set size:126462 disposed:false
260 silly fetch manifest ipaddr.js@1.9.1
261 silly packumentCache full:https://registry.npmjs.org/ipaddr.js cache-miss
262 http cache https://registry.npmjs.org/unpipe 68ms (cache hit)
263 silly packumentCache full:https://registry.npmjs.org/unpipe set size:3609 disposed:false
264 silly packumentCache full:https://registry.npmjs.org/unpipe dispose
265 silly fetch manifest side-channel@^1.0.4
266 silly packumentCache full:https://registry.npmjs.org/side-channel cache-miss
267 http fetch GET 200 https://registry.npmjs.org/inherits 159ms (cache revalidated)
268 silly packumentCache full:https://registry.npmjs.org/inherits set size:12925 disposed:false
269 silly fetch manifest ms@2.1.3
270 silly packumentCache full:https://registry.npmjs.org/ms cache-miss
271 http fetch GET 200 https://registry.npmjs.org/ms 184ms (cache revalidated)
272 silly packumentCache full:https://registry.npmjs.org/ms set size:92208 disposed:false
273 silly fetch manifest mime@1.6.0
274 silly packumentCache full:https://registry.npmjs.org/mime cache-miss
275 http fetch GET 200 https://registry.npmjs.org/toidentifier 204ms (cache revalidated)
276 silly packumentCache full:https://registry.npmjs.org/toidentifier set size:12006 disposed:false
277 silly fetch manifest mime-types@~2.1.24
278 silly packumentCache full:https://registry.npmjs.org/mime-types cache-hit
279 silly fetch manifest media-typer@0.3.0
280 silly packumentCache full:https://registry.npmjs.org/media-typer cache-miss
281 http fetch GET 200 https://registry.npmjs.org/ee-first 211ms (cache revalidated)
282 silly packumentCache full:https://registry.npmjs.org/ee-first set size:15327 disposed:false
283 http fetch GET 200 https://registry.npmjs.org/side-channel 166ms (cache revalidated)
284 silly packumentCache full:https://registry.npmjs.org/side-channel set size:27650 disposed:false
285 http fetch GET 200 https://registry.npmjs.org/forwarded 217ms (cache revalidated)
286 silly packumentCache full:https://registry.npmjs.org/forwarded set size:11229 disposed:false
287 http fetch GET 200 https://registry.npmjs.org/ipaddr.js 195ms (cache revalidated)
288 silly packumentCache full:https://registry.npmjs.org/ipaddr.js set size:69549 disposed:false
289 http cache https://registry.npmjs.org/ms 90ms (cache hit)
290 silly packumentCache full:https://registry.npmjs.org/ms set size:92208 disposed:false
291 silly packumentCache full:https://registry.npmjs.org/ms dispose
292 http fetch GET 200 https://registry.npmjs.org/mime 174ms (cache revalidated)
293 silly packumentCache full:https://registry.npmjs.org/mime set size:119236 disposed:false
294 http fetch GET 200 https://registry.npmjs.org/media-typer 140ms (cache revalidated)
295 silly packumentCache full:https://registry.npmjs.org/media-typer set size:22678 disposed:false
296 silly placeDep ROOT mime-types@2.1.35 OK for: accepts@1.3.8 want: ~2.1.34
297 silly placeDep ROOT negotiator@0.6.3 OK for: accepts@1.3.8 want: 0.6.3
298 silly fetch manifest mime-db@1.52.0
299 silly packumentCache full:https://registry.npmjs.org/mime-db cache-miss
300 http fetch GET 200 https://registry.npmjs.org/mime-db 111ms (cache revalidated)
301 silly packumentCache full:https://registry.npmjs.org/mime-db set size:164953 disposed:false
302 silly placeDep ROOT bytes@3.1.2 OK for: body-parser@1.20.1 want: 3.1.2
303 silly placeDep ROOT destroy@1.2.0 OK for: body-parser@1.20.1 want: 1.2.0
304 silly placeDep ROOT iconv-lite@0.4.24 OK for: body-parser@1.20.1 want: 0.4.24
305 silly placeDep ROOT raw-body@2.5.1 OK for: body-parser@1.20.1 want: 2.5.1
306 silly placeDep ROOT unpipe@1.0.0 OK for: body-parser@1.20.1 want: 1.0.0
307 silly fetch manifest safer-buffer@>= 2.1.2 < 3
308 silly packumentCache full:https://registry.npmjs.org/safer-buffer cache-miss
309 http fetch GET 200 https://registry.npmjs.org/safer-buffer 391ms (cache revalidated)
310 silly packumentCache full:https://registry.npmjs.org/safer-buffer set size:18521 disposed:false
311 silly placeDep ROOT ms@2.0.0 OK for: debug@2.6.9 want: 2.0.0
312 silly placeDep ROOT inherits@2.0.4 OK for: http-errors@2.0.0 want: 2.0.4
313 silly placeDep ROOT toidentifier@1.0.1 OK for: http-errors@2.0.0 want: 1.0.1
314 silly placeDep ROOT safer-buffer@2.1.2 OK for: iconv-lite@0.4.24 want: >= 2.1.2 < 3
315 silly placeDep ROOT mime-db@1.52.0 OK for: mime-types@2.1.35 want: 1.52.0
316 silly placeDep ROOT ee-first@1.1.1 OK for: on-finished@2.4.1 want: 1.1.1
317 silly placeDep ROOT forwarded@0.2.0 OK for: proxy-addr@2.0.7 want: 0.2.0
318 silly placeDep ROOT ipaddr.js@1.9.1 OK for: proxy-addr@2.0.7 want: 1.9.1
319 silly placeDep ROOT side-channel@1.1.1 OK for: qs@6.11.0 want: ^1.0.4
320 silly fetch manifest es-errors@^1.3.0
321 silly packumentCache full:https://registry.npmjs.org/es-errors cache-miss
322 silly fetch manifest object-inspect@^1.13.4
323 silly packumentCache full:https://registry.npmjs.org/object-inspect cache-miss
324 silly fetch manifest side-channel-list@^1.0.1
325 silly packumentCache full:https://registry.npmjs.org/side-channel-list cache-miss
326 silly fetch manifest side-channel-map@^1.0.1
327 silly packumentCache full:https://registry.npmjs.org/side-channel-map cache-miss
328 silly fetch manifest side-channel-weakmap@^1.0.2
329 silly packumentCache full:https://registry.npmjs.org/side-channel-weakmap cache-miss
330 http fetch GET 200 https://registry.npmjs.org/es-errors 151ms (cache revalidated)
331 silly packumentCache full:https://registry.npmjs.org/es-errors set size:16918 disposed:false
332 http fetch GET 200 https://registry.npmjs.org/side-channel-list 157ms (cache revalidated)
333 silly packumentCache full:https://registry.npmjs.org/side-channel-list set size:9021 disposed:false
334 http fetch GET 200 https://registry.npmjs.org/side-channel-map 159ms (cache revalidated)
335 silly packumentCache full:https://registry.npmjs.org/side-channel-map set size:9126 disposed:false
336 http fetch GET 200 https://registry.npmjs.org/object-inspect 168ms (cache revalidated)
337 silly packumentCache full:https://registry.npmjs.org/object-inspect set size:101912 disposed:false
338 http fetch GET 200 https://registry.npmjs.org/side-channel-weakmap 175ms (cache revalidated)
339 silly packumentCache full:https://registry.npmjs.org/side-channel-weakmap set size:12620 disposed:false
340 silly placeDep ROOT mime@1.6.0 OK for: send@0.18.0 want: 1.6.0
341 silly placeDep node_modules/send ms@2.1.3 OK for: send@0.18.0 want: 2.1.3
342 silly placeDep ROOT es-errors@1.3.0 OK for: side-channel@1.1.1 want: ^1.3.0
343 silly placeDep ROOT object-inspect@1.13.4 OK for: side-channel@1.1.1 want: ^1.13.4
344 silly placeDep ROOT side-channel-list@1.0.1 OK for: side-channel@1.1.1 want: ^1.0.1
345 silly placeDep ROOT side-channel-map@1.0.1 OK for: side-channel@1.1.1 want: ^1.0.1
346 silly placeDep ROOT side-channel-weakmap@1.0.2 OK for: side-channel@1.1.1 want: ^1.0.2
347 silly fetch manifest call-bound@^1.0.2
348 silly packumentCache full:https://registry.npmjs.org/call-bound cache-miss
349 silly fetch manifest get-intrinsic@^1.2.5
350 silly packumentCache full:https://registry.npmjs.org/get-intrinsic cache-miss
351 silly fetch manifest call-bound@^1.0.2
352 silly packumentCache full:https://registry.npmjs.org/call-bound cache-miss
353 silly fetch manifest get-intrinsic@^1.2.5
354 silly packumentCache full:https://registry.npmjs.org/get-intrinsic cache-miss
355 http fetch GET 200 https://registry.npmjs.org/call-bound 129ms (cache revalidated)
356 silly packumentCache full:https://registry.npmjs.org/call-bound set size:15317 disposed:false
357 http fetch GET 200 https://registry.npmjs.org/call-bound 146ms (cache revalidated)
358 silly packumentCache full:https://registry.npmjs.org/call-bound set size:15317 disposed:false
359 silly packumentCache full:https://registry.npmjs.org/call-bound dispose
360 http fetch GET 200 https://registry.npmjs.org/get-intrinsic 155ms (cache revalidated)
361 silly packumentCache full:https://registry.npmjs.org/get-intrinsic set size:60985 disposed:false
362 http fetch GET 200 https://registry.npmjs.org/get-intrinsic 164ms (cache revalidated)
363 silly packumentCache full:https://registry.npmjs.org/get-intrinsic set size:60985 disposed:false
364 silly packumentCache full:https://registry.npmjs.org/get-intrinsic dispose
365 silly placeDep ROOT call-bound@1.0.4 OK for: side-channel-map@1.0.1 want: ^1.0.2
366 silly placeDep ROOT get-intrinsic@1.3.0 OK for: side-channel-map@1.0.1 want: ^1.2.5
367 silly fetch manifest call-bind-apply-helpers@^1.0.2
368 silly packumentCache full:https://registry.npmjs.org/call-bind-apply-helpers cache-miss
369 silly fetch manifest get-intrinsic@^1.3.0
370 silly packumentCache full:https://registry.npmjs.org/get-intrinsic cache-hit
371 silly fetch manifest gopd@^1.2.0
372 silly packumentCache full:https://registry.npmjs.org/gopd cache-miss
373 silly fetch manifest hasown@^2.0.2
374 silly packumentCache full:https://registry.npmjs.org/hasown cache-miss
375 silly fetch manifest get-proto@^1.0.1
376 silly packumentCache full:https://registry.npmjs.org/get-proto cache-miss
377 silly fetch manifest has-symbols@^1.1.0
378 silly packumentCache full:https://registry.npmjs.org/has-symbols cache-miss
379 silly fetch manifest function-bind@^1.1.2
380 silly packumentCache full:https://registry.npmjs.org/function-bind cache-miss
381 silly fetch manifest es-object-atoms@^1.1.1
382 silly packumentCache full:https://registry.npmjs.org/es-object-atoms cache-miss
383 http fetch GET 200 https://registry.npmjs.org/gopd 128ms (cache revalidated)
384 silly packumentCache full:https://registry.npmjs.org/gopd set size:11483 disposed:false
385 silly fetch manifest math-intrinsics@^1.1.0
386 silly packumentCache full:https://registry.npmjs.org/math-intrinsics cache-miss
387 http fetch GET 200 https://registry.npmjs.org/get-proto 137ms (cache revalidated)
388 silly packumentCache full:https://registry.npmjs.org/get-proto set size:8300 disposed:false
389 silly fetch manifest es-define-property@^1.0.1
390 silly packumentCache full:https://registry.npmjs.org/es-define-property cache-miss
391 http fetch GET 200 https://registry.npmjs.org/call-bind-apply-helpers 172ms (cache revalidated)
392 silly packumentCache full:https://registry.npmjs.org/call-bind-apply-helpers set size:12744 disposed:false
393 http fetch GET 200 https://registry.npmjs.org/function-bind 168ms (cache revalidated)
394 silly packumentCache full:https://registry.npmjs.org/function-bind set size:15733 disposed:false
395 http fetch GET 200 https://registry.npmjs.org/hasown 180ms (cache revalidated)
396 silly packumentCache full:https://registry.npmjs.org/hasown set size:18361 disposed:false
397 http fetch GET 200 https://registry.npmjs.org/has-symbols 181ms (cache revalidated)
398 silly packumentCache full:https://registry.npmjs.org/has-symbols set size:21550 disposed:false
399 http fetch GET 200 https://registry.npmjs.org/es-object-atoms 179ms (cache revalidated)
400 silly packumentCache full:https://registry.npmjs.org/es-object-atoms set size:18278 disposed:false
401 http fetch GET 200 https://registry.npmjs.org/math-intrinsics 164ms (cache revalidated)
402 silly packumentCache full:https://registry.npmjs.org/math-intrinsics set size:9265 disposed:false
403 http fetch GET 200 https://registry.npmjs.org/es-define-property 162ms (cache revalidated)
404 silly packumentCache full:https://registry.npmjs.org/es-define-property set size:8542 disposed:false
405 silly placeDep ROOT call-bind-apply-helpers@1.0.2 OK for: call-bound@1.0.4 want: ^1.0.2
406 silly placeDep ROOT function-bind@1.1.2 OK for: call-bind-apply-helpers@1.0.2 want: ^1.1.2
407 silly placeDep ROOT es-define-property@1.0.1 OK for: get-intrinsic@1.3.0 want: ^1.0.1
408 silly placeDep ROOT es-object-atoms@1.1.2 OK for: get-intrinsic@1.3.0 want: ^1.1.1
409 silly placeDep ROOT get-proto@1.0.1 OK for: get-intrinsic@1.3.0 want: ^1.0.1
410 silly placeDep ROOT gopd@1.2.0 OK for: get-intrinsic@1.3.0 want: ^1.2.0
411 silly placeDep ROOT has-symbols@1.1.0 OK for: get-intrinsic@1.3.0 want: ^1.1.0
412 silly placeDep ROOT hasown@2.0.4 OK for: get-intrinsic@1.3.0 want: ^2.0.2
413 silly placeDep ROOT math-intrinsics@1.1.0 OK for: get-intrinsic@1.3.0 want: ^1.1.0
414 silly fetch manifest dunder-proto@^1.0.1
415 silly packumentCache full:https://registry.npmjs.org/dunder-proto cache-miss
416 http fetch GET 200 https://registry.npmjs.org/dunder-proto 115ms (cache revalidated)
417 silly packumentCache full:https://registry.npmjs.org/dunder-proto set size:8256 disposed:false
418 silly placeDep ROOT dunder-proto@1.0.1 OK for: get-proto@1.0.1 want: ^1.0.1
419 silly placeDep ROOT base64id@2.0.0 OK for: socket.io@4.8.3 want: ~2.0.0
420 silly placeDep node_modules/socket.io debug@4.4.3 OK for: socket.io@4.8.3 want: ~4.4.1
421 silly placeDep ROOT engine.io@6.6.9 OK for: socket.io@4.8.3 want: ~6.6.0
422 silly placeDep ROOT socket.io-adapter@2.5.8 OK for: socket.io@4.8.3 want: ~2.5.2
423 silly placeDep ROOT socket.io-parser@4.2.7 OK for: socket.io@4.8.3 want: ~4.2.4
424 silly fetch manifest ms@^2.1.3
425 silly packumentCache full:https://registry.npmjs.org/ms cache-hit
426 silly fetch manifest ws@~8.21.0
427 silly packumentCache full:https://registry.npmjs.org/ws cache-miss
428 silly fetch manifest cookie@~0.7.2
429 silly packumentCache full:https://registry.npmjs.org/cookie cache-hit
430 silly fetch manifest @types/ws@^8.5.12
431 silly packumentCache full:https://registry.npmjs.org/@types%2fws cache-miss
432 silly fetch manifest @types/cors@^2.8.12
433 silly packumentCache full:https://registry.npmjs.org/@types%2fcors cache-miss
434 silly fetch manifest @types/node@>=10.0.0
435 silly packumentCache full:https://registry.npmjs.org/@types%2fnode cache-miss
436 silly fetch manifest engine.io-parser@~5.2.1
437 silly packumentCache full:https://registry.npmjs.org/engine.io-parser cache-miss
438 silly fetch manifest ws@~8.21.0
439 silly packumentCache full:https://registry.npmjs.org/ws cache-miss
440 silly fetch manifest @socket.io/component-emitter@~3.1.0
441 silly packumentCache full:https://registry.npmjs.org/@socket.io%2fcomponent-emitter cache-miss
442 http fetch GET 200 https://registry.npmjs.org/@types%2fcors 155ms (cache revalidated)
443 silly packumentCache full:https://registry.npmjs.org/@types%2fcors set size:56991 disposed:false
444 http fetch GET 200 https://registry.npmjs.org/ws 176ms (cache revalidated)
445 silly packumentCache full:https://registry.npmjs.org/ws set size:426890 disposed:false
446 http fetch GET 200 https://registry.npmjs.org/ws 191ms (cache revalidated)
447 silly packumentCache full:https://registry.npmjs.org/ws set size:426890 disposed:false
448 silly packumentCache full:https://registry.npmjs.org/ws dispose
449 http fetch GET 200 https://registry.npmjs.org/@types%2fnode 265ms (cache revalidated)
450 silly packumentCache full:https://registry.npmjs.org/@types%2fnode set size:11080817 disposed:false
451 http fetch GET 200 https://registry.npmjs.org/engine.io-parser 468ms (cache revalidated)
452 silly packumentCache full:https://registry.npmjs.org/engine.io-parser set size:116455 disposed:false
453 http fetch GET 200 https://registry.npmjs.org/@socket.io%2fcomponent-emitter 585ms (cache revalidated)
454 silly packumentCache full:https://registry.npmjs.org/@socket.io%2fcomponent-emitter set size:14099 disposed:false
455 http fetch GET 200 https://registry.npmjs.org/@types%2fws 624ms (cache revalidated)
456 silly packumentCache full:https://registry.npmjs.org/@types%2fws set size:167959 disposed:false
457 silly fetch manifest bufferutil@^4.0.1
458 silly packumentCache full:https://registry.npmjs.org/bufferutil cache-miss
459 http fetch GET 200 https://registry.npmjs.org/bufferutil 135ms (cache revalidated)
460 silly packumentCache full:https://registry.npmjs.org/bufferutil set size:52763 disposed:false
461 silly fetch manifest utf-8-validate@>=5.0.2
462 silly packumentCache full:https://registry.npmjs.org/utf-8-validate cache-miss
463 http fetch GET 200 https://registry.npmjs.org/utf-8-validate 130ms (cache revalidated)
464 silly packumentCache full:https://registry.npmjs.org/utf-8-validate set size:77148 disposed:false
465 silly placeDep ROOT @types/cors@2.8.19 OK for: engine.io@6.6.9 want: ^2.8.12
466 silly placeDep ROOT @types/node@26.1.1 OK for: engine.io@6.6.9 want: >=10.0.0
467 silly placeDep ROOT @types/ws@8.18.1 OK for: engine.io@6.6.9 want: ^8.5.12
468 silly placeDep node_modules/engine.io cookie@0.7.2 OK for: engine.io@6.6.9 want: ~0.7.2
469 silly placeDep node_modules/engine.io debug@4.4.3 OK for: engine.io@6.6.9 want: ~4.4.1
470 silly placeDep ROOT engine.io-parser@5.2.3 OK for: engine.io@6.6.9 want: ~5.2.1
471 silly placeDep ROOT ws@8.21.1 OK for: engine.io@6.6.9 want: ~8.21.0
472 silly fetch manifest @types/node@*
473 silly packumentCache full:https://registry.npmjs.org/@types%2fnode cache-miss
474 silly fetch manifest undici-types@~8.3.0
475 silly packumentCache full:https://registry.npmjs.org/undici-types cache-miss
476 http cache https://registry.npmjs.org/@types%2fnode 107ms (cache hit)
477 silly packumentCache full:https://registry.npmjs.org/@types%2fnode set size:11080817 disposed:false
478 http fetch GET 200 https://registry.npmjs.org/undici-types 402ms (cache revalidated)
479 silly packumentCache full:https://registry.npmjs.org/undici-types set size:241517 disposed:false
480 silly placeDep ROOT undici-types@8.3.0 OK for: @types/node@26.1.1 want: ~8.3.0
481 silly placeDep node_modules/socket.io-adapter debug@4.4.3 OK for: socket.io-adapter@2.5.8 want: ~4.4.1
482 silly placeDep ROOT @socket.io/component-emitter@3.1.2 OK for: socket.io-parser@4.2.7 want: ~3.1.0
483 silly placeDep node_modules/socket.io-parser debug@4.4.3 OK for: socket.io-parser@4.2.7 want: ~4.4.1
484 silly placeDep ROOT media-typer@0.3.0 OK for: type-is@1.6.18 want: 0.3.0
485 silly placeDep node_modules/engine.io ms@2.1.3 OK for: debug@4.4.3 want: ^2.1.3
486 silly placeDep node_modules/socket.io-adapter ms@2.1.3 OK for: debug@4.4.3 want: ^2.1.3
487 silly placeDep node_modules/socket.io-parser ms@2.1.3 OK for: debug@4.4.3 want: ^2.1.3
488 silly placeDep node_modules/socket.io ms@2.1.3 OK for: debug@4.4.3 want: ^2.1.3
489 silly reify moves {}
490 silly audit bulk request {
490 silly audit   cors: [ '2.8.6' ],
490 silly audit   dotenv: [ '17.4.2' ],
490 silly audit   express: [ '4.18.2' ],
490 silly audit   'socket.io': [ '4.8.3' ],
490 silly audit   'object-assign': [ '4.1.1' ],
490 silly audit   vary: [ '1.1.2' ],
490 silly audit   accepts: [ '1.3.8' ],
490 silly audit   'array-flatten': [ '1.1.1' ],
490 silly audit   'body-parser': [ '1.20.1' ],
490 silly audit   'content-disposition': [ '0.5.4' ],
490 silly audit   'content-type': [ '1.0.5' ],
490 silly audit   cookie: [ '0.5.0', '0.7.2' ],
490 silly audit   'cookie-signature': [ '1.0.6' ],
490 silly audit   debug: [ '2.6.9', '4.4.3' ],
490 silly audit   depd: [ '2.0.0' ],
490 silly audit   encodeurl: [ '1.0.2' ],
490 silly audit   'escape-html': [ '1.0.3' ],
490 silly audit   etag: [ '1.8.1' ],
490 silly audit   finalhandler: [ '1.2.0' ],
490 silly audit   fresh: [ '0.5.2' ],
490 silly audit   'http-errors': [ '2.0.0' ],
490 silly audit   'merge-descriptors': [ '1.0.1' ],
490 silly audit   methods: [ '1.1.2' ],
490 silly audit   'on-finished': [ '2.4.1' ],
490 silly audit   parseurl: [ '1.3.3' ],
490 silly audit   'path-to-regexp': [ '0.1.7' ],
490 silly audit   'proxy-addr': [ '2.0.7' ],
490 silly audit   qs: [ '6.11.0' ],
490 silly audit   'range-parser': [ '1.2.1' ],
490 silly audit   'safe-buffer': [ '5.2.1' ],
490 silly audit   send: [ '0.18.0' ],
490 silly audit   'serve-static': [ '1.15.0' ],
490 silly audit   setprototypeof: [ '1.2.0' ],
490 silly audit   statuses: [ '2.0.1' ],
490 silly audit   'type-is': [ '1.6.18' ],
490 silly audit   'utils-merge': [ '1.0.1' ],
490 silly audit   'mime-types': [ '2.1.35' ],
490 silly audit   negotiator: [ '0.6.3' ],
490 silly audit   bytes: [ '3.1.2' ],
490 silly audit   destroy: [ '1.2.0' ],
490 silly audit   'iconv-lite': [ '0.4.24' ],
490 silly audit   'raw-body': [ '2.5.1' ],
490 silly audit   unpipe: [ '1.0.0' ],
490 silly audit   ms: [ '2.0.0', '2.1.3' ],
490 silly audit   inherits: [ '2.0.4' ],
490 silly audit   toidentifier: [ '1.0.1' ],
490 silly audit   'safer-buffer': [ '2.1.2' ],
490 silly audit   'mime-db': [ '1.52.0' ],
490 silly audit   'ee-first': [ '1.1.1' ],
490 silly audit   forwarded: [ '0.2.0' ],
490 silly audit   'ipaddr.js': [ '1.9.1' ],
490 silly audit   'side-channel': [ '1.1.1' ],
490 silly audit   mime: [ '1.6.0' ],
490 silly audit   'es-errors': [ '1.3.0' ],
490 silly audit   'object-inspect': [ '1.13.4' ],
490 silly audit   'side-channel-list': [ '1.0.1' ],
490 silly audit   'side-channel-map': [ '1.0.1' ],
490 silly audit   'side-channel-weakmap': [ '1.0.2' ],
490 silly audit   'call-bound': [ '1.0.4' ],
490 silly audit   'get-intrinsic': [ '1.3.0' ],
490 silly audit   'call-bind-apply-helpers': [ '1.0.2' ],
490 silly audit   'function-bind': [ '1.1.2' ],
490 silly audit   'es-define-property': [ '1.0.1' ],
490 silly audit   'es-object-atoms': [ '1.1.2' ],
490 silly audit   'get-proto': [ '1.0.1' ],
490 silly audit   gopd: [ '1.2.0' ],
490 silly audit   'has-symbols': [ '1.1.0' ],
490 silly audit   hasown: [ '2.0.4' ],
490 silly audit   'math-intrinsics': [ '1.1.0' ],
490 silly audit   'dunder-proto': [ '1.0.1' ],
490 silly audit   base64id: [ '2.0.0' ],
490 silly audit   'engine.io': [ '6.6.9' ],
490 silly audit   'socket.io-adapter': [ '2.5.8' ],
490 silly audit   'socket.io-parser': [ '4.2.7' ],
490 silly audit   '@types/cors': [ '2.8.19' ],
490 silly audit   '@types/node': [ '26.1.1' ],
490 silly audit   '@types/ws': [ '8.18.1' ],
490 silly audit   'engine.io-parser': [ '5.2.3' ],
490 silly audit   ws: [ '8.21.1' ],
490 silly audit   'undici-types': [ '8.3.0' ],
490 silly audit   '@socket.io/component-emitter': [ '3.1.2' ],
490 silly audit   'media-typer': [ '0.3.0' ]
490 silly audit }
491 http cache media-typer@https://registry.npmjs.org/media-typer/-/media-typer-0.3.0.tgz 0ms (cache hit)
492 http cache @socket.io/component-emitter@https://registry.npmjs.org/@socket.io/component-emitter/-/component-emitter-3.1.2.tgz 0ms (cache hit)
493 http cache ws@https://registry.npmjs.org/ws/-/ws-8.21.1.tgz 0ms (cache hit)
494 http cache engine.io-parser@https://registry.npmjs.org/engine.io-parser/-/engine.io-parser-5.2.3.tgz 0ms (cache hit)
495 http cache @types/ws@https://registry.npmjs.org/@types/ws/-/ws-8.18.1.tgz 0ms (cache hit)
496 http cache @types/node@https://registry.npmjs.org/@types/node/-/node-26.1.1.tgz 0ms (cache hit)
497 http cache @types/cors@https://registry.npmjs.org/@types/cors/-/cors-2.8.19.tgz 0ms (cache hit)
498 http cache socket.io-parser@https://registry.npmjs.org/socket.io-parser/-/socket.io-parser-4.2.7.tgz 0ms (cache hit)
499 http cache socket.io-adapter@https://registry.npmjs.org/socket.io-adapter/-/socket.io-adapter-2.5.8.tgz 0ms (cache hit)
500 http cache engine.io@https://registry.npmjs.org/engine.io/-/engine.io-6.6.9.tgz 0ms (cache hit)
501 http cache undici-types@https://registry.npmjs.org/undici-types/-/undici-types-8.3.0.tgz 0ms (cache hit)
502 http cache dunder-proto@https://registry.npmjs.org/dunder-proto/-/dunder-proto-1.0.1.tgz 0ms (cache hit)
503 http cache hasown@https://registry.npmjs.org/hasown/-/hasown-2.0.4.tgz 0ms (cache hit)
504 http cache has-symbols@https://registry.npmjs.org/has-symbols/-/has-symbols-1.1.0.tgz 0ms (cache hit)
505 http cache gopd@https://registry.npmjs.org/gopd/-/gopd-1.2.0.tgz 0ms (cache hit)
506 http cache es-object-atoms@https://registry.npmjs.org/es-object-atoms/-/es-object-atoms-1.1.2.tgz 0ms (cache hit)
507 http cache es-define-property@https://registry.npmjs.org/es-define-property/-/es-define-property-1.0.1.tgz 0ms (cache hit)
508 http cache function-bind@https://registry.npmjs.org/function-bind/-/function-bind-1.1.2.tgz 0ms (cache hit)
509 http cache call-bind-apply-helpers@https://registry.npmjs.org/call-bind-apply-helpers/-/call-bind-apply-helpers-1.0.2.tgz 0ms (cache hit)
510 http cache get-intrinsic@https://registry.npmjs.org/get-intrinsic/-/get-intrinsic-1.3.0.tgz 0ms (cache hit)
511 http cache call-bound@https://registry.npmjs.org/call-bound/-/call-bound-1.0.4.tgz 0ms (cache hit)
512 http cache side-channel-weakmap@https://registry.npmjs.org/side-channel-weakmap/-/side-channel-weakmap-1.0.2.tgz 0ms (cache hit)
513 http cache math-intrinsics@https://registry.npmjs.org/math-intrinsics/-/math-intrinsics-1.1.0.tgz 0ms (cache hit)
514 http cache side-channel-map@https://registry.npmjs.org/side-channel-map/-/side-channel-map-1.0.1.tgz 0ms (cache hit)
515 http cache object-inspect@https://registry.npmjs.org/object-inspect/-/object-inspect-1.13.4.tgz 0ms (cache hit)
516 http cache es-errors@https://registry.npmjs.org/es-errors/-/es-errors-1.3.0.tgz 0ms (cache hit)
517 http cache base64id@https://registry.npmjs.org/base64id/-/base64id-2.0.0.tgz 0ms (cache hit)
518 http cache side-channel-list@https://registry.npmjs.org/side-channel-list/-/side-channel-list-1.0.1.tgz 0ms (cache hit)
519 http cache get-proto@https://registry.npmjs.org/get-proto/-/get-proto-1.0.1.tgz 0ms (cache hit)
520 http cache forwarded@https://registry.npmjs.org/forwarded/-/forwarded-0.2.0.tgz 0ms (cache hit)
521 http cache mime@https://registry.npmjs.org/mime/-/mime-1.6.0.tgz 0ms (cache hit)
522 http cache ee-first@https://registry.npmjs.org/ee-first/-/ee-first-1.1.1.tgz 0ms (cache hit)
523 http cache safer-buffer@https://registry.npmjs.org/safer-buffer/-/safer-buffer-2.1.2.tgz 0ms (cache hit)
524 http cache toidentifier@https://registry.npmjs.org/toidentifier/-/toidentifier-1.0.1.tgz 0ms (cache hit)
525 http cache inherits@https://registry.npmjs.org/inherits/-/inherits-2.0.4.tgz 0ms (cache hit)
526 http cache side-channel@https://registry.npmjs.org/side-channel/-/side-channel-1.1.1.tgz 0ms (cache hit)
527 http cache ms@https://registry.npmjs.org/ms/-/ms-2.0.0.tgz 0ms (cache hit)
528 http cache ipaddr.js@https://registry.npmjs.org/ipaddr.js/-/ipaddr.js-1.9.1.tgz 0ms (cache hit)
529 http cache raw-body@https://registry.npmjs.org/raw-body/-/raw-body-2.5.1.tgz 0ms (cache hit)
530 http cache mime-db@https://registry.npmjs.org/mime-db/-/mime-db-1.52.0.tgz 0ms (cache hit)
531 http cache unpipe@https://registry.npmjs.org/unpipe/-/unpipe-1.0.0.tgz 0ms (cache hit)
532 http cache iconv-lite@https://registry.npmjs.org/iconv-lite/-/iconv-lite-0.4.24.tgz 0ms (cache hit)
533 http cache bytes@https://registry.npmjs.org/bytes/-/bytes-3.1.2.tgz 0ms (cache hit)
534 http cache negotiator@https://registry.npmjs.org/negotiator/-/negotiator-0.6.3.tgz 0ms (cache hit)
535 http cache mime-types@https://registry.npmjs.org/mime-types/-/mime-types-2.1.35.tgz 0ms (cache hit)
536 http cache utils-merge@https://registry.npmjs.org/utils-merge/-/utils-merge-1.0.1.tgz 0ms (cache hit)
537 http cache type-is@https://registry.npmjs.org/type-is/-/type-is-1.6.18.tgz 0ms (cache hit)
538 http cache statuses@https://registry.npmjs.org/statuses/-/statuses-2.0.1.tgz 0ms (cache hit)
539 http cache setprototypeof@https://registry.npmjs.org/setprototypeof/-/setprototypeof-1.2.0.tgz 0ms (cache hit)
540 http cache serve-static@https://registry.npmjs.org/serve-static/-/serve-static-1.15.0.tgz 0ms (cache hit)
541 http cache send@https://registry.npmjs.org/send/-/send-0.18.0.tgz 0ms (cache hit)
542 http cache safe-buffer@https://registry.npmjs.org/safe-buffer/-/safe-buffer-5.2.1.tgz 0ms (cache hit)
543 http cache destroy@https://registry.npmjs.org/destroy/-/destroy-1.2.0.tgz 0ms (cache hit)
544 http cache range-parser@https://registry.npmjs.org/range-parser/-/range-parser-1.2.1.tgz 0ms (cache hit)
545 http cache qs@https://registry.npmjs.org/qs/-/qs-6.11.0.tgz 0ms (cache hit)
546 http cache proxy-addr@https://registry.npmjs.org/proxy-addr/-/proxy-addr-2.0.7.tgz 0ms (cache hit)
547 http cache parseurl@https://registry.npmjs.org/parseurl/-/parseurl-1.3.3.tgz 0ms (cache hit)
548 http cache on-finished@https://registry.npmjs.org/on-finished/-/on-finished-2.4.1.tgz 0ms (cache hit)
549 http cache path-to-regexp@https://registry.npmjs.org/path-to-regexp/-/path-to-regexp-0.1.7.tgz 0ms (cache hit)
550 http cache methods@https://registry.npmjs.org/methods/-/methods-1.1.2.tgz 0ms (cache hit)
551 http cache merge-descriptors@https://registry.npmjs.org/merge-descriptors/-/merge-descriptors-1.0.1.tgz 0ms (cache hit)
552 http cache http-errors@https://registry.npmjs.org/http-errors/-/http-errors-2.0.0.tgz 0ms (cache hit)
553 http cache finalhandler@https://registry.npmjs.org/finalhandler/-/finalhandler-1.2.0.tgz 0ms (cache hit)
554 http cache fresh@https://registry.npmjs.org/fresh/-/fresh-0.5.2.tgz 0ms (cache hit)
555 http cache etag@https://registry.npmjs.org/etag/-/etag-1.8.1.tgz 0ms (cache hit)
556 http cache escape-html@https://registry.npmjs.org/escape-html/-/escape-html-1.0.3.tgz 0ms (cache hit)
557 http cache encodeurl@https://registry.npmjs.org/encodeurl/-/encodeurl-1.0.2.tgz 0ms (cache hit)
558 http cache depd@https://registry.npmjs.org/depd/-/depd-2.0.0.tgz 1ms (cache hit)
559 http cache debug@https://registry.npmjs.org/debug/-/debug-2.6.9.tgz 0ms (cache hit)
560 http cache cookie-signature@https://registry.npmjs.org/cookie-signature/-/cookie-signature-1.0.6.tgz 0ms (cache hit)
561 http cache cookie@https://registry.npmjs.org/cookie/-/cookie-0.5.0.tgz 0ms (cache hit)
562 http cache content-type@https://registry.npmjs.org/content-type/-/content-type-1.0.5.tgz 0ms (cache hit)
563 http cache content-disposition@https://registry.npmjs.org/content-disposition/-/content-disposition-0.5.4.tgz 0ms (cache hit)
564 http cache body-parser@https://registry.npmjs.org/body-parser/-/body-parser-1.20.1.tgz 0ms (cache hit)
565 http cache array-flatten@https://registry.npmjs.org/array-flatten/-/array-flatten-1.1.1.tgz 0ms (cache hit)
566 http cache accepts@https://registry.npmjs.org/accepts/-/accepts-1.3.8.tgz 0ms (cache hit)
567 http cache vary@https://registry.npmjs.org/vary/-/vary-1.1.2.tgz 1ms (cache hit)
568 http cache object-assign@https://registry.npmjs.org/object-assign/-/object-assign-4.1.1.tgz 0ms (cache hit)
569 http cache socket.io@https://registry.npmjs.org/socket.io/-/socket.io-4.8.3.tgz 0ms (cache hit)
570 http cache express@https://registry.npmjs.org/express/-/express-4.18.2.tgz 0ms (cache hit)
571 http cache cors@https://registry.npmjs.org/cors/-/cors-2.8.6.tgz 0ms (cache hit)
572 http cache ms@https://registry.npmjs.org/ms/-/ms-2.1.3.tgz 0ms (cache hit)
573 http cache debug@https://registry.npmjs.org/debug/-/debug-4.4.3.tgz 0ms (cache hit)
574 http cache ms@https://registry.npmjs.org/ms/-/ms-2.1.3.tgz 0ms (cache hit)
575 http cache ms@https://registry.npmjs.org/ms/-/ms-2.1.3.tgz 0ms (cache hit)
576 http cache dotenv@https://registry.npmjs.org/dotenv/-/dotenv-17.4.2.tgz 0ms (cache hit)
577 http cache debug@https://registry.npmjs.org/debug/-/debug-4.4.3.tgz 0ms (cache hit)
578 http cache cookie@https://registry.npmjs.org/cookie/-/cookie-0.7.2.tgz 0ms (cache hit)
579 http cache debug@https://registry.npmjs.org/debug/-/debug-4.4.3.tgz 0ms (cache hit)
580 http cache ms@https://registry.npmjs.org/ms/-/ms-2.1.3.tgz 0ms (cache hit)
581 http cache ms@https://registry.npmjs.org/ms/-/ms-2.1.3.tgz 0ms (cache hit)
582 http cache debug@https://registry.npmjs.org/debug/-/debug-4.4.3.tgz 0ms (cache hit)
583 silly tarball no local data for raw-body@https://registry.npmjs.org/raw-body/-/raw-body-2.5.1.tgz. Extracting by manifest.
584 silly tarball no local data for statuses@https://registry.npmjs.org/statuses/-/statuses-2.0.1.tgz. Extracting by manifest.
585 silly tarball no local data for serve-static@https://registry.npmjs.org/serve-static/-/serve-static-1.15.0.tgz. Extracting by manifest.
586 silly tarball no local data for send@https://registry.npmjs.org/send/-/send-0.18.0.tgz. Extracting by manifest.
587 silly tarball no local data for qs@https://registry.npmjs.org/qs/-/qs-6.11.0.tgz. Extracting by manifest.
588 silly tarball no local data for path-to-regexp@https://registry.npmjs.org/path-to-regexp/-/path-to-regexp-0.1.7.tgz. Extracting by manifest.
589 silly tarball no local data for merge-descriptors@https://registry.npmjs.org/merge-descriptors/-/merge-descriptors-1.0.1.tgz. Extracting by manifest.
590 silly tarball no local data for http-errors@https://registry.npmjs.org/http-errors/-/http-errors-2.0.0.tgz. Extracting by manifest.
591 silly tarball no local data for finalhandler@https://registry.npmjs.org/finalhandler/-/finalhandler-1.2.0.tgz. Extracting by manifest.
592 silly tarball no local data for encodeurl@https://registry.npmjs.org/encodeurl/-/encodeurl-1.0.2.tgz. Extracting by manifest.
593 silly tarball no local data for cookie-signature@https://registry.npmjs.org/cookie-signature/-/cookie-signature-1.0.6.tgz. Extracting by manifest.
594 silly tarball no local data for cookie@https://registry.npmjs.org/cookie/-/cookie-0.5.0.tgz. Extracting by manifest.
595 silly tarball no local data for body-parser@https://registry.npmjs.org/body-parser/-/body-parser-1.20.1.tgz. Extracting by manifest.
596 silly tarball no local data for express@https://registry.npmjs.org/express/-/express-4.18.2.tgz. Extracting by manifest.
597 http fetch POST 200 https://registry.npmjs.org/-/npm/v1/security/advisories/bulk 680ms
598 silly audit report {
598 silly audit report   express: [
598 silly audit report     {
598 silly audit report       id: 1100530,
598 silly audit report       url: 'https://github.com/advisories/GHSA-qw6h-vgh9-j6wx',
598 silly audit report       title: 'express vulnerable to XSS via response.redirect()',
598 silly audit report       severity: 'low',
598 silly audit report       vulnerable_versions: '<4.20.0',
598 silly audit report       cwe: [Array],
598 silly audit report       cvss: [Object]
598 silly audit report     },
598 silly audit report     {
598 silly audit report       id: 1111636,
598 silly audit report       url: 'https://github.com/advisories/GHSA-rv95-896h-c2vc',
598 silly audit report       title: 'Express.js Open Redirect in malformed URLs',
598 silly audit report       severity: 'moderate',
598 silly audit report       vulnerable_versions: '<4.19.2',
598 silly audit report       cwe: [Array],
598 silly audit report       cvss: [Object]
598 silly audit report     }
598 silly audit report   ],
598 silly audit report   'body-parser': [
598 silly audit report     {
598 silly audit report       id: 1099520,
598 silly audit report       url: 'https://github.com/advisories/GHSA-qwcr-r2fm-qrc7',
598 silly audit report       title: 'body-parser vulnerable to denial of service when url encoding is enabled',
598 silly audit report       severity: 'high',
598 silly audit report       vulnerable_versions: '<1.20.3',
598 silly audit report       cwe: [Array],
598 silly audit report       cvss: [Object]
598 silly audit report     }
598 silly audit report   ],
598 silly audit report   cookie: [
598 silly audit report     {
598 silly audit report       id: 1103907,
598 silly audit report       url: 'https://github.com/advisories/GHSA-pxg6-pf52-xh8x',
598 silly audit report       title: 'cookie accepts cookie name, path, and domain with out of bounds characters',
598 silly audit report       severity: 'low',
598 silly audit report       vulnerable_versions: '<0.7.0',
598 silly audit report       cwe: [Array],
598 silly audit report       cvss: [Object]
598 silly audit report     }
598 silly audit report   ],
598 silly audit report   'path-to-regexp': [
598 silly audit report     {
598 silly audit report       id: 1101850,
598 silly audit report       url: 'https://github.com/advisories/GHSA-9wv6-86v2-598j',
598 silly audit report       title: 'path-to-regexp outputs backtracking regular expressions',
598 silly audit report       severity: 'high',
598 silly audit report       vulnerable_versions: '<0.1.10',
598 silly audit report       cwe: [Array],
598 silly audit report       cvss: [Object]
598 silly audit report     },
598 silly audit report     {
598 silly audit report       id: 1105199,
598 silly audit report       url: 'https://github.com/advisories/GHSA-rhx6-c78j-4q9w',
598 silly audit report       title: 'path-to-regexp contains a ReDoS',
598 silly audit report       severity: 'high',
598 silly audit report       vulnerable_versions: '<0.1.12',
598 silly audit report       cwe: [Array],
598 silly audit report       cvss: [Object]
598 silly audit report     },
598 silly audit report     {
598 silly audit report       id: 1115527,
598 silly audit report       url: 'https://github.com/advisories/GHSA-37ch-88jc-xwx2',
598 silly audit report       title: 'path-to-regexp vulnerable to Regular Expression Denial of Service via multiple route parameters',
598 silly audit report       severity: 'high',
598 silly audit report       vulnerable_versions: '<0.1.13',
598 silly audit report       cwe: [Array],
598 silly audit report       cvss: [Object]
598 silly audit report     }
598 silly audit report   ],
598 silly audit report   qs: [
598 silly audit report     {
598 silly audit report       id: 1113161,
598 silly audit report       url: 'https://github.com/advisories/GHSA-w7fw-mjwx-w883',
598 silly audit report       title: "qs's arrayLimit bypass in comma parsing allows denial of service",
598 silly audit report       severity: 'low',
598 silly audit report       vulnerable_versions: '>=6.7.0 <=6.14.1',
598 silly audit report       cwe: [Array],
598 silly audit report       cvss: [Object]
598 silly audit report     },
598 silly audit report     {
598 silly audit report       id: 1113719,
598 silly audit report       url: 'https://github.com/advisories/GHSA-6rw7-vpxm-498p',
598 silly audit report       title: "qs's arrayLimit bypass in its bracket notation allows DoS via memory exhaustion",
598 silly audit report       severity: 'moderate',
598 silly audit report       vulnerable_versions: '<6.14.1',
598 silly audit report       cwe: [Array],
598 silly audit report       cvss: [Object]
598 silly audit report     }
598 silly audit report   ],
598 silly audit report   send: [
598 silly audit report     {
598 silly audit report       id: 1109556,
598 silly audit report       url: 'https://github.com/advisories/GHSA-m6fv-jmcg-4jfg',
598 silly audit report       title: 'send vulnerable to template injection that can lead to XSS',
598 silly audit report       severity: 'low',
598 silly audit report       vulnerable_versions: '<0.19.0',
598 silly audit report       cwe: [Array],
598 silly audit report       cvss: [Object]
598 silly audit report     }
598 silly audit report   ],
598 silly audit report   'serve-static': [
598 silly audit report     {
598 silly audit report       id: 1100528,
598 silly audit report       url: 'https://github.com/advisories/GHSA-cm22-4g7w-348p',
598 silly audit report       title: 'serve-static vulnerable to template injection that can lead to XSS',
598 silly audit report       severity: 'low',
598 silly audit report       vulnerable_versions: '<1.16.0',
598 silly audit report       cwe: [Array],
598 silly audit report       cvss: [Object]
598 silly audit report     }
598 silly audit report   ]
598 silly audit report }
599 silly packumentCache corgi:https://registry.npmjs.org/express cache-miss
600 silly packumentCache corgi:https://registry.npmjs.org/body-parser cache-miss
601 silly packumentCache corgi:https://registry.npmjs.org/cookie cache-miss
602 silly packumentCache corgi:https://registry.npmjs.org/path-to-regexp cache-miss
603 silly packumentCache corgi:https://registry.npmjs.org/qs cache-miss
604 silly packumentCache corgi:https://registry.npmjs.org/send cache-miss
605 silly packumentCache corgi:https://registry.npmjs.org/serve-static cache-miss
606 http fetch GET 200 https://registry.npmjs.org/path-to-regexp/-/path-to-regexp-0.1.7.tgz 798ms (cache miss)
607 http fetch GET 200 https://registry.npmjs.org/statuses/-/statuses-2.0.1.tgz 813ms (cache miss)
608 http fetch GET 200 https://registry.npmjs.org/raw-body/-/raw-body-2.5.1.tgz 834ms (cache miss)
609 http fetch GET 200 https://registry.npmjs.org/serve-static/-/serve-static-1.15.0.tgz 842ms (cache miss)
610 http fetch GET 200 https://registry.npmjs.org/send/-/send-0.18.0.tgz 869ms (cache miss)
611 http fetch GET 200 https://registry.npmjs.org/merge-descriptors/-/merge-descriptors-1.0.1.tgz 864ms (cache miss)
612 http fetch GET 200 https://registry.npmjs.org/encodeurl/-/encodeurl-1.0.2.tgz 904ms (cache miss)
613 http fetch GET 200 https://registry.npmjs.org/cookie-signature/-/cookie-signature-1.0.6.tgz 907ms (cache miss)
614 http fetch GET 200 https://registry.npmjs.org/http-errors/-/http-errors-2.0.0.tgz 923ms (cache miss)
615 http fetch GET 200 https://registry.npmjs.org/finalhandler/-/finalhandler-1.2.0.tgz 920ms (cache miss)
616 http fetch GET 200 https://registry.npmjs.org/cookie/-/cookie-0.5.0.tgz 933ms (cache miss)
617 http fetch GET 200 https://registry.npmjs.org/path-to-regexp 557ms (cache miss)
618 silly packumentCache corgi:https://registry.npmjs.org/path-to-regexp set size:undefined disposed:false
619 http fetch GET 200 https://registry.npmjs.org/cookie 574ms (cache miss)
620 silly packumentCache corgi:https://registry.npmjs.org/cookie set size:undefined disposed:false
621 http fetch GET 200 https://registry.npmjs.org/send 593ms (cache miss)
622 silly packumentCache corgi:https://registry.npmjs.org/send set size:undefined disposed:false
623 http fetch GET 200 https://registry.npmjs.org/body-parser 621ms (cache miss)
624 silly packumentCache corgi:https://registry.npmjs.org/body-parser set size:undefined disposed:false
625 http fetch GET 200 https://registry.npmjs.org/serve-static 626ms (cache miss)
626 silly packumentCache corgi:https://registry.npmjs.org/serve-static set size:undefined disposed:false
627 http fetch GET 200 https://registry.npmjs.org/body-parser/-/body-parser-1.20.1.tgz 1069ms (cache miss)
628 http fetch GET 200 https://registry.npmjs.org/qs 659ms (cache miss)
629 silly packumentCache corgi:https://registry.npmjs.org/qs set size:undefined disposed:false
630 http fetch GET 200 https://registry.npmjs.org/qs/-/qs-6.11.0.tgz 1133ms (cache miss)
631 http fetch GET 200 https://registry.npmjs.org/express 706ms (cache miss)
632 silly packumentCache corgi:https://registry.npmjs.org/express set size:undefined disposed:false
633 http fetch GET 200 https://registry.npmjs.org/express/-/express-4.18.2.tgz 1252ms (cache miss)
634 silly ADD node_modules/media-typer
635 silly ADD node_modules/@socket.io/component-emitter
636 silly ADD node_modules/undici-types
637 silly ADD node_modules/ws
638 silly ADD node_modules/engine.io-parser
639 silly ADD node_modules/@types/ws
640 silly ADD node_modules/@types/node
641 silly ADD node_modules/@types/cors
642 silly ADD node_modules/socket.io-parser
643 silly ADD node_modules/socket.io-parser/node_modules/ms
644 silly ADD node_modules/socket.io-parser/node_modules/debug
645 silly ADD node_modules/socket.io-adapter
646 silly ADD node_modules/socket.io-adapter/node_modules/ms
647 silly ADD node_modules/socket.io-adapter/node_modules/debug
648 silly ADD node_modules/engine.io
649 silly ADD node_modules/engine.io/node_modules/ms
650 silly ADD node_modules/engine.io/node_modules/debug
651 silly ADD node_modules/engine.io/node_modules/cookie
652 silly ADD node_modules/base64id
653 silly ADD node_modules/dunder-proto
654 silly ADD node_modules/math-intrinsics
655 silly ADD node_modules/hasown
656 silly ADD node_modules/has-symbols
657 silly ADD node_modules/gopd
658 silly ADD node_modules/get-proto
659 silly ADD node_modules/es-object-atoms
660 silly ADD node_modules/es-define-property
661 silly ADD node_modules/function-bind
662 silly ADD node_modules/call-bind-apply-helpers
663 silly ADD node_modules/get-intrinsic
664 silly ADD node_modules/call-bound
665 silly ADD node_modules/side-channel-weakmap
666 silly ADD node_modules/side-channel-map
667 silly ADD node_modules/side-channel-list
668 silly ADD node_modules/object-inspect
669 silly ADD node_modules/es-errors
670 silly ADD node_modules/mime
671 silly ADD node_modules/side-channel
672 silly ADD node_modules/ipaddr.js
673 silly ADD node_modules/forwarded
674 silly ADD node_modules/ee-first
675 silly ADD node_modules/mime-db
676 silly ADD node_modules/safer-buffer
677 silly ADD node_modules/toidentifier
678 silly ADD node_modules/inherits
679 silly ADD node_modules/ms
680 silly ADD node_modules/unpipe
681 silly ADD node_modules/raw-body
682 silly ADD node_modules/iconv-lite
683 silly ADD node_modules/destroy
684 silly ADD node_modules/bytes
685 silly ADD node_modules/negotiator
686 silly ADD node_modules/mime-types
687 silly ADD node_modules/utils-merge
688 silly ADD node_modules/type-is
689 silly ADD node_modules/statuses
690 silly ADD node_modules/setprototypeof
691 silly ADD node_modules/serve-static
692 silly ADD node_modules/send
693 silly ADD node_modules/send/node_modules/ms
694 silly ADD node_modules/safe-buffer
695 silly ADD node_modules/range-parser
696 silly ADD node_modules/qs
697 silly ADD node_modules/proxy-addr
698 silly ADD node_modules/path-to-regexp
699 silly ADD node_modules/parseurl
700 silly ADD node_modules/on-finished
701 silly ADD node_modules/methods
702 silly ADD node_modules/merge-descriptors
703 silly ADD node_modules/http-errors
704 silly ADD node_modules/fresh
705 silly ADD node_modules/finalhandler
706 silly ADD node_modules/etag
707 silly ADD node_modules/escape-html
708 silly ADD node_modules/encodeurl
709 silly ADD node_modules/depd
710 silly ADD node_modules/debug
711 silly ADD node_modules/cookie-signature
712 silly ADD node_modules/cookie
713 silly ADD node_modules/content-type
714 silly ADD node_modules/content-disposition
715 silly ADD node_modules/body-parser
716 silly ADD node_modules/array-flatten
717 silly ADD node_modules/accepts
718 silly ADD node_modules/vary
719 silly ADD node_modules/object-assign
720 silly ADD node_modules/socket.io
721 silly ADD node_modules/socket.io/node_modules/ms
722 silly ADD node_modules/socket.io/node_modules/debug
723 silly ADD node_modules/express
724 silly ADD node_modules/dotenv
725 silly ADD node_modules/cors
726 verbose cwd /data/data/com.termux/files/home/masti-tok
727 verbose os Linux 6.6.89-android15-8-o-g59160d8212a5-4k
728 verbose node v26.4.0
729 verbose npm  v11.18.0
730 verbose exit 0
731 info ok
