0 verbose cli /data/data/com.termux/files/usr/bin/node /data/data/com.termux/files/usr/bin/npm
1 info using npm@11.18.0
2 info using node@v26.4.0
3 silly config load:file:/data/data/com.termux/files/usr/lib/node_modules/npm/npmrc
4 silly config load:file:/data/data/com.termux/files/home/masti-tok/.npmrc
5 silly config load:file:/data/data/com.termux/files/home/.npmrc
6 silly config load:file:/data/data/com.termux/files/usr/etc/npmrc
7 verbose title npm init
8 verbose argv "init" "--yes"
9 verbose logfile logs-max:10 dir:/data/data/com.termux/files/home/.npm/_logs/2026-07-20T22_53_27_364Z-
10 verbose logfile /data/data/com.termux/files/home/.npm/_logs/2026-07-20T22_53_27_364Z-debug-0.log
11 silly logfile start cleaning logs, removing 1 files
12 silly logfile done cleaning log files
13 silly package data {
13 silly package data   name: 'masti-tok',
13 silly package data   version: '1.0.0',
13 silly package data   description: '',
13 silly package data   main: 'index.js',
13 silly package data   scripts: {
13 silly package data     test: 'echo "Error: no test specified" && exit 1',
13 silly package data     start: 'node server.js'
13 silly package data   },
13 silly package data   keywords: [],
13 silly package data   author: '',
13 silly package data   license: 'ISC',
13 silly package data   type: 'commonjs',
13 silly package data   dependencies: {
13 silly package data     cors: '^2.8.6',
13 silly package data     dotenv: '^17.4.2',
13 silly package data     express: '^5.2.1',
13 silly package data     'socket.io': '^4.8.3'
13 silly package data   },
13 silly package data   Symbol(newline): '\n',
13 silly package data   Symbol(indent): '  '
13 silly package data }
14 verbose cwd /data/data/com.termux/files/home/masti-tok
15 verbose os Linux 6.6.89-android15-8-o-g59160d8212a5-4k
16 verbose node v26.4.0
17 verbose npm  v11.18.0
18 verbose exit 0
19 info ok
