0 verbose cli /data/data/com.termux/files/usr/bin/node /data/data/com.termux/files/usr/bin/npm
1 info using npm@11.18.0
2 info using node@v26.4.0
3 silly config load:file:/data/data/com.termux/files/usr/lib/node_modules/npm/npmrc
4 silly config load:file:/data/data/com.termux/files/home/masti-tok/.npmrc
5 silly config load:file:/data/data/com.termux/files/home/.npmrc
6 silly config load:file:/data/data/com.termux/files/usr/etc/npmrc
7 verbose title npm install express socket.io cors dotenv
8 verbose argv "install" "express" "socket.io" "cors" "dotenv"
9 verbose logfile logs-max:10 dir:/data/data/com.termux/files/home/.npm/_logs/2026-07-20T22_39_02_315Z-
10 verbose logfile /data/data/com.termux/files/home/.npm/_logs/2026-07-20T22_39_02_315Z-debug-0.log
11 silly logfile start cleaning logs, removing 1 files
12 silly logfile done cleaning log files
13 silly packumentCache heap:1174405120 maxSize:293601280 maxEntrySize:146800640
14 silly idealTree buildDeps
15 silly fetch manifest express@*
16 silly packumentCache full:https://registry.npmjs.org/express cache-miss
17 http cache https://registry.npmjs.org/express 72ms (cache hit)
18 silly packumentCache full:https://registry.npmjs.org/express set size:804956 disposed:false
19 silly fetch manifest socket.io@*
20 silly packumentCache full:https://registry.npmjs.org/socket.io cache-miss
21 http cache https://registry.npmjs.org/socket.io 15ms (cache hit)
22 silly packumentCache full:https://registry.npmjs.org/socket.io set size:379231 disposed:false
23 silly fetch manifest cors@*
24 silly packumentCache full:https://registry.npmjs.org/cors cache-miss
25 http cache https://registry.npmjs.org/cors 35ms (cache hit)
26 silly packumentCache full:https://registry.npmjs.org/cors set size:77956 disposed:false
27 silly fetch manifest dotenv@*
28 silly packumentCache full:https://registry.npmjs.org/dotenv cache-miss
29 http cache https://registry.npmjs.org/dotenv 13ms (cache hit)
30 silly packumentCache full:https://registry.npmjs.org/dotenv set size:277802 disposed:false
31 silly placeDep ROOT cors@2.8.6 OK for: masti-tok@1.0.0 want: *
32 silly placeDep ROOT dotenv@17.4.2 OK for: masti-tok@1.0.0 want: *
33 silly placeDep ROOT express@5.2.1 OK for: masti-tok@1.0.0 want: *
34 silly placeDep ROOT socket.io@4.8.3 OK for: masti-tok@1.0.0 want: *
35 silly fetch manifest object-assign@^4
36 silly packumentCache full:https://registry.npmjs.org/object-assign cache-miss
37 silly fetch manifest vary@^1
38 silly packumentCache full:https://registry.npmjs.org/vary cache-miss
39 silly fetch manifest qs@^6.14.0
40 silly packumentCache full:https://registry.npmjs.org/qs cache-miss
41 silly fetch manifest depd@^2.0.0
42 silly packumentCache full:https://registry.npmjs.org/depd cache-miss
43 silly fetch manifest etag@^1.8.1
44 silly packumentCache full:https://registry.npmjs.org/etag cache-miss
45 silly fetch manifest once@^1.4.0
46 silly packumentCache full:https://registry.npmjs.org/once cache-miss
47 silly fetch manifest send@^1.1.0
48 silly packumentCache full:https://registry.npmjs.org/send cache-miss
49 http cache https://registry.npmjs.org/vary 35ms (cache hit)
50 silly packumentCache full:https://registry.npmjs.org/vary set size:15994 disposed:false
51 silly fetch manifest vary@^1.1.2
52 silly packumentCache full:https://registry.npmjs.org/vary cache-hit
53 silly fetch manifest debug@^4.4.0
54 silly packumentCache full:https://registry.npmjs.org/debug cache-miss
55 http cache https://registry.npmjs.org/qs 43ms (cache hit)
56 silly packumentCache full:https://registry.npmjs.org/qs set size:360318 disposed:false
57 silly fetch manifest fresh@^2.0.0
58 silly packumentCache full:https://registry.npmjs.org/fresh cache-miss
59 http cache https://registry.npmjs.org/depd 64ms (cache hit)
60 silly packumentCache full:https://registry.npmjs.org/depd set size:40182 disposed:false
61 silly fetch manifest cookie@^0.7.1
62 silly packumentCache full:https://registry.npmjs.org/cookie cache-miss
63 http cache https://registry.npmjs.org/etag 69ms (cache hit)
64 silly packumentCache full:https://registry.npmjs.org/etag set size:30032 disposed:false
65 silly fetch manifest router@^2.2.0
66 silly packumentCache full:https://registry.npmjs.org/router cache-miss
67 http cache https://registry.npmjs.org/once 73ms (cache hit)
68 silly packumentCache full:https://registry.npmjs.org/once set size:11752 disposed:false
69 silly fetch manifest accepts@^2.0.0
70 silly packumentCache full:https://registry.npmjs.org/accepts cache-miss
71 http cache https://registry.npmjs.org/object-assign 86ms (cache hit)
72 silly packumentCache full:https://registry.npmjs.org/object-assign set size:28988 disposed:false
73 silly fetch manifest type-is@^2.0.1
74 silly packumentCache full:https://registry.npmjs.org/type-is cache-miss
75 http cache https://registry.npmjs.org/send 83ms (cache hit)
76 silly packumentCache full:https://registry.npmjs.org/send set size:152810 disposed:false
77 silly fetch manifest parseurl@^1.3.3
78 silly packumentCache full:https://registry.npmjs.org/parseurl cache-miss
79 http cache https://registry.npmjs.org/fresh 53ms (cache hit)
80 silly packumentCache full:https://registry.npmjs.org/fresh set size:25427 disposed:false
81 silly fetch manifest statuses@^2.0.1
82 silly packumentCache full:https://registry.npmjs.org/statuses cache-miss
83 http cache https://registry.npmjs.org/debug 83ms (cache hit)
84 silly packumentCache full:https://registry.npmjs.org/debug set size:195840 disposed:false
85 silly fetch manifest encodeurl@^2.0.0
86 silly packumentCache full:https://registry.npmjs.org/encodeurl cache-miss
87 http cache https://registry.npmjs.org/cookie 70ms (cache hit)
88 silly packumentCache full:https://registry.npmjs.org/cookie set size:78274 disposed:false
89 silly fetch manifest mime-types@^3.0.0
90 silly packumentCache full:https://registry.npmjs.org/mime-types cache-miss
91 http cache https://registry.npmjs.org/router 74ms (cache hit)
92 silly packumentCache full:https://registry.npmjs.org/router set size:116499 disposed:false
93 silly fetch manifest proxy-addr@^2.0.7
94 silly packumentCache full:https://registry.npmjs.org/proxy-addr cache-miss
95 http cache https://registry.npmjs.org/parseurl 64ms (cache hit)
96 silly packumentCache full:https://registry.npmjs.org/parseurl set size:24148 disposed:false
97 silly fetch manifest body-parser@^2.2.1
98 silly packumentCache full:https://registry.npmjs.org/body-parser cache-miss
99 http cache https://registry.npmjs.org/accepts 85ms (cache hit)
100 silly packumentCache full:https://registry.npmjs.org/accepts set size:77054 disposed:false
101 silly fetch manifest escape-html@^1.0.3
102 silly packumentCache full:https://registry.npmjs.org/escape-html cache-miss
103 http cache https://registry.npmjs.org/type-is 88ms (cache hit)
104 silly packumentCache full:https://registry.npmjs.org/type-is set size:88614 disposed:false
105 silly fetch manifest http-errors@^2.0.0
106 silly packumentCache full:https://registry.npmjs.org/http-errors cache-miss
107 http cache https://registry.npmjs.org/statuses 96ms (cache hit)
108 silly packumentCache full:https://registry.npmjs.org/statuses set size:37117 disposed:false
109 silly fetch manifest on-finished@^2.4.1
110 silly packumentCache full:https://registry.npmjs.org/on-finished cache-miss
111 http cache https://registry.npmjs.org/mime-types 74ms (cache hit)
112 silly packumentCache full:https://registry.npmjs.org/mime-types set size:139110 disposed:false
113 silly fetch manifest content-type@^1.0.5
114 silly packumentCache full:https://registry.npmjs.org/content-type cache-miss
115 http cache https://registry.npmjs.org/encodeurl 96ms (cache hit)
116 silly packumentCache full:https://registry.npmjs.org/encodeurl set size:12296 disposed:false
117 silly fetch manifest finalhandler@^2.1.0
118 silly packumentCache full:https://registry.npmjs.org/finalhandler cache-miss
119 http cache https://registry.npmjs.org/proxy-addr 76ms (cache hit)
120 silly packumentCache full:https://registry.npmjs.org/proxy-addr set size:61619 disposed:false
121 silly fetch manifest range-parser@^1.2.1
122 silly packumentCache full:https://registry.npmjs.org/range-parser cache-miss
123 http cache https://registry.npmjs.org/escape-html 69ms (cache hit)
124 silly packumentCache full:https://registry.npmjs.org/escape-html set size:7345 disposed:false
125 silly fetch manifest serve-static@^2.2.0
126 silly packumentCache full:https://registry.npmjs.org/serve-static cache-miss
127 http cache https://registry.npmjs.org/http-errors 65ms (cache hit)
128 silly packumentCache full:https://registry.npmjs.org/http-errors set size:71987 disposed:false
129 silly fetch manifest cookie-signature@^1.2.1
130 silly packumentCache full:https://registry.npmjs.org/cookie-signature cache-miss
131 http cache https://registry.npmjs.org/body-parser 88ms (cache hit)
132 silly packumentCache full:https://registry.npmjs.org/body-parser set size:204544 disposed:false
133 silly fetch manifest merge-descriptors@^2.0.0
134 silly packumentCache full:https://registry.npmjs.org/merge-descriptors cache-miss
135 http cache https://registry.npmjs.org/content-type 53ms (cache hit)
136 silly packumentCache full:https://registry.npmjs.org/content-type set size:18994 disposed:false
137 silly fetch manifest content-disposition@^1.0.0
138 silly packumentCache full:https://registry.npmjs.org/content-disposition cache-miss
139 http cache https://registry.npmjs.org/cookie-signature 38ms (cache hit)
140 silly packumentCache full:https://registry.npmjs.org/cookie-signature set size:21777 disposed:false
141 silly fetch manifest accepts@~1.3.4
142 silly packumentCache full:https://registry.npmjs.org/accepts cache-hit
143 silly fetch manifest base64id@~2.0.0
144 silly packumentCache full:https://registry.npmjs.org/base64id cache-miss
145 http cache https://registry.npmjs.org/finalhandler 62ms (cache hit)
146 silly packumentCache full:https://registry.npmjs.org/finalhandler set size:79291 disposed:false
147 silly fetch manifest debug@~4.4.1
148 silly packumentCache full:https://registry.npmjs.org/debug cache-hit
149 silly fetch manifest engine.io@~6.6.0
150 silly packumentCache full:https://registry.npmjs.org/engine.io cache-miss
151 http cache https://registry.npmjs.org/range-parser 64ms (cache hit)
152 silly packumentCache full:https://registry.npmjs.org/range-parser set size:24852 disposed:false
153 silly fetch manifest socket.io-adapter@~2.5.2
154 silly packumentCache full:https://registry.npmjs.org/socket.io-adapter cache-miss
155 http cache https://registry.npmjs.org/on-finished 88ms (cache hit)
156 silly packumentCache full:https://registry.npmjs.org/on-finished set size:23212 disposed:false
157 silly fetch manifest socket.io-parser@~4.2.4
158 silly packumentCache full:https://registry.npmjs.org/socket.io-parser cache-miss
159 http cache https://registry.npmjs.org/merge-descriptors 51ms (cache hit)
160 silly packumentCache full:https://registry.npmjs.org/merge-descriptors set size:16527 disposed:false
161 http cache https://registry.npmjs.org/serve-static 76ms (cache hit)
162 silly packumentCache full:https://registry.npmjs.org/serve-static set size:150391 disposed:false
163 http cache https://registry.npmjs.org/content-disposition 59ms (cache hit)
164 silly packumentCache full:https://registry.npmjs.org/content-disposition set size:42862 disposed:false
165 http cache https://registry.npmjs.org/engine.io 48ms (cache hit)
166 silly packumentCache full:https://registry.npmjs.org/engine.io set size:396042 disposed:false
167 http cache https://registry.npmjs.org/socket.io-parser 55ms (cache hit)
168 silly packumentCache full:https://registry.npmjs.org/socket.io-parser set size:130849 disposed:false
169 http cache https://registry.npmjs.org/base64id 80ms (cache hit)
170 silly packumentCache full:https://registry.npmjs.org/base64id set size:6136 disposed:false
171 http cache https://registry.npmjs.org/socket.io-adapter 70ms (cache hit)
172 silly packumentCache full:https://registry.npmjs.org/socket.io-adapter set size:71138 disposed:false
173 silly placeDep ROOT object-assign@4.1.1 OK for: cors@2.8.6 want: ^4
174 silly placeDep ROOT vary@1.1.2 OK for: cors@2.8.6 want: ^1
175 silly placeDep ROOT accepts@2.0.0 OK for: express@5.2.1 want: ^2.0.0
176 silly placeDep ROOT body-parser@2.3.0 OK for: express@5.2.1 want: ^2.2.1
177 silly placeDep ROOT content-disposition@1.1.0 OK for: express@5.2.1 want: ^1.0.0
178 silly placeDep ROOT content-type@1.0.5 OK for: express@5.2.1 want: ^1.0.5
179 silly placeDep ROOT cookie@0.7.2 OK for: express@5.2.1 want: ^0.7.1
180 silly placeDep ROOT cookie-signature@1.2.2 OK for: express@5.2.1 want: ^1.2.1
181 silly placeDep ROOT debug@4.4.3 OK for: express@5.2.1 want: ^4.4.0
182 silly placeDep ROOT depd@2.0.0 OK for: express@5.2.1 want: ^2.0.0
183 silly placeDep ROOT encodeurl@2.0.0 OK for: express@5.2.1 want: ^2.0.0
184 silly placeDep ROOT escape-html@1.0.3 OK for: express@5.2.1 want: ^1.0.3
185 silly placeDep ROOT etag@1.8.1 OK for: express@5.2.1 want: ^1.8.1
186 silly placeDep ROOT finalhandler@2.1.1 OK for: express@5.2.1 want: ^2.1.0
187 silly placeDep ROOT fresh@2.0.0 OK for: express@5.2.1 want: ^2.0.0
188 silly placeDep ROOT http-errors@2.0.1 OK for: express@5.2.1 want: ^2.0.0
189 silly placeDep ROOT merge-descriptors@2.0.0 OK for: express@5.2.1 want: ^2.0.0
190 silly placeDep ROOT mime-types@3.0.2 OK for: express@5.2.1 want: ^3.0.0
191 silly placeDep ROOT on-finished@2.4.1 OK for: express@5.2.1 want: ^2.4.1
192 silly placeDep ROOT once@1.4.0 OK for: express@5.2.1 want: ^1.4.0
193 silly placeDep ROOT parseurl@1.3.3 OK for: express@5.2.1 want: ^1.3.3
194 silly placeDep ROOT proxy-addr@2.0.7 OK for: express@5.2.1 want: ^2.0.7
195 silly placeDep ROOT qs@6.15.3 OK for: express@5.2.1 want: ^6.14.0
196 silly placeDep ROOT range-parser@1.3.0 OK for: express@5.2.1 want: ^1.2.1
197 silly placeDep ROOT router@2.2.0 OK for: express@5.2.1 want: ^2.2.0
198 silly placeDep ROOT send@1.2.1 OK for: express@5.2.1 want: ^1.1.0
199 silly placeDep ROOT serve-static@2.2.1 OK for: express@5.2.1 want: ^2.2.0
200 silly placeDep ROOT statuses@2.0.2 OK for: express@5.2.1 want: ^2.0.1
201 silly placeDep ROOT type-is@2.1.0 OK for: express@5.2.1 want: ^2.0.1
202 silly fetch manifest negotiator@^1.0.0
203 silly packumentCache full:https://registry.npmjs.org/negotiator cache-miss
204 silly fetch manifest qs@^6.15.2
205 silly packumentCache full:https://registry.npmjs.org/qs cache-hit
206 silly fetch manifest bytes@^3.1.2
207 silly packumentCache full:https://registry.npmjs.org/bytes cache-miss
208 silly fetch manifest debug@^4.4.3
209 silly packumentCache full:https://registry.npmjs.org/debug cache-hit
210 silly fetch manifest type-is@^2.1.0
211 silly packumentCache full:https://registry.npmjs.org/type-is cache-hit
212 silly fetch manifest raw-body@^3.0.2
213 silly packumentCache full:https://registry.npmjs.org/raw-body cache-miss
214 silly fetch manifest iconv-lite@^0.7.2
215 silly packumentCache full:https://registry.npmjs.org/iconv-lite cache-miss
216 silly fetch manifest http-errors@^2.0.1
217 silly packumentCache full:https://registry.npmjs.org/http-errors cache-hit
218 silly fetch manifest content-type@^2.0.0
219 silly packumentCache full:https://registry.npmjs.org/content-type cache-hit
220 silly fetch manifest ms@^2.1.3
221 silly packumentCache full:https://registry.npmjs.org/ms cache-miss
222 silly fetch manifest inherits@~2.0.4
223 silly packumentCache full:https://registry.npmjs.org/inherits cache-miss
224 silly fetch manifest setprototypeof@~1.2.0
225 silly packumentCache full:https://registry.npmjs.org/setprototypeof cache-miss
226 http cache https://registry.npmjs.org/bytes 41ms (cache hit)
227 silly packumentCache full:https://registry.npmjs.org/bytes set size:37018 disposed:false
228 silly fetch manifest statuses@~2.0.2
229 silly packumentCache full:https://registry.npmjs.org/statuses cache-hit
230 silly fetch manifest toidentifier@~1.0.1
231 silly packumentCache full:https://registry.npmjs.org/toidentifier cache-miss
232 http cache https://registry.npmjs.org/raw-body 48ms (cache hit)
233 silly packumentCache full:https://registry.npmjs.org/raw-body set size:120042 disposed:false
234 silly fetch manifest mime-db@^1.54.0
235 silly packumentCache full:https://registry.npmjs.org/mime-db cache-miss
236 http cache https://registry.npmjs.org/ms 50ms (cache hit)
237 silly packumentCache full:https://registry.npmjs.org/ms set size:92208 disposed:false
238 silly fetch manifest ee-first@1.1.1
239 silly packumentCache full:https://registry.npmjs.org/ee-first cache-miss
240 http cache https://registry.npmjs.org/negotiator 76ms (cache hit)
241 silly packumentCache full:https://registry.npmjs.org/negotiator set size:48046 disposed:false
242 silly fetch manifest wrappy@1
243 silly packumentCache full:https://registry.npmjs.org/wrappy cache-miss
244 http cache https://registry.npmjs.org/inherits 62ms (cache hit)
245 silly packumentCache full:https://registry.npmjs.org/inherits set size:12925 disposed:false
246 silly fetch manifest forwarded@0.2.0
247 silly packumentCache full:https://registry.npmjs.org/forwarded cache-miss
248 http cache https://registry.npmjs.org/setprototypeof 64ms (cache hit)
249 silly packumentCache full:https://registry.npmjs.org/setprototypeof set size:14532 disposed:false
250 silly fetch manifest ipaddr.js@1.9.1
251 silly packumentCache full:https://registry.npmjs.org/ipaddr.js cache-miss
252 http cache https://registry.npmjs.org/iconv-lite 80ms (cache hit)
253 silly packumentCache full:https://registry.npmjs.org/iconv-lite set size:126462 disposed:false
254 silly fetch manifest side-channel@^1.1.1
255 silly packumentCache full:https://registry.npmjs.org/side-channel cache-miss
256 http cache https://registry.npmjs.org/toidentifier 59ms (cache hit)
257 silly packumentCache full:https://registry.npmjs.org/toidentifier set size:12006 disposed:false
258 silly fetch manifest es-define-property@^1.0.1
259 silly packumentCache full:https://registry.npmjs.org/es-define-property cache-miss
260 http cache https://registry.npmjs.org/mime-db 59ms (cache hit)
261 silly packumentCache full:https://registry.npmjs.org/mime-db set size:164953 disposed:false
262 silly fetch manifest is-promise@^4.0.0
263 silly packumentCache full:https://registry.npmjs.org/is-promise cache-miss
264 http cache https://registry.npmjs.org/ee-first 62ms (cache hit)
265 silly packumentCache full:https://registry.npmjs.org/ee-first set size:15327 disposed:false
266 silly fetch manifest path-to-regexp@^8.0.0
267 silly packumentCache full:https://registry.npmjs.org/path-to-regexp cache-miss
268 http cache https://registry.npmjs.org/forwarded 56ms (cache hit)
269 silly packumentCache full:https://registry.npmjs.org/forwarded set size:11229 disposed:false
270 silly fetch manifest statuses@^2.0.2
271 silly packumentCache full:https://registry.npmjs.org/statuses cache-hit
272 silly fetch manifest media-typer@^1.1.0
273 silly packumentCache full:https://registry.npmjs.org/media-typer cache-miss
274 http cache https://registry.npmjs.org/side-channel 51ms (cache hit)
275 silly packumentCache full:https://registry.npmjs.org/side-channel set size:27650 disposed:false
276 http cache https://registry.npmjs.org/wrappy 74ms (cache hit)
277 silly packumentCache full:https://registry.npmjs.org/wrappy set size:7682 disposed:false
278 http cache https://registry.npmjs.org/ipaddr.js 68ms (cache hit)
279 silly packumentCache full:https://registry.npmjs.org/ipaddr.js set size:69549 disposed:false
280 http cache https://registry.npmjs.org/is-promise 42ms (cache hit)
281 silly packumentCache full:https://registry.npmjs.org/is-promise set size:18599 disposed:false
282 http cache https://registry.npmjs.org/es-define-property 55ms (cache hit)
283 silly packumentCache full:https://registry.npmjs.org/es-define-property set size:8542 disposed:false
284 http cache https://registry.npmjs.org/path-to-regexp 40ms (cache hit)
285 silly packumentCache full:https://registry.npmjs.org/path-to-regexp set size:216334 disposed:false
286 http cache https://registry.npmjs.org/media-typer 44ms (cache hit)
287 silly packumentCache full:https://registry.npmjs.org/media-typer set size:22678 disposed:false
288 silly placeDep ROOT negotiator@1.0.0 OK for: accepts@2.0.0 want: ^1.0.0
289 silly placeDep ROOT bytes@3.1.2 OK for: body-parser@2.3.0 want: ^3.1.2
290 silly placeDep node_modules/body-parser content-type@2.0.0 OK for: body-parser@2.3.0 want: ^2.0.0
291 silly placeDep ROOT iconv-lite@0.7.3 OK for: body-parser@2.3.0 want: ^0.7.2
292 silly placeDep ROOT raw-body@3.0.2 OK for: body-parser@2.3.0 want: ^3.0.2
293 silly fetch manifest safer-buffer@>= 2.1.2 < 3.0.0
294 silly packumentCache full:https://registry.npmjs.org/safer-buffer cache-miss
295 silly fetch manifest unpipe@~1.0.0
296 silly packumentCache full:https://registry.npmjs.org/unpipe cache-miss
297 http cache https://registry.npmjs.org/safer-buffer 31ms (cache hit)
298 silly packumentCache full:https://registry.npmjs.org/safer-buffer set size:18521 disposed:false
299 http cache https://registry.npmjs.org/unpipe 31ms (cache hit)
300 silly packumentCache full:https://registry.npmjs.org/unpipe set size:3609 disposed:false
301 silly placeDep ROOT ms@2.1.3 OK for: debug@4.4.3 want: ^2.1.3
302 silly placeDep ROOT inherits@2.0.4 OK for: http-errors@2.0.1 want: ~2.0.4
303 silly placeDep ROOT setprototypeof@1.2.0 OK for: http-errors@2.0.1 want: ~1.2.0
304 silly placeDep ROOT toidentifier@1.0.1 OK for: http-errors@2.0.1 want: ~1.0.1
305 silly placeDep ROOT safer-buffer@2.1.2 OK for: iconv-lite@0.7.3 want: >= 2.1.2 < 3.0.0
306 silly placeDep ROOT mime-db@1.54.0 OK for: mime-types@3.0.2 want: ^1.54.0
307 silly placeDep ROOT ee-first@1.1.1 OK for: on-finished@2.4.1 want: 1.1.1
308 silly placeDep ROOT wrappy@1.0.2 OK for: once@1.4.0 want: 1
309 silly placeDep ROOT forwarded@0.2.0 OK for: proxy-addr@2.0.7 want: 0.2.0
310 silly placeDep ROOT ipaddr.js@1.9.1 OK for: proxy-addr@2.0.7 want: 1.9.1
311 silly placeDep ROOT es-define-property@1.0.1 OK for: qs@6.15.3 want: ^1.0.1
312 silly placeDep ROOT side-channel@1.1.1 OK for: qs@6.15.3 want: ^1.1.1
313 silly fetch manifest es-errors@^1.3.0
314 silly packumentCache full:https://registry.npmjs.org/es-errors cache-miss
315 silly fetch manifest object-inspect@^1.13.4
316 silly packumentCache full:https://registry.npmjs.org/object-inspect cache-miss
317 silly fetch manifest side-channel-list@^1.0.1
318 silly packumentCache full:https://registry.npmjs.org/side-channel-list cache-miss
319 silly fetch manifest side-channel-map@^1.0.1
320 silly packumentCache full:https://registry.npmjs.org/side-channel-map cache-miss
321 silly fetch manifest side-channel-weakmap@^1.0.2
322 silly packumentCache full:https://registry.npmjs.org/side-channel-weakmap cache-miss
323 http cache https://registry.npmjs.org/side-channel-list 20ms (cache hit)
324 silly packumentCache full:https://registry.npmjs.org/side-channel-list set size:9021 disposed:false
325 http cache https://registry.npmjs.org/side-channel-map 22ms (cache hit)
326 silly packumentCache full:https://registry.npmjs.org/side-channel-map set size:9126 disposed:false
327 http cache https://registry.npmjs.org/es-errors 30ms (cache hit)
328 silly packumentCache full:https://registry.npmjs.org/es-errors set size:16918 disposed:false
329 http cache https://registry.npmjs.org/object-inspect 35ms (cache hit)
330 silly packumentCache full:https://registry.npmjs.org/object-inspect set size:101912 disposed:false
331 http cache https://registry.npmjs.org/side-channel-weakmap 36ms (cache hit)
332 silly packumentCache full:https://registry.npmjs.org/side-channel-weakmap set size:12620 disposed:false
333 silly placeDep ROOT unpipe@1.0.0 OK for: raw-body@3.0.2 want: ~1.0.0
334 silly placeDep ROOT is-promise@4.0.0 OK for: router@2.2.0 want: ^4.0.0
335 silly placeDep ROOT path-to-regexp@8.4.2 OK for: router@2.2.0 want: ^8.0.0
336 silly placeDep ROOT es-errors@1.3.0 OK for: side-channel@1.1.1 want: ^1.3.0
337 silly placeDep ROOT object-inspect@1.13.4 OK for: side-channel@1.1.1 want: ^1.13.4
338 silly placeDep ROOT side-channel-list@1.0.1 OK for: side-channel@1.1.1 want: ^1.0.1
339 silly placeDep ROOT side-channel-map@1.0.1 OK for: side-channel@1.1.1 want: ^1.0.1
340 silly placeDep ROOT side-channel-weakmap@1.0.2 OK for: side-channel@1.1.1 want: ^1.0.2
341 silly fetch manifest call-bound@^1.0.2
342 silly packumentCache full:https://registry.npmjs.org/call-bound cache-miss
343 silly fetch manifest get-intrinsic@^1.2.5
344 silly packumentCache full:https://registry.npmjs.org/get-intrinsic cache-miss
345 silly fetch manifest call-bound@^1.0.2
346 silly packumentCache full:https://registry.npmjs.org/call-bound cache-miss
347 silly fetch manifest get-intrinsic@^1.2.5
348 silly packumentCache full:https://registry.npmjs.org/get-intrinsic cache-miss
349 http cache https://registry.npmjs.org/call-bound 16ms (cache hit)
350 silly packumentCache full:https://registry.npmjs.org/call-bound set size:15317 disposed:false
351 http cache https://registry.npmjs.org/get-intrinsic 26ms (cache hit)
352 silly packumentCache full:https://registry.npmjs.org/get-intrinsic set size:60985 disposed:false
353 http cache https://registry.npmjs.org/get-intrinsic 32ms (cache hit)
354 silly packumentCache full:https://registry.npmjs.org/get-intrinsic set size:60985 disposed:false
355 silly packumentCache full:https://registry.npmjs.org/get-intrinsic dispose
356 http cache https://registry.npmjs.org/call-bound 37ms (cache hit)
357 silly packumentCache full:https://registry.npmjs.org/call-bound set size:15317 disposed:false
358 silly packumentCache full:https://registry.npmjs.org/call-bound dispose
359 silly placeDep ROOT call-bound@1.0.4 OK for: side-channel-map@1.0.1 want: ^1.0.2
360 silly placeDep ROOT get-intrinsic@1.3.0 OK for: side-channel-map@1.0.1 want: ^1.2.5
361 silly fetch manifest call-bind-apply-helpers@^1.0.2
362 silly packumentCache full:https://registry.npmjs.org/call-bind-apply-helpers cache-miss
363 silly fetch manifest get-intrinsic@^1.3.0
364 silly packumentCache full:https://registry.npmjs.org/get-intrinsic cache-hit
365 silly fetch manifest gopd@^1.2.0
366 silly packumentCache full:https://registry.npmjs.org/gopd cache-miss
367 silly fetch manifest hasown@^2.0.2
368 silly packumentCache full:https://registry.npmjs.org/hasown cache-miss
369 silly fetch manifest get-proto@^1.0.1
370 silly packumentCache full:https://registry.npmjs.org/get-proto cache-miss
371 silly fetch manifest has-symbols@^1.1.0
372 silly packumentCache full:https://registry.npmjs.org/has-symbols cache-miss
373 silly fetch manifest function-bind@^1.1.2
374 silly packumentCache full:https://registry.npmjs.org/function-bind cache-miss
375 silly fetch manifest es-object-atoms@^1.1.1
376 silly packumentCache full:https://registry.npmjs.org/es-object-atoms cache-miss
377 http cache https://registry.npmjs.org/get-proto 22ms (cache hit)
378 silly packumentCache full:https://registry.npmjs.org/get-proto set size:8300 disposed:false
379 silly fetch manifest math-intrinsics@^1.1.0
380 silly packumentCache full:https://registry.npmjs.org/math-intrinsics cache-miss
381 http cache https://registry.npmjs.org/gopd 32ms (cache hit)
382 silly packumentCache full:https://registry.npmjs.org/gopd set size:11483 disposed:false
383 silly fetch manifest call-bind-apply-helpers@^1.0.2
384 silly packumentCache full:https://registry.npmjs.org/call-bind-apply-helpers cache-miss
385 http cache https://registry.npmjs.org/function-bind 32ms (cache hit)
386 silly packumentCache full:https://registry.npmjs.org/function-bind set size:15733 disposed:false
387 http cache https://registry.npmjs.org/has-symbols 38ms (cache hit)
388 silly packumentCache full:https://registry.npmjs.org/has-symbols set size:21550 disposed:false
389 http cache https://registry.npmjs.org/es-object-atoms 37ms (cache hit)
390 silly packumentCache full:https://registry.npmjs.org/es-object-atoms set size:18278 disposed:false
391 http cache https://registry.npmjs.org/hasown 48ms (cache hit)
392 silly packumentCache full:https://registry.npmjs.org/hasown set size:18361 disposed:false
393 http cache https://registry.npmjs.org/call-bind-apply-helpers 60ms (cache hit)
394 silly packumentCache full:https://registry.npmjs.org/call-bind-apply-helpers set size:12744 disposed:false
395 http cache https://registry.npmjs.org/math-intrinsics 72ms (cache hit)
396 silly packumentCache full:https://registry.npmjs.org/math-intrinsics set size:9265 disposed:false
397 http cache https://registry.npmjs.org/call-bind-apply-helpers 67ms (cache hit)
398 silly packumentCache full:https://registry.npmjs.org/call-bind-apply-helpers set size:12744 disposed:false
399 silly packumentCache full:https://registry.npmjs.org/call-bind-apply-helpers dispose
400 silly placeDep ROOT call-bind-apply-helpers@1.0.2 OK for: call-bound@1.0.4 want: ^1.0.2
401 silly placeDep ROOT function-bind@1.1.2 OK for: call-bind-apply-helpers@1.0.2 want: ^1.1.2
402 silly placeDep ROOT es-object-atoms@1.1.2 OK for: get-intrinsic@1.3.0 want: ^1.1.1
403 silly placeDep ROOT get-proto@1.0.1 OK for: get-intrinsic@1.3.0 want: ^1.0.1
404 silly placeDep ROOT gopd@1.2.0 OK for: get-intrinsic@1.3.0 want: ^1.2.0
405 silly placeDep ROOT has-symbols@1.1.0 OK for: get-intrinsic@1.3.0 want: ^1.1.0
406 silly placeDep ROOT hasown@2.0.4 OK for: get-intrinsic@1.3.0 want: ^2.0.2
407 silly placeDep ROOT math-intrinsics@1.1.0 OK for: get-intrinsic@1.3.0 want: ^1.1.0
408 silly fetch manifest dunder-proto@^1.0.1
409 silly packumentCache full:https://registry.npmjs.org/dunder-proto cache-miss
410 http cache https://registry.npmjs.org/dunder-proto 9ms (cache hit)
411 silly packumentCache full:https://registry.npmjs.org/dunder-proto set size:8256 disposed:false
412 silly placeDep ROOT dunder-proto@1.0.1 OK for: get-proto@1.0.1 want: ^1.0.1
413 silly placeDep node_modules/socket.io accepts@1.3.8 OK for: socket.io@4.8.3 want: ~1.3.4
414 silly placeDep ROOT base64id@2.0.0 OK for: socket.io@4.8.3 want: ~2.0.0
415 silly placeDep ROOT engine.io@6.6.9 OK for: socket.io@4.8.3 want: ~6.6.0
416 silly placeDep ROOT socket.io-adapter@2.5.8 OK for: socket.io@4.8.3 want: ~2.5.2
417 silly placeDep ROOT socket.io-parser@4.2.7 OK for: socket.io@4.8.3 want: ~4.2.4
418 silly fetch manifest mime-types@~2.1.34
419 silly packumentCache full:https://registry.npmjs.org/mime-types cache-hit
420 silly fetch manifest negotiator@0.6.3
421 silly packumentCache full:https://registry.npmjs.org/negotiator cache-hit
422 silly fetch manifest ws@~8.21.0
423 silly packumentCache full:https://registry.npmjs.org/ws cache-miss
424 silly fetch manifest @types/ws@^8.5.12
425 silly packumentCache full:https://registry.npmjs.org/@types%2fws cache-miss
426 silly fetch manifest @types/cors@^2.8.12
427 silly packumentCache full:https://registry.npmjs.org/@types%2fcors cache-miss
428 silly fetch manifest @types/node@>=10.0.0
429 silly packumentCache full:https://registry.npmjs.org/@types%2fnode cache-miss
430 silly fetch manifest engine.io-parser@~5.2.1
431 silly packumentCache full:https://registry.npmjs.org/engine.io-parser cache-miss
432 silly fetch manifest ws@~8.21.0
433 silly packumentCache full:https://registry.npmjs.org/ws cache-miss
434 silly fetch manifest @socket.io/component-emitter@~3.1.0
435 silly packumentCache full:https://registry.npmjs.org/@socket.io%2fcomponent-emitter cache-miss
436 http cache https://registry.npmjs.org/@types%2fws 40ms (cache hit)
437 silly packumentCache full:https://registry.npmjs.org/@types%2fws set size:167959 disposed:false
438 http cache https://registry.npmjs.org/@types%2fcors 47ms (cache hit)
439 silly packumentCache full:https://registry.npmjs.org/@types%2fcors set size:56991 disposed:false
440 http cache https://registry.npmjs.org/ws 57ms (cache hit)
441 silly packumentCache full:https://registry.npmjs.org/ws set size:426890 disposed:false
442 http cache https://registry.npmjs.org/@socket.io%2fcomponent-emitter 59ms (cache hit)
443 silly packumentCache full:https://registry.npmjs.org/@socket.io%2fcomponent-emitter set size:14099 disposed:false
444 http cache https://registry.npmjs.org/engine.io-parser 66ms (cache hit)
445 silly packumentCache full:https://registry.npmjs.org/engine.io-parser set size:116455 disposed:false
446 http cache https://registry.npmjs.org/ws 72ms (cache hit)
447 silly packumentCache full:https://registry.npmjs.org/ws set size:426890 disposed:false
448 silly packumentCache full:https://registry.npmjs.org/ws dispose
449 http cache https://registry.npmjs.org/@types%2fnode 120ms (cache hit)
450 silly packumentCache full:https://registry.npmjs.org/@types%2fnode set size:11080817 disposed:false
451 silly fetch manifest bufferutil@^4.0.1
452 silly packumentCache full:https://registry.npmjs.org/bufferutil cache-miss
453 http cache https://registry.npmjs.org/bufferutil 15ms (cache hit)
454 silly packumentCache full:https://registry.npmjs.org/bufferutil set size:52763 disposed:false
455 silly fetch manifest utf-8-validate@>=5.0.2
456 silly packumentCache full:https://registry.npmjs.org/utf-8-validate cache-miss
457 http cache https://registry.npmjs.org/utf-8-validate 13ms (cache hit)
458 silly packumentCache full:https://registry.npmjs.org/utf-8-validate set size:77148 disposed:false
459 silly placeDep ROOT @types/cors@2.8.19 OK for: engine.io@6.6.9 want: ^2.8.12
460 silly placeDep ROOT @types/node@26.1.1 OK for: engine.io@6.6.9 want: >=10.0.0
461 silly placeDep ROOT @types/ws@8.18.1 OK for: engine.io@6.6.9 want: ^8.5.12
462 silly placeDep node_modules/engine.io accepts@1.3.8 OK for: engine.io@6.6.9 want: ~1.3.4
463 silly placeDep ROOT engine.io-parser@5.2.3 OK for: engine.io@6.6.9 want: ~5.2.1
464 silly placeDep ROOT ws@8.21.1 OK for: engine.io@6.6.9 want: ~8.21.0
465 silly fetch manifest @types/node@*
466 silly packumentCache full:https://registry.npmjs.org/@types%2fnode cache-miss
467 silly fetch manifest undici-types@~8.3.0
468 silly packumentCache full:https://registry.npmjs.org/undici-types cache-miss
469 http cache https://registry.npmjs.org/undici-types 19ms (cache hit)
470 silly packumentCache full:https://registry.npmjs.org/undici-types set size:241517 disposed:false
471 http cache https://registry.npmjs.org/@types%2fnode 83ms (cache hit)
472 silly packumentCache full:https://registry.npmjs.org/@types%2fnode set size:11080817 disposed:false
473 silly placeDep ROOT undici-types@8.3.0 OK for: @types/node@26.1.1 want: ~8.3.0
474 silly placeDep ROOT @socket.io/component-emitter@3.1.2 OK for: socket.io-parser@4.2.7 want: ~3.1.0
475 silly placeDep node_modules/type-is content-type@2.0.0 OK for: type-is@2.1.0 want: ^2.0.0
476 silly placeDep ROOT media-typer@1.1.0 OK for: type-is@2.1.0 want: ^1.1.0
477 silly placeDep node_modules/engine.io mime-types@2.1.35 OK for: accepts@1.3.8 want: ~2.1.34
478 silly placeDep node_modules/engine.io negotiator@0.6.3 OK for: accepts@1.3.8 want: 0.6.3
479 silly fetch manifest mime-db@1.52.0
480 silly packumentCache full:https://registry.npmjs.org/mime-db cache-hit
481 silly placeDep node_modules/engine.io mime-db@1.52.0 OK for: mime-types@2.1.35 want: 1.52.0
482 silly placeDep node_modules/socket.io mime-types@2.1.35 OK for: accepts@1.3.8 want: ~2.1.34
483 silly placeDep node_modules/socket.io negotiator@0.6.3 OK for: accepts@1.3.8 want: 0.6.3
484 silly placeDep node_modules/socket.io mime-db@1.52.0 OK for: mime-types@2.1.35 want: 1.52.0
485 silly reify moves {}
486 silly audit bulk request {
486 silly audit   cors: [ '2.8.6' ],
486 silly audit   dotenv: [ '17.4.2' ],
486 silly audit   express: [ '5.2.1' ],
486 silly audit   'socket.io': [ '4.8.3' ],
486 silly audit   'object-assign': [ '4.1.1' ],
486 silly audit   vary: [ '1.1.2' ],
486 silly audit   accepts: [ '2.0.0', '1.3.8' ],
486 silly audit   'body-parser': [ '2.3.0' ],
486 silly audit   'content-disposition': [ '1.1.0' ],
486 silly audit   'content-type': [ '1.0.5', '2.0.0' ],
486 silly audit   cookie: [ '0.7.2' ],
486 silly audit   'cookie-signature': [ '1.2.2' ],
486 silly audit   debug: [ '4.4.3' ],
486 silly audit   depd: [ '2.0.0' ],
486 silly audit   encodeurl: [ '2.0.0' ],
486 silly audit   'escape-html': [ '1.0.3' ],
486 silly audit   etag: [ '1.8.1' ],
486 silly audit   finalhandler: [ '2.1.1' ],
486 silly audit   fresh: [ '2.0.0' ],
486 silly audit   'http-errors': [ '2.0.1' ],
486 silly audit   'merge-descriptors': [ '2.0.0' ],
486 silly audit   'mime-types': [ '3.0.2', '2.1.35' ],
486 silly audit   'on-finished': [ '2.4.1' ],
486 silly audit   once: [ '1.4.0' ],
486 silly audit   parseurl: [ '1.3.3' ],
486 silly audit   'proxy-addr': [ '2.0.7' ],
486 silly audit   qs: [ '6.15.3' ],
486 silly audit   'range-parser': [ '1.3.0' ],
486 silly audit   router: [ '2.2.0' ],
486 silly audit   send: [ '1.2.1' ],
486 silly audit   'serve-static': [ '2.2.1' ],
486 silly audit   statuses: [ '2.0.2' ],
486 silly audit   'type-is': [ '2.1.0' ],
486 silly audit   negotiator: [ '1.0.0', '0.6.3' ],
486 silly audit   bytes: [ '3.1.2' ],
486 silly audit   'iconv-lite': [ '0.7.3' ],
486 silly audit   'raw-body': [ '3.0.2' ],
486 silly audit   ms: [ '2.1.3' ],
486 silly audit   inherits: [ '2.0.4' ],
486 silly audit   setprototypeof: [ '1.2.0' ],
486 silly audit   toidentifier: [ '1.0.1' ],
486 silly audit   'safer-buffer': [ '2.1.2' ],
486 silly audit   'mime-db': [ '1.54.0', '1.52.0' ],
486 silly audit   'ee-first': [ '1.1.1' ],
486 silly audit   wrappy: [ '1.0.2' ],
486 silly audit   forwarded: [ '0.2.0' ],
486 silly audit   'ipaddr.js': [ '1.9.1' ],
486 silly audit   'es-define-property': [ '1.0.1' ],
486 silly audit   'side-channel': [ '1.1.1' ],
486 silly audit   unpipe: [ '1.0.0' ],
486 silly audit   'is-promise': [ '4.0.0' ],
486 silly audit   'path-to-regexp': [ '8.4.2' ],
486 silly audit   'es-errors': [ '1.3.0' ],
486 silly audit   'object-inspect': [ '1.13.4' ],
486 silly audit   'side-channel-list': [ '1.0.1' ],
486 silly audit   'side-channel-map': [ '1.0.1' ],
486 silly audit   'side-channel-weakmap': [ '1.0.2' ],
486 silly audit   'call-bound': [ '1.0.4' ],
486 silly audit   'get-intrinsic': [ '1.3.0' ],
486 silly audit   'call-bind-apply-helpers': [ '1.0.2' ],
486 silly audit   'function-bind': [ '1.1.2' ],
486 silly audit   'es-object-atoms': [ '1.1.2' ],
486 silly audit   'get-proto': [ '1.0.1' ],
486 silly audit   gopd: [ '1.2.0' ],
486 silly audit   'has-symbols': [ '1.1.0' ],
486 silly audit   hasown: [ '2.0.4' ],
486 silly audit   'math-intrinsics': [ '1.1.0' ],
486 silly audit   'dunder-proto': [ '1.0.1' ],
486 silly audit   base64id: [ '2.0.0' ],
486 silly audit   'engine.io': [ '6.6.9' ],
486 silly audit   'socket.io-adapter': [ '2.5.8' ],
486 silly audit   'socket.io-parser': [ '4.2.7' ],
486 silly audit   '@types/cors': [ '2.8.19' ],
486 silly audit   '@types/node': [ '26.1.1' ],
486 silly audit   '@types/ws': [ '8.18.1' ],
486 silly audit   'engine.io-parser': [ '5.2.3' ],
486 silly audit   ws: [ '8.21.1' ],
486 silly audit   'undici-types': [ '8.3.0' ],
486 silly audit   '@socket.io/component-emitter': [ '3.1.2' ],
486 silly audit   'media-typer': [ '1.1.0' ]
486 silly audit }
487 http cache @socket.io/component-emitter@https://registry.npmjs.org/@socket.io/component-emitter/-/component-emitter-3.1.2.tgz 0ms (cache hit)
488 http cache media-typer@https://registry.npmjs.org/media-typer/-/media-typer-1.1.0.tgz 0ms (cache hit)
489 http cache undici-types@https://registry.npmjs.org/undici-types/-/undici-types-8.3.0.tgz 0ms (cache hit)
490 http cache ws@https://registry.npmjs.org/ws/-/ws-8.21.1.tgz 0ms (cache hit)
491 http cache engine.io-parser@https://registry.npmjs.org/engine.io-parser/-/engine.io-parser-5.2.3.tgz 0ms (cache hit)
492 http cache @types/ws@https://registry.npmjs.org/@types/ws/-/ws-8.18.1.tgz 0ms (cache hit)
493 http cache @types/node@https://registry.npmjs.org/@types/node/-/node-26.1.1.tgz 0ms (cache hit)
494 http cache @types/cors@https://registry.npmjs.org/@types/cors/-/cors-2.8.19.tgz 0ms (cache hit)
495 http cache socket.io-parser@https://registry.npmjs.org/socket.io-parser/-/socket.io-parser-4.2.7.tgz 0ms (cache hit)
496 http cache engine.io@https://registry.npmjs.org/engine.io/-/engine.io-6.6.9.tgz 0ms (cache hit)
497 http cache socket.io-adapter@https://registry.npmjs.org/socket.io-adapter/-/socket.io-adapter-2.5.8.tgz 0ms (cache hit)
498 http cache base64id@https://registry.npmjs.org/base64id/-/base64id-2.0.0.tgz 0ms (cache hit)
499 http cache dunder-proto@https://registry.npmjs.org/dunder-proto/-/dunder-proto-1.0.1.tgz 0ms (cache hit)
500 http cache math-intrinsics@https://registry.npmjs.org/math-intrinsics/-/math-intrinsics-1.1.0.tgz 0ms (cache hit)
501 http cache hasown@https://registry.npmjs.org/hasown/-/hasown-2.0.4.tgz 0ms (cache hit)
502 http cache has-symbols@https://registry.npmjs.org/has-symbols/-/has-symbols-1.1.0.tgz 0ms (cache hit)
503 http cache gopd@https://registry.npmjs.org/gopd/-/gopd-1.2.0.tgz 0ms (cache hit)
504 http cache get-proto@https://registry.npmjs.org/get-proto/-/get-proto-1.0.1.tgz 0ms (cache hit)
505 http cache es-object-atoms@https://registry.npmjs.org/es-object-atoms/-/es-object-atoms-1.1.2.tgz 0ms (cache hit)
506 http cache function-bind@https://registry.npmjs.org/function-bind/-/function-bind-1.1.2.tgz 0ms (cache hit)
507 http cache get-intrinsic@https://registry.npmjs.org/get-intrinsic/-/get-intrinsic-1.3.0.tgz 0ms (cache hit)
508 http cache call-bound@https://registry.npmjs.org/call-bound/-/call-bound-1.0.4.tgz 0ms (cache hit)
509 http cache side-channel-weakmap@https://registry.npmjs.org/side-channel-weakmap/-/side-channel-weakmap-1.0.2.tgz 0ms (cache hit)
510 http cache side-channel-map@https://registry.npmjs.org/side-channel-map/-/side-channel-map-1.0.1.tgz 0ms (cache hit)
511 http cache side-channel-list@https://registry.npmjs.org/side-channel-list/-/side-channel-list-1.0.1.tgz 0ms (cache hit)
512 http cache object-inspect@https://registry.npmjs.org/object-inspect/-/object-inspect-1.13.4.tgz 0ms (cache hit)
513 http cache es-errors@https://registry.npmjs.org/es-errors/-/es-errors-1.3.0.tgz 0ms (cache hit)
514 http cache path-to-regexp@https://registry.npmjs.org/path-to-regexp/-/path-to-regexp-8.4.2.tgz 0ms (cache hit)
515 http cache is-promise@https://registry.npmjs.org/is-promise/-/is-promise-4.0.0.tgz 0ms (cache hit)
516 http cache unpipe@https://registry.npmjs.org/unpipe/-/unpipe-1.0.0.tgz 0ms (cache hit)
517 http cache side-channel@https://registry.npmjs.org/side-channel/-/side-channel-1.1.1.tgz 0ms (cache hit)
518 http cache call-bind-apply-helpers@https://registry.npmjs.org/call-bind-apply-helpers/-/call-bind-apply-helpers-1.0.2.tgz 0ms (cache hit)
519 http cache ipaddr.js@https://registry.npmjs.org/ipaddr.js/-/ipaddr.js-1.9.1.tgz 1ms (cache hit)
520 http cache es-define-property@https://registry.npmjs.org/es-define-property/-/es-define-property-1.0.1.tgz 0ms (cache hit)
521 http cache forwarded@https://registry.npmjs.org/forwarded/-/forwarded-0.2.0.tgz 0ms (cache hit)
522 http cache wrappy@https://registry.npmjs.org/wrappy/-/wrappy-1.0.2.tgz 0ms (cache hit)
523 http cache ee-first@https://registry.npmjs.org/ee-first/-/ee-first-1.1.1.tgz 0ms (cache hit)
524 http cache safer-buffer@https://registry.npmjs.org/safer-buffer/-/safer-buffer-2.1.2.tgz 0ms (cache hit)
525 http cache mime-db@https://registry.npmjs.org/mime-db/-/mime-db-1.54.0.tgz 0ms (cache hit)
526 http cache toidentifier@https://registry.npmjs.org/toidentifier/-/toidentifier-1.0.1.tgz 0ms (cache hit)
527 http cache setprototypeof@https://registry.npmjs.org/setprototypeof/-/setprototypeof-1.2.0.tgz 0ms (cache hit)
528 http cache inherits@https://registry.npmjs.org/inherits/-/inherits-2.0.4.tgz 0ms (cache hit)
529 http cache ms@https://registry.npmjs.org/ms/-/ms-2.1.3.tgz 0ms (cache hit)
530 http cache raw-body@https://registry.npmjs.org/raw-body/-/raw-body-3.0.2.tgz 0ms (cache hit)
531 http cache iconv-lite@https://registry.npmjs.org/iconv-lite/-/iconv-lite-0.7.3.tgz 0ms (cache hit)
532 http cache bytes@https://registry.npmjs.org/bytes/-/bytes-3.1.2.tgz 0ms (cache hit)
533 http cache negotiator@https://registry.npmjs.org/negotiator/-/negotiator-1.0.0.tgz 0ms (cache hit)
534 http cache type-is@https://registry.npmjs.org/type-is/-/type-is-2.1.0.tgz 0ms (cache hit)
535 http cache statuses@https://registry.npmjs.org/statuses/-/statuses-2.0.2.tgz 0ms (cache hit)
536 http cache serve-static@https://registry.npmjs.org/serve-static/-/serve-static-2.2.1.tgz 0ms (cache hit)
537 http cache send@https://registry.npmjs.org/send/-/send-1.2.1.tgz 0ms (cache hit)
538 http cache router@https://registry.npmjs.org/router/-/router-2.2.0.tgz 0ms (cache hit)
539 http cache range-parser@https://registry.npmjs.org/range-parser/-/range-parser-1.3.0.tgz 0ms (cache hit)
540 http cache qs@https://registry.npmjs.org/qs/-/qs-6.15.3.tgz 0ms (cache hit)
541 http cache proxy-addr@https://registry.npmjs.org/proxy-addr/-/proxy-addr-2.0.7.tgz 0ms (cache hit)
542 http cache parseurl@https://registry.npmjs.org/parseurl/-/parseurl-1.3.3.tgz 0ms (cache hit)
543 http cache once@https://registry.npmjs.org/once/-/once-1.4.0.tgz 0ms (cache hit)
544 http cache on-finished@https://registry.npmjs.org/on-finished/-/on-finished-2.4.1.tgz 0ms (cache hit)
545 http cache merge-descriptors@https://registry.npmjs.org/merge-descriptors/-/merge-descriptors-2.0.0.tgz 0ms (cache hit)
546 http cache mime-types@https://registry.npmjs.org/mime-types/-/mime-types-3.0.2.tgz 0ms (cache hit)
547 http cache http-errors@https://registry.npmjs.org/http-errors/-/http-errors-2.0.1.tgz 0ms (cache hit)
548 http cache fresh@https://registry.npmjs.org/fresh/-/fresh-2.0.0.tgz 0ms (cache hit)
549 http cache finalhandler@https://registry.npmjs.org/finalhandler/-/finalhandler-2.1.1.tgz 0ms (cache hit)
550 http cache escape-html@https://registry.npmjs.org/escape-html/-/escape-html-1.0.3.tgz 0ms (cache hit)
551 http cache encodeurl@https://registry.npmjs.org/encodeurl/-/encodeurl-2.0.0.tgz 0ms (cache hit)
552 http cache etag@https://registry.npmjs.org/etag/-/etag-1.8.1.tgz 0ms (cache hit)
553 http cache depd@https://registry.npmjs.org/depd/-/depd-2.0.0.tgz 0ms (cache hit)
554 http cache debug@https://registry.npmjs.org/debug/-/debug-4.4.3.tgz 0ms (cache hit)
555 http cache cookie-signature@https://registry.npmjs.org/cookie-signature/-/cookie-signature-1.2.2.tgz 0ms (cache hit)
556 http cache cookie@https://registry.npmjs.org/cookie/-/cookie-0.7.2.tgz 0ms (cache hit)
557 http cache content-type@https://registry.npmjs.org/content-type/-/content-type-1.0.5.tgz 0ms (cache hit)
558 http cache content-disposition@https://registry.npmjs.org/content-disposition/-/content-disposition-1.1.0.tgz 0ms (cache hit)
559 http cache body-parser@https://registry.npmjs.org/body-parser/-/body-parser-2.3.0.tgz 0ms (cache hit)
560 http cache accepts@https://registry.npmjs.org/accepts/-/accepts-2.0.0.tgz 0ms (cache hit)
561 http cache vary@https://registry.npmjs.org/vary/-/vary-1.1.2.tgz 0ms (cache hit)
562 http cache object-assign@https://registry.npmjs.org/object-assign/-/object-assign-4.1.1.tgz 0ms (cache hit)
563 http cache socket.io@https://registry.npmjs.org/socket.io/-/socket.io-4.8.3.tgz 0ms (cache hit)
564 http cache express@https://registry.npmjs.org/express/-/express-5.2.1.tgz 0ms (cache hit)
565 http cache dotenv@https://registry.npmjs.org/dotenv/-/dotenv-17.4.2.tgz 0ms (cache hit)
566 http cache cors@https://registry.npmjs.org/cors/-/cors-2.8.6.tgz 0ms (cache hit)
567 http cache mime-db@https://registry.npmjs.org/mime-db/-/mime-db-1.52.0.tgz 0ms (cache hit)
568 http cache negotiator@https://registry.npmjs.org/negotiator/-/negotiator-0.6.3.tgz 0ms (cache hit)
569 http cache mime-types@https://registry.npmjs.org/mime-types/-/mime-types-2.1.35.tgz 0ms (cache hit)
570 http cache accepts@https://registry.npmjs.org/accepts/-/accepts-1.3.8.tgz 0ms (cache hit)
571 http cache content-type@https://registry.npmjs.org/content-type/-/content-type-2.0.0.tgz 0ms (cache hit)
572 http cache content-type@https://registry.npmjs.org/content-type/-/content-type-2.0.0.tgz 0ms (cache hit)
573 http cache mime-db@https://registry.npmjs.org/mime-db/-/mime-db-1.52.0.tgz 0ms (cache hit)
574 http cache negotiator@https://registry.npmjs.org/negotiator/-/negotiator-0.6.3.tgz 0ms (cache hit)
575 http cache mime-types@https://registry.npmjs.org/mime-types/-/mime-types-2.1.35.tgz 0ms (cache hit)
576 http cache accepts@https://registry.npmjs.org/accepts/-/accepts-1.3.8.tgz 0ms (cache hit)
577 http fetch POST 200 https://registry.npmjs.org/-/npm/v1/security/advisories/bulk 1495ms
578 silly audit report {}
579 silly ADD node_modules/media-typer
580 silly ADD node_modules/@socket.io/component-emitter
581 silly ADD node_modules/undici-types
582 silly ADD node_modules/ws
583 silly ADD node_modules/engine.io-parser
584 silly ADD node_modules/@types/ws
585 silly ADD node_modules/@types/node
586 silly ADD node_modules/@types/cors
587 silly ADD node_modules/socket.io-parser
588 silly ADD node_modules/socket.io-adapter
589 silly ADD node_modules/engine.io
590 silly ADD node_modules/engine.io/node_modules/mime-db
591 silly ADD node_modules/engine.io/node_modules/negotiator
592 silly ADD node_modules/engine.io/node_modules/mime-types
593 silly ADD node_modules/engine.io/node_modules/accepts
594 silly ADD node_modules/base64id
595 silly ADD node_modules/dunder-proto
596 silly ADD node_modules/math-intrinsics
597 silly ADD node_modules/hasown
598 silly ADD node_modules/has-symbols
599 silly ADD node_modules/gopd
600 silly ADD node_modules/get-proto
601 silly ADD node_modules/es-object-atoms
602 silly ADD node_modules/function-bind
603 silly ADD node_modules/call-bind-apply-helpers
604 silly ADD node_modules/get-intrinsic
605 silly ADD node_modules/call-bound
606 silly ADD node_modules/side-channel-weakmap
607 silly ADD node_modules/side-channel-map
608 silly ADD node_modules/side-channel-list
609 silly ADD node_modules/object-inspect
610 silly ADD node_modules/es-errors
611 silly ADD node_modules/path-to-regexp
612 silly ADD node_modules/is-promise
613 silly ADD node_modules/unpipe
614 silly ADD node_modules/side-channel
615 silly ADD node_modules/es-define-property
616 silly ADD node_modules/ipaddr.js
617 silly ADD node_modules/forwarded
618 silly ADD node_modules/wrappy
619 silly ADD node_modules/ee-first
620 silly ADD node_modules/mime-db
621 silly ADD node_modules/safer-buffer
622 silly ADD node_modules/toidentifier
623 silly ADD node_modules/setprototypeof
624 silly ADD node_modules/inherits
625 silly ADD node_modules/ms
626 silly ADD node_modules/raw-body
627 silly ADD node_modules/iconv-lite
628 silly ADD node_modules/bytes
629 silly ADD node_modules/negotiator
630 silly ADD node_modules/type-is
631 silly ADD node_modules/type-is/node_modules/content-type
632 silly ADD node_modules/statuses
633 silly ADD node_modules/serve-static
634 silly ADD node_modules/send
635 silly ADD node_modules/router
636 silly ADD node_modules/range-parser
637 silly ADD node_modules/qs
638 silly ADD node_modules/proxy-addr
639 silly ADD node_modules/parseurl
640 silly ADD node_modules/once
641 silly ADD node_modules/on-finished
642 silly ADD node_modules/mime-types
643 silly ADD node_modules/merge-descriptors
644 silly ADD node_modules/http-errors
645 silly ADD node_modules/fresh
646 silly ADD node_modules/finalhandler
647 silly ADD node_modules/etag
648 silly ADD node_modules/escape-html
649 silly ADD node_modules/encodeurl
650 silly ADD node_modules/depd
651 silly ADD node_modules/debug
652 silly ADD node_modules/cookie-signature
653 silly ADD node_modules/cookie
654 silly ADD node_modules/content-type
655 silly ADD node_modules/content-disposition
656 silly ADD node_modules/body-parser
657 silly ADD node_modules/body-parser/node_modules/content-type
658 silly ADD node_modules/accepts
659 silly ADD node_modules/vary
660 silly ADD node_modules/object-assign
661 silly ADD node_modules/socket.io
662 silly ADD node_modules/socket.io/node_modules/mime-db
663 silly ADD node_modules/socket.io/node_modules/negotiator
664 silly ADD node_modules/socket.io/node_modules/mime-types
665 silly ADD node_modules/socket.io/node_modules/accepts
666 silly ADD node_modules/express
667 silly ADD node_modules/dotenv
668 silly ADD node_modules/cors
669 verbose cwd /data/data/com.termux/files/home/masti-tok
670 verbose os Linux 6.6.89-android15-8-o-g59160d8212a5-4k
671 verbose node v26.4.0
672 verbose npm  v11.18.0
673 verbose exit 0
674 info ok
