0 verbose cli /data/data/com.termux/files/usr/bin/node /data/data/com.termux/files/usr/bin/npm
1 info using npm@11.18.0
2 info using node@v26.4.0
3 silly config load:file:/data/data/com.termux/files/usr/lib/node_modules/npm/npmrc
4 silly config load:file:/data/data/com.termux/files/home/masti-tok/.npmrc
5 silly config load:file:/data/data/com.termux/files/home/.npmrc
6 silly config load:file:/data/data/com.termux/files/usr/etc/npmrc
7 verbose title npm install express socket.io cors dotenv
8 verbose argv "install" "express" "socket.io" "cors" "dotenv"
9 verbose logfile logs-max:10 dir:/data/data/com.termux/files/home/.npm/_logs/2026-07-20T22_38_22_833Z-
10 verbose logfile /data/data/com.termux/files/home/.npm/_logs/2026-07-20T22_38_22_833Z-debug-0.log
11 silly logfile start cleaning logs, removing 1 files
12 silly logfile done cleaning log files
13 silly packumentCache heap:1174405120 maxSize:293601280 maxEntrySize:146800640
14 silly idealTree buildDeps
15 silly fetch manifest express@*
16 silly packumentCache full:https://registry.npmjs.org/express cache-miss
17 http cache https://registry.npmjs.org/express 80ms (cache hit)
18 silly packumentCache full:https://registry.npmjs.org/express set size:804956 disposed:false
19 silly fetch manifest socket.io@*
20 silly packumentCache full:https://registry.npmjs.org/socket.io cache-miss
21 http cache https://registry.npmjs.org/socket.io 22ms (cache hit)
22 silly packumentCache full:https://registry.npmjs.org/socket.io set size:379231 disposed:false
23 silly fetch manifest cors@*
24 silly packumentCache full:https://registry.npmjs.org/cors cache-miss
25 http cache https://registry.npmjs.org/cors 13ms (cache hit)
26 silly packumentCache full:https://registry.npmjs.org/cors set size:77956 disposed:false
27 silly fetch manifest dotenv@*
28 silly packumentCache full:https://registry.npmjs.org/dotenv cache-miss
29 http cache https://registry.npmjs.org/dotenv 56ms (cache hit)
30 silly packumentCache full:https://registry.npmjs.org/dotenv set size:277802 disposed:false
31 silly placeDep ROOT cors@2.8.6 OK for: masti-tok@1.0.0 want: *
32 silly placeDep ROOT dotenv@17.4.2 OK for: masti-tok@1.0.0 want: *
33 silly placeDep ROOT express@5.2.1 OK for: masti-tok@1.0.0 want: *
34 silly placeDep ROOT socket.io@4.8.3 OK for: masti-tok@1.0.0 want: *
35 silly fetch manifest object-assign@^4
36 silly packumentCache full:https://registry.npmjs.org/object-assign cache-miss
37 silly fetch manifest vary@^1
38 silly packumentCache full:https://registry.npmjs.org/vary cache-miss
39 silly fetch manifest qs@^6.14.0
40 silly packumentCache full:https://registry.npmjs.org/qs cache-miss
41 silly fetch manifest depd@^2.0.0
42 silly packumentCache full:https://registry.npmjs.org/depd cache-miss
43 silly fetch manifest etag@^1.8.1
44 silly packumentCache full:https://registry.npmjs.org/etag cache-miss
45 silly fetch manifest once@^1.4.0
46 silly packumentCache full:https://registry.npmjs.org/once cache-miss
47 silly fetch manifest send@^1.1.0
48 silly packumentCache full:https://registry.npmjs.org/send cache-miss
49 http cache https://registry.npmjs.org/object-assign 42ms (cache hit)
50 silly packumentCache full:https://registry.npmjs.org/object-assign set size:28988 disposed:false
51 silly fetch manifest vary@^1.1.2
52 silly packumentCache full:https://registry.npmjs.org/vary cache-miss
53 http cache https://registry.npmjs.org/vary 49ms (cache hit)
54 silly packumentCache full:https://registry.npmjs.org/vary set size:15994 disposed:false
55 silly fetch manifest debug@^4.4.0
56 silly packumentCache full:https://registry.npmjs.org/debug cache-miss
57 http cache https://registry.npmjs.org/qs 55ms (cache hit)
58 silly packumentCache full:https://registry.npmjs.org/qs set size:360318 disposed:false
59 silly fetch manifest fresh@^2.0.0
60 silly packumentCache full:https://registry.npmjs.org/fresh cache-miss
61 http cache https://registry.npmjs.org/depd 71ms (cache hit)
62 silly packumentCache full:https://registry.npmjs.org/depd set size:40182 disposed:false
63 silly fetch manifest cookie@^0.7.1
64 silly packumentCache full:https://registry.npmjs.org/cookie cache-miss
65 http cache https://registry.npmjs.org/etag 76ms (cache hit)
66 silly packumentCache full:https://registry.npmjs.org/etag set size:30032 disposed:false
67 silly fetch manifest router@^2.2.0
68 silly packumentCache full:https://registry.npmjs.org/router cache-miss
69 http cache https://registry.npmjs.org/once 82ms (cache hit)
70 silly packumentCache full:https://registry.npmjs.org/once set size:11752 disposed:false
71 silly fetch manifest accepts@^2.0.0
72 silly packumentCache full:https://registry.npmjs.org/accepts cache-miss
73 http cache https://registry.npmjs.org/send 85ms (cache hit)
74 silly packumentCache full:https://registry.npmjs.org/send set size:152810 disposed:false
75 silly fetch manifest type-is@^2.0.1
76 silly packumentCache full:https://registry.npmjs.org/type-is cache-miss
77 http cache https://registry.npmjs.org/vary 73ms (cache hit)
78 silly packumentCache full:https://registry.npmjs.org/vary set size:15994 disposed:false
79 silly packumentCache full:https://registry.npmjs.org/vary dispose
80 silly fetch manifest parseurl@^1.3.3
81 silly packumentCache full:https://registry.npmjs.org/parseurl cache-miss
82 http cache https://registry.npmjs.org/fresh 60ms (cache hit)
83 silly packumentCache full:https://registry.npmjs.org/fresh set size:25427 disposed:false
84 silly fetch manifest statuses@^2.0.1
85 silly packumentCache full:https://registry.npmjs.org/statuses cache-miss
86 http cache https://registry.npmjs.org/debug 86ms (cache hit)
87 silly packumentCache full:https://registry.npmjs.org/debug set size:195840 disposed:false
88 silly fetch manifest encodeurl@^2.0.0
89 silly packumentCache full:https://registry.npmjs.org/encodeurl cache-miss
90 http cache https://registry.npmjs.org/type-is 51ms (cache hit)
91 silly packumentCache full:https://registry.npmjs.org/type-is set size:88614 disposed:false
92 silly fetch manifest mime-types@^3.0.0
93 silly packumentCache full:https://registry.npmjs.org/mime-types cache-miss
94 http cache https://registry.npmjs.org/cookie 83ms (cache hit)
95 silly packumentCache full:https://registry.npmjs.org/cookie set size:78274 disposed:false
96 silly fetch manifest proxy-addr@^2.0.7
97 silly packumentCache full:https://registry.npmjs.org/proxy-addr cache-miss
98 http cache https://registry.npmjs.org/router 85ms (cache hit)
99 silly packumentCache full:https://registry.npmjs.org/router set size:116499 disposed:false
100 silly fetch manifest body-parser@^2.2.1
101 silly packumentCache full:https://registry.npmjs.org/body-parser cache-miss
102 http cache https://registry.npmjs.org/accepts 88ms (cache hit)
103 silly packumentCache full:https://registry.npmjs.org/accepts set size:77054 disposed:false
104 silly fetch manifest escape-html@^1.0.3
105 silly packumentCache full:https://registry.npmjs.org/escape-html cache-miss
106 http cache https://registry.npmjs.org/parseurl 95ms (cache hit)
107 silly packumentCache full:https://registry.npmjs.org/parseurl set size:24148 disposed:false
108 silly fetch manifest http-errors@^2.0.0
109 silly packumentCache full:https://registry.npmjs.org/http-errors cache-miss
110 http cache https://registry.npmjs.org/statuses 92ms (cache hit)
111 silly packumentCache full:https://registry.npmjs.org/statuses set size:37117 disposed:false
112 silly fetch manifest on-finished@^2.4.1
113 silly packumentCache full:https://registry.npmjs.org/on-finished cache-miss
114 http cache https://registry.npmjs.org/encodeurl 83ms (cache hit)
115 silly packumentCache full:https://registry.npmjs.org/encodeurl set size:12296 disposed:false
116 silly fetch manifest content-type@^1.0.5
117 silly packumentCache full:https://registry.npmjs.org/content-type cache-miss
118 http cache https://registry.npmjs.org/mime-types 83ms (cache hit)
119 silly packumentCache full:https://registry.npmjs.org/mime-types set size:139110 disposed:false
120 silly fetch manifest finalhandler@^2.1.0
121 silly packumentCache full:https://registry.npmjs.org/finalhandler cache-miss
122 http cache https://registry.npmjs.org/proxy-addr 82ms (cache hit)
123 silly packumentCache full:https://registry.npmjs.org/proxy-addr set size:61619 disposed:false
124 silly fetch manifest range-parser@^1.2.1
125 silly packumentCache full:https://registry.npmjs.org/range-parser cache-miss
126 http cache https://registry.npmjs.org/escape-html 71ms (cache hit)
127 silly packumentCache full:https://registry.npmjs.org/escape-html set size:7345 disposed:false
128 silly fetch manifest serve-static@^2.2.0
129 silly packumentCache full:https://registry.npmjs.org/serve-static cache-miss
130 http cache https://registry.npmjs.org/body-parser 86ms (cache hit)
131 silly packumentCache full:https://registry.npmjs.org/body-parser set size:204544 disposed:false
132 silly fetch manifest cookie-signature@^1.2.1
133 silly packumentCache full:https://registry.npmjs.org/cookie-signature cache-miss
134 http cache https://registry.npmjs.org/on-finished 65ms (cache hit)
135 silly packumentCache full:https://registry.npmjs.org/on-finished set size:23212 disposed:false
136 silly fetch manifest merge-descriptors@^2.0.0
137 silly packumentCache full:https://registry.npmjs.org/merge-descriptors cache-miss
138 http cache https://registry.npmjs.org/content-type 66ms (cache hit)
139 silly packumentCache full:https://registry.npmjs.org/content-type set size:18994 disposed:false
140 silly fetch manifest content-disposition@^1.0.0
141 silly packumentCache full:https://registry.npmjs.org/content-disposition cache-miss
142 http cache https://registry.npmjs.org/http-errors 84ms (cache hit)
143 silly packumentCache full:https://registry.npmjs.org/http-errors set size:71987 disposed:false
144 silly fetch manifest accepts@~1.3.4
145 silly packumentCache full:https://registry.npmjs.org/accepts cache-hit
146 silly fetch manifest base64id@~2.0.0
147 silly packumentCache full:https://registry.npmjs.org/base64id cache-miss
148 http cache https://registry.npmjs.org/finalhandler 74ms (cache hit)
149 silly packumentCache full:https://registry.npmjs.org/finalhandler set size:79291 disposed:false
150 silly fetch manifest debug@~4.4.1
151 silly packumentCache full:https://registry.npmjs.org/debug cache-hit
152 silly fetch manifest engine.io@~6.6.0
153 silly packumentCache full:https://registry.npmjs.org/engine.io cache-miss
154 http cache https://registry.npmjs.org/range-parser 82ms (cache hit)
155 silly packumentCache full:https://registry.npmjs.org/range-parser set size:24852 disposed:false
156 silly fetch manifest socket.io-adapter@~2.5.2
157 silly packumentCache full:https://registry.npmjs.org/socket.io-adapter cache-miss
158 http cache https://registry.npmjs.org/cookie-signature 69ms (cache hit)
159 silly packumentCache full:https://registry.npmjs.org/cookie-signature set size:21777 disposed:false
160 silly fetch manifest socket.io-parser@~4.2.4
161 silly packumentCache full:https://registry.npmjs.org/socket.io-parser cache-miss
162 http cache https://registry.npmjs.org/serve-static 88ms (cache hit)
163 silly packumentCache full:https://registry.npmjs.org/serve-static set size:150391 disposed:false
164 http cache https://registry.npmjs.org/merge-descriptors 66ms (cache hit)
165 silly packumentCache full:https://registry.npmjs.org/merge-descriptors set size:16527 disposed:false
166 http cache https://registry.npmjs.org/content-disposition 71ms (cache hit)
167 silly packumentCache full:https://registry.npmjs.org/content-disposition set size:42862 disposed:false
168 http cache https://registry.npmjs.org/base64id 70ms (cache hit)
169 silly packumentCache full:https://registry.npmjs.org/base64id set size:6136 disposed:false
170 http cache https://registry.npmjs.org/socket.io-adapter 49ms (cache hit)
171 silly packumentCache full:https://registry.npmjs.org/socket.io-adapter set size:71138 disposed:false
172 http cache https://registry.npmjs.org/engine.io 63ms (cache hit)
173 silly packumentCache full:https://registry.npmjs.org/engine.io set size:396042 disposed:false
174 http cache https://registry.npmjs.org/socket.io-parser 63ms (cache hit)
175 silly packumentCache full:https://registry.npmjs.org/socket.io-parser set size:130849 disposed:false
176 silly placeDep ROOT object-assign@4.1.1 OK for: cors@2.8.6 want: ^4
177 silly placeDep ROOT vary@1.1.2 OK for: cors@2.8.6 want: ^1
178 silly placeDep ROOT accepts@2.0.0 OK for: express@5.2.1 want: ^2.0.0
179 silly placeDep ROOT body-parser@2.3.0 OK for: express@5.2.1 want: ^2.2.1
180 silly placeDep ROOT content-disposition@1.1.0 OK for: express@5.2.1 want: ^1.0.0
181 silly placeDep ROOT content-type@1.0.5 OK for: express@5.2.1 want: ^1.0.5
182 silly placeDep ROOT cookie@0.7.2 OK for: express@5.2.1 want: ^0.7.1
183 silly placeDep ROOT cookie-signature@1.2.2 OK for: express@5.2.1 want: ^1.2.1
184 silly placeDep ROOT debug@4.4.3 OK for: express@5.2.1 want: ^4.4.0
185 silly placeDep ROOT depd@2.0.0 OK for: express@5.2.1 want: ^2.0.0
186 silly placeDep ROOT encodeurl@2.0.0 OK for: express@5.2.1 want: ^2.0.0
187 silly placeDep ROOT escape-html@1.0.3 OK for: express@5.2.1 want: ^1.0.3
188 silly placeDep ROOT etag@1.8.1 OK for: express@5.2.1 want: ^1.8.1
189 silly placeDep ROOT finalhandler@2.1.1 OK for: express@5.2.1 want: ^2.1.0
190 silly placeDep ROOT fresh@2.0.0 OK for: express@5.2.1 want: ^2.0.0
191 silly placeDep ROOT http-errors@2.0.1 OK for: express@5.2.1 want: ^2.0.0
192 silly placeDep ROOT merge-descriptors@2.0.0 OK for: express@5.2.1 want: ^2.0.0
193 silly placeDep ROOT mime-types@3.0.2 OK for: express@5.2.1 want: ^3.0.0
194 silly placeDep ROOT on-finished@2.4.1 OK for: express@5.2.1 want: ^2.4.1
195 silly placeDep ROOT once@1.4.0 OK for: express@5.2.1 want: ^1.4.0
196 silly placeDep ROOT parseurl@1.3.3 OK for: express@5.2.1 want: ^1.3.3
197 silly placeDep ROOT proxy-addr@2.0.7 OK for: express@5.2.1 want: ^2.0.7
198 silly placeDep ROOT qs@6.15.3 OK for: express@5.2.1 want: ^6.14.0
199 silly placeDep ROOT range-parser@1.3.0 OK for: express@5.2.1 want: ^1.2.1
200 silly placeDep ROOT router@2.2.0 OK for: express@5.2.1 want: ^2.2.0
201 silly placeDep ROOT send@1.2.1 OK for: express@5.2.1 want: ^1.1.0
202 silly placeDep ROOT serve-static@2.2.1 OK for: express@5.2.1 want: ^2.2.0
203 silly placeDep ROOT statuses@2.0.2 OK for: express@5.2.1 want: ^2.0.1
204 silly placeDep ROOT type-is@2.1.0 OK for: express@5.2.1 want: ^2.0.1
205 silly fetch manifest negotiator@^1.0.0
206 silly packumentCache full:https://registry.npmjs.org/negotiator cache-miss
207 silly fetch manifest qs@^6.15.2
208 silly packumentCache full:https://registry.npmjs.org/qs cache-hit
209 silly fetch manifest bytes@^3.1.2
210 silly packumentCache full:https://registry.npmjs.org/bytes cache-miss
211 silly fetch manifest debug@^4.4.3
212 silly packumentCache full:https://registry.npmjs.org/debug cache-hit
213 silly fetch manifest type-is@^2.1.0
214 silly packumentCache full:https://registry.npmjs.org/type-is cache-hit
215 silly fetch manifest raw-body@^3.0.2
216 silly packumentCache full:https://registry.npmjs.org/raw-body cache-miss
217 silly fetch manifest iconv-lite@^0.7.2
218 silly packumentCache full:https://registry.npmjs.org/iconv-lite cache-miss
219 silly fetch manifest http-errors@^2.0.1
220 silly packumentCache full:https://registry.npmjs.org/http-errors cache-hit
221 silly fetch manifest content-type@^2.0.0
222 silly packumentCache full:https://registry.npmjs.org/content-type cache-hit
223 silly fetch manifest ms@^2.1.3
224 silly packumentCache full:https://registry.npmjs.org/ms cache-miss
225 silly fetch manifest inherits@~2.0.4
226 silly packumentCache full:https://registry.npmjs.org/inherits cache-miss
227 silly fetch manifest setprototypeof@~1.2.0
228 silly packumentCache full:https://registry.npmjs.org/setprototypeof cache-miss
229 http cache https://registry.npmjs.org/negotiator 48ms (cache hit)
230 silly packumentCache full:https://registry.npmjs.org/negotiator set size:48046 disposed:false
231 silly fetch manifest statuses@~2.0.2
232 silly packumentCache full:https://registry.npmjs.org/statuses cache-hit
233 silly fetch manifest toidentifier@~1.0.1
234 silly packumentCache full:https://registry.npmjs.org/toidentifier cache-miss
235 http cache https://registry.npmjs.org/iconv-lite 43ms (cache hit)
236 silly packumentCache full:https://registry.npmjs.org/iconv-lite set size:126462 disposed:false
237 silly fetch manifest mime-db@^1.54.0
238 silly packumentCache full:https://registry.npmjs.org/mime-db cache-miss
239 http cache https://registry.npmjs.org/raw-body 59ms (cache hit)
240 silly packumentCache full:https://registry.npmjs.org/raw-body set size:120042 disposed:false
241 silly fetch manifest ee-first@1.1.1
242 silly packumentCache full:https://registry.npmjs.org/ee-first cache-miss
243 http cache https://registry.npmjs.org/ms 58ms (cache hit)
244 silly packumentCache full:https://registry.npmjs.org/ms set size:92208 disposed:false
245 silly fetch manifest wrappy@1
246 silly packumentCache full:https://registry.npmjs.org/wrappy cache-miss
247 http cache https://registry.npmjs.org/inherits 63ms (cache hit)
248 silly packumentCache full:https://registry.npmjs.org/inherits set size:12925 disposed:false
249 silly fetch manifest forwarded@0.2.0
250 silly packumentCache full:https://registry.npmjs.org/forwarded cache-miss
251 http cache https://registry.npmjs.org/bytes 87ms (cache hit)
252 silly packumentCache full:https://registry.npmjs.org/bytes set size:37018 disposed:false
253 silly fetch manifest ipaddr.js@1.9.1
254 silly packumentCache full:https://registry.npmjs.org/ipaddr.js cache-miss
255 http cache https://registry.npmjs.org/setprototypeof 72ms (cache hit)
256 silly packumentCache full:https://registry.npmjs.org/setprototypeof set size:14532 disposed:false
257 silly fetch manifest side-channel@^1.1.1
258 silly packumentCache full:https://registry.npmjs.org/side-channel cache-miss
259 http cache https://registry.npmjs.org/toidentifier 67ms (cache hit)
260 silly packumentCache full:https://registry.npmjs.org/toidentifier set size:12006 disposed:false
261 silly fetch manifest es-define-property@^1.0.1
262 silly packumentCache full:https://registry.npmjs.org/es-define-property cache-miss
263 http cache https://registry.npmjs.org/ee-first 51ms (cache hit)
264 silly packumentCache full:https://registry.npmjs.org/ee-first set size:15327 disposed:false
265 silly fetch manifest is-promise@^4.0.0
266 silly packumentCache full:https://registry.npmjs.org/is-promise cache-miss
267 http cache https://registry.npmjs.org/mime-db 69ms (cache hit)
268 silly packumentCache full:https://registry.npmjs.org/mime-db set size:164953 disposed:false
269 silly fetch manifest path-to-regexp@^8.0.0
270 silly packumentCache full:https://registry.npmjs.org/path-to-regexp cache-miss
271 http cache https://registry.npmjs.org/forwarded 54ms (cache hit)
272 silly packumentCache full:https://registry.npmjs.org/forwarded set size:11229 disposed:false
273 silly fetch manifest statuses@^2.0.2
274 silly packumentCache full:https://registry.npmjs.org/statuses cache-hit
275 silly fetch manifest media-typer@^1.1.0
276 silly packumentCache full:https://registry.npmjs.org/media-typer cache-miss
277 http cache https://registry.npmjs.org/wrappy 66ms (cache hit)
278 silly packumentCache full:https://registry.npmjs.org/wrappy set size:7682 disposed:false
279 http cache https://registry.npmjs.org/side-channel 53ms (cache hit)
280 silly packumentCache full:https://registry.npmjs.org/side-channel set size:27650 disposed:false
281 http cache https://registry.npmjs.org/ipaddr.js 63ms (cache hit)
282 silly packumentCache full:https://registry.npmjs.org/ipaddr.js set size:69549 disposed:false
283 http cache https://registry.npmjs.org/es-define-property 61ms (cache hit)
284 silly packumentCache full:https://registry.npmjs.org/es-define-property set size:8542 disposed:false
285 http cache https://registry.npmjs.org/path-to-regexp 49ms (cache hit)
286 silly packumentCache full:https://registry.npmjs.org/path-to-regexp set size:216334 disposed:false
287 http cache https://registry.npmjs.org/is-promise 74ms (cache hit)
288 silly packumentCache full:https://registry.npmjs.org/is-promise set size:18599 disposed:false
289 http cache https://registry.npmjs.org/media-typer 60ms (cache hit)
290 silly packumentCache full:https://registry.npmjs.org/media-typer set size:22678 disposed:false
291 silly placeDep ROOT negotiator@1.0.0 OK for: accepts@2.0.0 want: ^1.0.0
292 silly placeDep ROOT bytes@3.1.2 OK for: body-parser@2.3.0 want: ^3.1.2
293 silly placeDep node_modules/body-parser content-type@2.0.0 OK for: body-parser@2.3.0 want: ^2.0.0
294 silly placeDep ROOT iconv-lite@0.7.3 OK for: body-parser@2.3.0 want: ^0.7.2
295 silly placeDep ROOT raw-body@3.0.2 OK for: body-parser@2.3.0 want: ^3.0.2
296 silly fetch manifest safer-buffer@>= 2.1.2 < 3.0.0
297 silly packumentCache full:https://registry.npmjs.org/safer-buffer cache-miss
298 silly fetch manifest unpipe@~1.0.0
299 silly packumentCache full:https://registry.npmjs.org/unpipe cache-miss
300 http cache https://registry.npmjs.org/safer-buffer 11ms (cache hit)
301 silly packumentCache full:https://registry.npmjs.org/safer-buffer set size:18521 disposed:false
302 http cache https://registry.npmjs.org/unpipe 12ms (cache hit)
303 silly packumentCache full:https://registry.npmjs.org/unpipe set size:3609 disposed:false
304 silly placeDep ROOT ms@2.1.3 OK for: debug@4.4.3 want: ^2.1.3
305 silly placeDep ROOT inherits@2.0.4 OK for: http-errors@2.0.1 want: ~2.0.4
306 silly placeDep ROOT setprototypeof@1.2.0 OK for: http-errors@2.0.1 want: ~1.2.0
307 silly placeDep ROOT toidentifier@1.0.1 OK for: http-errors@2.0.1 want: ~1.0.1
308 silly placeDep ROOT safer-buffer@2.1.2 OK for: iconv-lite@0.7.3 want: >= 2.1.2 < 3.0.0
309 silly placeDep ROOT mime-db@1.54.0 OK for: mime-types@3.0.2 want: ^1.54.0
310 silly placeDep ROOT ee-first@1.1.1 OK for: on-finished@2.4.1 want: 1.1.1
311 silly placeDep ROOT wrappy@1.0.2 OK for: once@1.4.0 want: 1
312 silly placeDep ROOT forwarded@0.2.0 OK for: proxy-addr@2.0.7 want: 0.2.0
313 silly placeDep ROOT ipaddr.js@1.9.1 OK for: proxy-addr@2.0.7 want: 1.9.1
314 silly placeDep ROOT es-define-property@1.0.1 OK for: qs@6.15.3 want: ^1.0.1
315 silly placeDep ROOT side-channel@1.1.1 OK for: qs@6.15.3 want: ^1.1.1
316 silly fetch manifest es-errors@^1.3.0
317 silly packumentCache full:https://registry.npmjs.org/es-errors cache-miss
318 silly fetch manifest object-inspect@^1.13.4
319 silly packumentCache full:https://registry.npmjs.org/object-inspect cache-miss
320 silly fetch manifest side-channel-list@^1.0.1
321 silly packumentCache full:https://registry.npmjs.org/side-channel-list cache-miss
322 silly fetch manifest side-channel-map@^1.0.1
323 silly packumentCache full:https://registry.npmjs.org/side-channel-map cache-miss
324 silly fetch manifest side-channel-weakmap@^1.0.2
325 silly packumentCache full:https://registry.npmjs.org/side-channel-weakmap cache-miss
326 http cache https://registry.npmjs.org/es-errors 22ms (cache hit)
327 silly packumentCache full:https://registry.npmjs.org/es-errors set size:16918 disposed:false
328 http cache https://registry.npmjs.org/side-channel-map 23ms (cache hit)
329 silly packumentCache full:https://registry.npmjs.org/side-channel-map set size:9126 disposed:false
330 http cache https://registry.npmjs.org/object-inspect 28ms (cache hit)
331 silly packumentCache full:https://registry.npmjs.org/object-inspect set size:101912 disposed:false
332 http cache https://registry.npmjs.org/side-channel-list 39ms (cache hit)
333 silly packumentCache full:https://registry.npmjs.org/side-channel-list set size:9021 disposed:false
334 http cache https://registry.npmjs.org/side-channel-weakmap 39ms (cache hit)
335 silly packumentCache full:https://registry.npmjs.org/side-channel-weakmap set size:12620 disposed:false
336 silly placeDep ROOT unpipe@1.0.0 OK for: raw-body@3.0.2 want: ~1.0.0
337 silly placeDep ROOT is-promise@4.0.0 OK for: router@2.2.0 want: ^4.0.0
338 silly placeDep ROOT path-to-regexp@8.4.2 OK for: router@2.2.0 want: ^8.0.0
339 silly placeDep ROOT es-errors@1.3.0 OK for: side-channel@1.1.1 want: ^1.3.0
340 silly placeDep ROOT object-inspect@1.13.4 OK for: side-channel@1.1.1 want: ^1.13.4
341 silly placeDep ROOT side-channel-list@1.0.1 OK for: side-channel@1.1.1 want: ^1.0.1
342 silly placeDep ROOT side-channel-map@1.0.1 OK for: side-channel@1.1.1 want: ^1.0.1
343 silly placeDep ROOT side-channel-weakmap@1.0.2 OK for: side-channel@1.1.1 want: ^1.0.2
344 silly fetch manifest call-bound@^1.0.2
345 silly packumentCache full:https://registry.npmjs.org/call-bound cache-miss
346 silly fetch manifest get-intrinsic@^1.2.5
347 silly packumentCache full:https://registry.npmjs.org/get-intrinsic cache-miss
348 silly fetch manifest call-bound@^1.0.2
349 silly packumentCache full:https://registry.npmjs.org/call-bound cache-miss
350 silly fetch manifest get-intrinsic@^1.2.5
351 silly packumentCache full:https://registry.npmjs.org/get-intrinsic cache-miss
352 http cache https://registry.npmjs.org/get-intrinsic 22ms (cache hit)
353 silly packumentCache full:https://registry.npmjs.org/get-intrinsic set size:60985 disposed:false
354 http cache https://registry.npmjs.org/get-intrinsic 25ms (cache hit)
355 silly packumentCache full:https://registry.npmjs.org/get-intrinsic set size:60985 disposed:false
356 silly packumentCache full:https://registry.npmjs.org/get-intrinsic dispose
357 http cache https://registry.npmjs.org/call-bound 37ms (cache hit)
358 silly packumentCache full:https://registry.npmjs.org/call-bound set size:15317 disposed:false
359 http cache https://registry.npmjs.org/call-bound 37ms (cache hit)
360 silly packumentCache full:https://registry.npmjs.org/call-bound set size:15317 disposed:false
361 silly packumentCache full:https://registry.npmjs.org/call-bound dispose
362 silly placeDep ROOT call-bound@1.0.4 OK for: side-channel-map@1.0.1 want: ^1.0.2
363 silly placeDep ROOT get-intrinsic@1.3.0 OK for: side-channel-map@1.0.1 want: ^1.2.5
364 silly fetch manifest call-bind-apply-helpers@^1.0.2
365 silly packumentCache full:https://registry.npmjs.org/call-bind-apply-helpers cache-miss
366 silly fetch manifest get-intrinsic@^1.3.0
367 silly packumentCache full:https://registry.npmjs.org/get-intrinsic cache-hit
368 silly fetch manifest gopd@^1.2.0
369 silly packumentCache full:https://registry.npmjs.org/gopd cache-miss
370 silly fetch manifest hasown@^2.0.2
371 silly packumentCache full:https://registry.npmjs.org/hasown cache-miss
372 silly fetch manifest get-proto@^1.0.1
373 silly packumentCache full:https://registry.npmjs.org/get-proto cache-miss
374 silly fetch manifest has-symbols@^1.1.0
375 silly packumentCache full:https://registry.npmjs.org/has-symbols cache-miss
376 silly fetch manifest function-bind@^1.1.2
377 silly packumentCache full:https://registry.npmjs.org/function-bind cache-miss
378 silly fetch manifest es-object-atoms@^1.1.1
379 silly packumentCache full:https://registry.npmjs.org/es-object-atoms cache-miss
380 http cache https://registry.npmjs.org/has-symbols 87ms (cache hit)
381 silly packumentCache full:https://registry.npmjs.org/has-symbols set size:21550 disposed:false
382 silly fetch manifest math-intrinsics@^1.1.0
383 silly packumentCache full:https://registry.npmjs.org/math-intrinsics cache-miss
384 http cache https://registry.npmjs.org/call-bind-apply-helpers 99ms (cache hit)
385 silly packumentCache full:https://registry.npmjs.org/call-bind-apply-helpers set size:12744 disposed:false
386 http cache https://registry.npmjs.org/hasown 99ms (cache hit)
387 silly packumentCache full:https://registry.npmjs.org/hasown set size:18361 disposed:false
388 http cache https://registry.npmjs.org/function-bind 101ms (cache hit)
389 silly packumentCache full:https://registry.npmjs.org/function-bind set size:15733 disposed:false
390 http cache https://registry.npmjs.org/gopd 110ms (cache hit)
391 silly packumentCache full:https://registry.npmjs.org/gopd set size:11483 disposed:false
392 http cache https://registry.npmjs.org/get-proto 111ms (cache hit)
393 silly packumentCache full:https://registry.npmjs.org/get-proto set size:8300 disposed:false
394 http cache https://registry.npmjs.org/es-object-atoms 108ms (cache hit)
395 silly packumentCache full:https://registry.npmjs.org/es-object-atoms set size:18278 disposed:false
396 http cache https://registry.npmjs.org/math-intrinsics 33ms (cache hit)
397 silly packumentCache full:https://registry.npmjs.org/math-intrinsics set size:9265 disposed:false
398 silly placeDep ROOT call-bind-apply-helpers@1.0.2 OK for: call-bound@1.0.4 want: ^1.0.2
399 silly placeDep ROOT function-bind@1.1.2 OK for: call-bind-apply-helpers@1.0.2 want: ^1.1.2
400 silly placeDep ROOT es-object-atoms@1.1.2 OK for: get-intrinsic@1.3.0 want: ^1.1.1
401 silly placeDep ROOT get-proto@1.0.1 OK for: get-intrinsic@1.3.0 want: ^1.0.1
402 silly placeDep ROOT gopd@1.2.0 OK for: get-intrinsic@1.3.0 want: ^1.2.0
403 silly placeDep ROOT has-symbols@1.1.0 OK for: get-intrinsic@1.3.0 want: ^1.1.0
404 silly placeDep ROOT hasown@2.0.4 OK for: get-intrinsic@1.3.0 want: ^2.0.2
405 silly placeDep ROOT math-intrinsics@1.1.0 OK for: get-intrinsic@1.3.0 want: ^1.1.0
406 silly fetch manifest dunder-proto@^1.0.1
407 silly packumentCache full:https://registry.npmjs.org/dunder-proto cache-miss
408 http cache https://registry.npmjs.org/dunder-proto 22ms (cache hit)
409 silly packumentCache full:https://registry.npmjs.org/dunder-proto set size:8256 disposed:false
410 silly placeDep ROOT dunder-proto@1.0.1 OK for: get-proto@1.0.1 want: ^1.0.1
411 silly placeDep node_modules/socket.io accepts@1.3.8 OK for: socket.io@4.8.3 want: ~1.3.4
412 silly placeDep ROOT base64id@2.0.0 OK for: socket.io@4.8.3 want: ~2.0.0
413 silly placeDep ROOT engine.io@6.6.9 OK for: socket.io@4.8.3 want: ~6.6.0
414 silly placeDep ROOT socket.io-adapter@2.5.8 OK for: socket.io@4.8.3 want: ~2.5.2
415 silly placeDep ROOT socket.io-parser@4.2.7 OK for: socket.io@4.8.3 want: ~4.2.4
416 silly fetch manifest mime-types@~2.1.34
417 silly packumentCache full:https://registry.npmjs.org/mime-types cache-hit
418 silly fetch manifest negotiator@0.6.3
419 silly packumentCache full:https://registry.npmjs.org/negotiator cache-hit
420 silly fetch manifest ws@~8.21.0
421 silly packumentCache full:https://registry.npmjs.org/ws cache-miss
422 silly fetch manifest @types/ws@^8.5.12
423 silly packumentCache full:https://registry.npmjs.org/@types%2fws cache-miss
424 silly fetch manifest @types/cors@^2.8.12
425 silly packumentCache full:https://registry.npmjs.org/@types%2fcors cache-miss
426 silly fetch manifest @types/node@>=10.0.0
427 silly packumentCache full:https://registry.npmjs.org/@types%2fnode cache-miss
428 silly fetch manifest engine.io-parser@~5.2.1
429 silly packumentCache full:https://registry.npmjs.org/engine.io-parser cache-miss
430 silly fetch manifest ws@~8.21.0
431 silly packumentCache full:https://registry.npmjs.org/ws cache-miss
432 silly fetch manifest @socket.io/component-emitter@~3.1.0
433 silly packumentCache full:https://registry.npmjs.org/@socket.io%2fcomponent-emitter cache-miss
434 http cache https://registry.npmjs.org/ws 36ms (cache hit)
435 silly packumentCache full:https://registry.npmjs.org/ws set size:426890 disposed:false
436 http cache https://registry.npmjs.org/@types%2fcors 49ms (cache hit)
437 silly packumentCache full:https://registry.npmjs.org/@types%2fcors set size:56991 disposed:false
438 http cache https://registry.npmjs.org/@types%2fws 56ms (cache hit)
439 silly packumentCache full:https://registry.npmjs.org/@types%2fws set size:167959 disposed:false
440 http cache https://registry.npmjs.org/engine.io-parser 55ms (cache hit)
441 silly packumentCache full:https://registry.npmjs.org/engine.io-parser set size:116455 disposed:false
442 http cache https://registry.npmjs.org/@socket.io%2fcomponent-emitter 61ms (cache hit)
443 silly packumentCache full:https://registry.npmjs.org/@socket.io%2fcomponent-emitter set size:14099 disposed:false
444 http cache https://registry.npmjs.org/ws 67ms (cache hit)
445 silly packumentCache full:https://registry.npmjs.org/ws set size:426890 disposed:false
446 silly packumentCache full:https://registry.npmjs.org/ws dispose
447 http cache https://registry.npmjs.org/@types%2fnode 111ms (cache hit)
448 silly packumentCache full:https://registry.npmjs.org/@types%2fnode set size:11080817 disposed:false
449 silly fetch manifest bufferutil@^4.0.1
450 silly packumentCache full:https://registry.npmjs.org/bufferutil cache-miss
451 http cache https://registry.npmjs.org/bufferutil 10ms (cache hit)
452 silly packumentCache full:https://registry.npmjs.org/bufferutil set size:52763 disposed:false
453 silly fetch manifest utf-8-validate@>=5.0.2
454 silly packumentCache full:https://registry.npmjs.org/utf-8-validate cache-miss
455 http cache https://registry.npmjs.org/utf-8-validate 15ms (cache hit)
456 silly packumentCache full:https://registry.npmjs.org/utf-8-validate set size:77148 disposed:false
457 silly placeDep ROOT @types/cors@2.8.19 OK for: engine.io@6.6.9 want: ^2.8.12
458 silly placeDep ROOT @types/node@26.1.1 OK for: engine.io@6.6.9 want: >=10.0.0
459 silly placeDep ROOT @types/ws@8.18.1 OK for: engine.io@6.6.9 want: ^8.5.12
460 silly placeDep node_modules/engine.io accepts@1.3.8 OK for: engine.io@6.6.9 want: ~1.3.4
461 silly placeDep ROOT engine.io-parser@5.2.3 OK for: engine.io@6.6.9 want: ~5.2.1
462 silly placeDep ROOT ws@8.21.1 OK for: engine.io@6.6.9 want: ~8.21.0
463 silly fetch manifest @types/node@*
464 silly packumentCache full:https://registry.npmjs.org/@types%2fnode cache-miss
465 silly fetch manifest undici-types@~8.3.0
466 silly packumentCache full:https://registry.npmjs.org/undici-types cache-miss
467 http cache https://registry.npmjs.org/undici-types 23ms (cache hit)
468 silly packumentCache full:https://registry.npmjs.org/undici-types set size:241517 disposed:false
469 http cache https://registry.npmjs.org/@types%2fnode 97ms (cache hit)
470 silly packumentCache full:https://registry.npmjs.org/@types%2fnode set size:11080817 disposed:false
471 silly placeDep ROOT undici-types@8.3.0 OK for: @types/node@26.1.1 want: ~8.3.0
472 silly placeDep ROOT @socket.io/component-emitter@3.1.2 OK for: socket.io-parser@4.2.7 want: ~3.1.0
473 silly placeDep node_modules/type-is content-type@2.0.0 OK for: type-is@2.1.0 want: ^2.0.0
474 silly placeDep ROOT media-typer@1.1.0 OK for: type-is@2.1.0 want: ^1.1.0
475 silly placeDep node_modules/engine.io mime-types@2.1.35 OK for: accepts@1.3.8 want: ~2.1.34
476 silly placeDep node_modules/engine.io negotiator@0.6.3 OK for: accepts@1.3.8 want: 0.6.3
477 silly fetch manifest mime-db@1.52.0
478 silly packumentCache full:https://registry.npmjs.org/mime-db cache-hit
479 silly placeDep node_modules/engine.io mime-db@1.52.0 OK for: mime-types@2.1.35 want: 1.52.0
480 silly placeDep node_modules/socket.io mime-types@2.1.35 OK for: accepts@1.3.8 want: ~2.1.34
481 silly placeDep node_modules/socket.io negotiator@0.6.3 OK for: accepts@1.3.8 want: 0.6.3
482 silly placeDep node_modules/socket.io mime-db@1.52.0 OK for: mime-types@2.1.35 want: 1.52.0
483 silly reify moves {}
484 silly audit bulk request {
484 silly audit   cors: [ '2.8.6' ],
484 silly audit   dotenv: [ '17.4.2' ],
484 silly audit   express: [ '5.2.1' ],
484 silly audit   'socket.io': [ '4.8.3' ],
484 silly audit   'object-assign': [ '4.1.1' ],
484 silly audit   vary: [ '1.1.2' ],
484 silly audit   accepts: [ '2.0.0', '1.3.8' ],
484 silly audit   'body-parser': [ '2.3.0' ],
484 silly audit   'content-disposition': [ '1.1.0' ],
484 silly audit   'content-type': [ '1.0.5', '2.0.0' ],
484 silly audit   cookie: [ '0.7.2' ],
484 silly audit   'cookie-signature': [ '1.2.2' ],
484 silly audit   debug: [ '4.4.3' ],
484 silly audit   depd: [ '2.0.0' ],
484 silly audit   encodeurl: [ '2.0.0' ],
484 silly audit   'escape-html': [ '1.0.3' ],
484 silly audit   etag: [ '1.8.1' ],
484 silly audit   finalhandler: [ '2.1.1' ],
484 silly audit   fresh: [ '2.0.0' ],
484 silly audit   'http-errors': [ '2.0.1' ],
484 silly audit   'merge-descriptors': [ '2.0.0' ],
484 silly audit   'mime-types': [ '3.0.2', '2.1.35' ],
484 silly audit   'on-finished': [ '2.4.1' ],
484 silly audit   once: [ '1.4.0' ],
484 silly audit   parseurl: [ '1.3.3' ],
484 silly audit   'proxy-addr': [ '2.0.7' ],
484 silly audit   qs: [ '6.15.3' ],
484 silly audit   'range-parser': [ '1.3.0' ],
484 silly audit   router: [ '2.2.0' ],
484 silly audit   send: [ '1.2.1' ],
484 silly audit   'serve-static': [ '2.2.1' ],
484 silly audit   statuses: [ '2.0.2' ],
484 silly audit   'type-is': [ '2.1.0' ],
484 silly audit   negotiator: [ '1.0.0', '0.6.3' ],
484 silly audit   bytes: [ '3.1.2' ],
484 silly audit   'iconv-lite': [ '0.7.3' ],
484 silly audit   'raw-body': [ '3.0.2' ],
484 silly audit   ms: [ '2.1.3' ],
484 silly audit   inherits: [ '2.0.4' ],
484 silly audit   setprototypeof: [ '1.2.0' ],
484 silly audit   toidentifier: [ '1.0.1' ],
484 silly audit   'safer-buffer': [ '2.1.2' ],
484 silly audit   'mime-db': [ '1.54.0', '1.52.0' ],
484 silly audit   'ee-first': [ '1.1.1' ],
484 silly audit   wrappy: [ '1.0.2' ],
484 silly audit   forwarded: [ '0.2.0' ],
484 silly audit   'ipaddr.js': [ '1.9.1' ],
484 silly audit   'es-define-property': [ '1.0.1' ],
484 silly audit   'side-channel': [ '1.1.1' ],
484 silly audit   unpipe: [ '1.0.0' ],
484 silly audit   'is-promise': [ '4.0.0' ],
484 silly audit   'path-to-regexp': [ '8.4.2' ],
484 silly audit   'es-errors': [ '1.3.0' ],
484 silly audit   'object-inspect': [ '1.13.4' ],
484 silly audit   'side-channel-list': [ '1.0.1' ],
484 silly audit   'side-channel-map': [ '1.0.1' ],
484 silly audit   'side-channel-weakmap': [ '1.0.2' ],
484 silly audit   'call-bound': [ '1.0.4' ],
484 silly audit   'get-intrinsic': [ '1.3.0' ],
484 silly audit   'call-bind-apply-helpers': [ '1.0.2' ],
484 silly audit   'function-bind': [ '1.1.2' ],
484 silly audit   'es-object-atoms': [ '1.1.2' ],
484 silly audit   'get-proto': [ '1.0.1' ],
484 silly audit   gopd: [ '1.2.0' ],
484 silly audit   'has-symbols': [ '1.1.0' ],
484 silly audit   hasown: [ '2.0.4' ],
484 silly audit   'math-intrinsics': [ '1.1.0' ],
484 silly audit   'dunder-proto': [ '1.0.1' ],
484 silly audit   base64id: [ '2.0.0' ],
484 silly audit   'engine.io': [ '6.6.9' ],
484 silly audit   'socket.io-adapter': [ '2.5.8' ],
484 silly audit   'socket.io-parser': [ '4.2.7' ],
484 silly audit   '@types/cors': [ '2.8.19' ],
484 silly audit   '@types/node': [ '26.1.1' ],
484 silly audit   '@types/ws': [ '8.18.1' ],
484 silly audit   'engine.io-parser': [ '5.2.3' ],
484 silly audit   ws: [ '8.21.1' ],
484 silly audit   'undici-types': [ '8.3.0' ],
484 silly audit   '@socket.io/component-emitter': [ '3.1.2' ],
484 silly audit   'media-typer': [ '1.1.0' ]
484 silly audit }
485 http cache @socket.io/component-emitter@https://registry.npmjs.org/@socket.io/component-emitter/-/component-emitter-3.1.2.tgz 0ms (cache hit)
486 http cache media-typer@https://registry.npmjs.org/media-typer/-/media-typer-1.1.0.tgz 0ms (cache hit)
487 http cache ws@https://registry.npmjs.org/ws/-/ws-8.21.1.tgz 0ms (cache hit)
488 http cache undici-types@https://registry.npmjs.org/undici-types/-/undici-types-8.3.0.tgz 0ms (cache hit)
489 http cache @types/ws@https://registry.npmjs.org/@types/ws/-/ws-8.18.1.tgz 0ms (cache hit)
490 http cache @types/node@https://registry.npmjs.org/@types/node/-/node-26.1.1.tgz 0ms (cache hit)
491 http cache engine.io-parser@https://registry.npmjs.org/engine.io-parser/-/engine.io-parser-5.2.3.tgz 0ms (cache hit)
492 http cache socket.io-parser@https://registry.npmjs.org/socket.io-parser/-/socket.io-parser-4.2.7.tgz 0ms (cache hit)
493 http cache @types/cors@https://registry.npmjs.org/@types/cors/-/cors-2.8.19.tgz 0ms (cache hit)
494 http cache socket.io-adapter@https://registry.npmjs.org/socket.io-adapter/-/socket.io-adapter-2.5.8.tgz 0ms (cache hit)
495 http cache engine.io@https://registry.npmjs.org/engine.io/-/engine.io-6.6.9.tgz 0ms (cache hit)
496 http cache base64id@https://registry.npmjs.org/base64id/-/base64id-2.0.0.tgz 0ms (cache hit)
497 http cache dunder-proto@https://registry.npmjs.org/dunder-proto/-/dunder-proto-1.0.1.tgz 1ms (cache hit)
498 http cache math-intrinsics@https://registry.npmjs.org/math-intrinsics/-/math-intrinsics-1.1.0.tgz 1ms (cache hit)
499 http cache hasown@https://registry.npmjs.org/hasown/-/hasown-2.0.4.tgz 0ms (cache hit)
500 http cache has-symbols@https://registry.npmjs.org/has-symbols/-/has-symbols-1.1.0.tgz 0ms (cache hit)
501 http cache gopd@https://registry.npmjs.org/gopd/-/gopd-1.2.0.tgz 0ms (cache hit)
502 http cache es-object-atoms@https://registry.npmjs.org/es-object-atoms/-/es-object-atoms-1.1.2.tgz 0ms (cache hit)
503 http cache get-proto@https://registry.npmjs.org/get-proto/-/get-proto-1.0.1.tgz 0ms (cache hit)
504 http cache function-bind@https://registry.npmjs.org/function-bind/-/function-bind-1.1.2.tgz 0ms (cache hit)
505 http cache call-bind-apply-helpers@https://registry.npmjs.org/call-bind-apply-helpers/-/call-bind-apply-helpers-1.0.2.tgz 0ms (cache hit)
506 http cache get-intrinsic@https://registry.npmjs.org/get-intrinsic/-/get-intrinsic-1.3.0.tgz 0ms (cache hit)
507 http cache call-bound@https://registry.npmjs.org/call-bound/-/call-bound-1.0.4.tgz 0ms (cache hit)
508 http cache side-channel-weakmap@https://registry.npmjs.org/side-channel-weakmap/-/side-channel-weakmap-1.0.2.tgz 0ms (cache hit)
509 http cache side-channel-map@https://registry.npmjs.org/side-channel-map/-/side-channel-map-1.0.1.tgz 0ms (cache hit)
510 http cache side-channel-list@https://registry.npmjs.org/side-channel-list/-/side-channel-list-1.0.1.tgz 0ms (cache hit)
511 http cache object-inspect@https://registry.npmjs.org/object-inspect/-/object-inspect-1.13.4.tgz 0ms (cache hit)
512 http cache es-errors@https://registry.npmjs.org/es-errors/-/es-errors-1.3.0.tgz 0ms (cache hit)
513 http cache path-to-regexp@https://registry.npmjs.org/path-to-regexp/-/path-to-regexp-8.4.2.tgz 0ms (cache hit)
514 http cache is-promise@https://registry.npmjs.org/is-promise/-/is-promise-4.0.0.tgz 0ms (cache hit)
515 http cache unpipe@https://registry.npmjs.org/unpipe/-/unpipe-1.0.0.tgz 0ms (cache hit)
516 http cache side-channel@https://registry.npmjs.org/side-channel/-/side-channel-1.1.1.tgz 0ms (cache hit)
517 http cache es-define-property@https://registry.npmjs.org/es-define-property/-/es-define-property-1.0.1.tgz 1ms (cache hit)
518 http cache ipaddr.js@https://registry.npmjs.org/ipaddr.js/-/ipaddr.js-1.9.1.tgz 0ms (cache hit)
519 http cache forwarded@https://registry.npmjs.org/forwarded/-/forwarded-0.2.0.tgz 0ms (cache hit)
520 http cache wrappy@https://registry.npmjs.org/wrappy/-/wrappy-1.0.2.tgz 0ms (cache hit)
521 http cache ee-first@https://registry.npmjs.org/ee-first/-/ee-first-1.1.1.tgz 0ms (cache hit)
522 http cache mime-db@https://registry.npmjs.org/mime-db/-/mime-db-1.54.0.tgz 0ms (cache hit)
523 http cache safer-buffer@https://registry.npmjs.org/safer-buffer/-/safer-buffer-2.1.2.tgz 0ms (cache hit)
524 http cache toidentifier@https://registry.npmjs.org/toidentifier/-/toidentifier-1.0.1.tgz 0ms (cache hit)
525 http cache setprototypeof@https://registry.npmjs.org/setprototypeof/-/setprototypeof-1.2.0.tgz 0ms (cache hit)
526 http cache inherits@https://registry.npmjs.org/inherits/-/inherits-2.0.4.tgz 0ms (cache hit)
527 http cache ms@https://registry.npmjs.org/ms/-/ms-2.1.3.tgz 0ms (cache hit)
528 http cache raw-body@https://registry.npmjs.org/raw-body/-/raw-body-3.0.2.tgz 1ms (cache hit)
529 http cache iconv-lite@https://registry.npmjs.org/iconv-lite/-/iconv-lite-0.7.3.tgz 0ms (cache hit)
530 http cache bytes@https://registry.npmjs.org/bytes/-/bytes-3.1.2.tgz 0ms (cache hit)
531 http cache negotiator@https://registry.npmjs.org/negotiator/-/negotiator-1.0.0.tgz 0ms (cache hit)
532 http cache type-is@https://registry.npmjs.org/type-is/-/type-is-2.1.0.tgz 0ms (cache hit)
533 http cache statuses@https://registry.npmjs.org/statuses/-/statuses-2.0.2.tgz 0ms (cache hit)
534 http cache serve-static@https://registry.npmjs.org/serve-static/-/serve-static-2.2.1.tgz 0ms (cache hit)
535 http cache send@https://registry.npmjs.org/send/-/send-1.2.1.tgz 0ms (cache hit)
536 http cache router@https://registry.npmjs.org/router/-/router-2.2.0.tgz 0ms (cache hit)
537 http cache qs@https://registry.npmjs.org/qs/-/qs-6.15.3.tgz 0ms (cache hit)
538 http cache range-parser@https://registry.npmjs.org/range-parser/-/range-parser-1.3.0.tgz 0ms (cache hit)
539 http cache proxy-addr@https://registry.npmjs.org/proxy-addr/-/proxy-addr-2.0.7.tgz 1ms (cache hit)
540 http cache once@https://registry.npmjs.org/once/-/once-1.4.0.tgz 0ms (cache hit)
541 http cache parseurl@https://registry.npmjs.org/parseurl/-/parseurl-1.3.3.tgz 0ms (cache hit)
542 http cache on-finished@https://registry.npmjs.org/on-finished/-/on-finished-2.4.1.tgz 0ms (cache hit)
543 http cache mime-types@https://registry.npmjs.org/mime-types/-/mime-types-3.0.2.tgz 0ms (cache hit)
544 http cache merge-descriptors@https://registry.npmjs.org/merge-descriptors/-/merge-descriptors-2.0.0.tgz 0ms (cache hit)
545 http cache http-errors@https://registry.npmjs.org/http-errors/-/http-errors-2.0.1.tgz 0ms (cache hit)
546 http cache fresh@https://registry.npmjs.org/fresh/-/fresh-2.0.0.tgz 0ms (cache hit)
547 http cache etag@https://registry.npmjs.org/etag/-/etag-1.8.1.tgz 0ms (cache hit)
548 http cache finalhandler@https://registry.npmjs.org/finalhandler/-/finalhandler-2.1.1.tgz 0ms (cache hit)
549 http cache escape-html@https://registry.npmjs.org/escape-html/-/escape-html-1.0.3.tgz 0ms (cache hit)
550 http cache encodeurl@https://registry.npmjs.org/encodeurl/-/encodeurl-2.0.0.tgz 0ms (cache hit)
551 http cache depd@https://registry.npmjs.org/depd/-/depd-2.0.0.tgz 0ms (cache hit)
552 http cache debug@https://registry.npmjs.org/debug/-/debug-4.4.3.tgz 0ms (cache hit)
553 http cache cookie-signature@https://registry.npmjs.org/cookie-signature/-/cookie-signature-1.2.2.tgz 0ms (cache hit)
554 http cache cookie@https://registry.npmjs.org/cookie/-/cookie-0.7.2.tgz 0ms (cache hit)
555 http cache body-parser@https://registry.npmjs.org/body-parser/-/body-parser-2.3.0.tgz 0ms (cache hit)
556 http cache accepts@https://registry.npmjs.org/accepts/-/accepts-2.0.0.tgz 0ms (cache hit)
557 http cache content-disposition@https://registry.npmjs.org/content-disposition/-/content-disposition-1.1.0.tgz 0ms (cache hit)
558 http cache vary@https://registry.npmjs.org/vary/-/vary-1.1.2.tgz 0ms (cache hit)
559 http cache object-assign@https://registry.npmjs.org/object-assign/-/object-assign-4.1.1.tgz 0ms (cache hit)
560 http cache socket.io@https://registry.npmjs.org/socket.io/-/socket.io-4.8.3.tgz 0ms (cache hit)
561 http cache express@https://registry.npmjs.org/express/-/express-5.2.1.tgz 0ms (cache hit)
562 http cache dotenv@https://registry.npmjs.org/dotenv/-/dotenv-17.4.2.tgz 0ms (cache hit)
563 http cache content-type@https://registry.npmjs.org/content-type/-/content-type-1.0.5.tgz 0ms (cache hit)
564 http cache cors@https://registry.npmjs.org/cors/-/cors-2.8.6.tgz 0ms (cache hit)
565 http cache mime-db@https://registry.npmjs.org/mime-db/-/mime-db-1.52.0.tgz 0ms (cache hit)
566 http cache negotiator@https://registry.npmjs.org/negotiator/-/negotiator-0.6.3.tgz 0ms (cache hit)
567 http cache mime-types@https://registry.npmjs.org/mime-types/-/mime-types-2.1.35.tgz 0ms (cache hit)
568 http cache accepts@https://registry.npmjs.org/accepts/-/accepts-1.3.8.tgz 0ms (cache hit)
569 http cache content-type@https://registry.npmjs.org/content-type/-/content-type-2.0.0.tgz 0ms (cache hit)
570 http cache content-type@https://registry.npmjs.org/content-type/-/content-type-2.0.0.tgz 0ms (cache hit)
571 http cache mime-db@https://registry.npmjs.org/mime-db/-/mime-db-1.52.0.tgz 0ms (cache hit)
572 http cache negotiator@https://registry.npmjs.org/negotiator/-/negotiator-0.6.3.tgz 0ms (cache hit)
573 http cache mime-types@https://registry.npmjs.org/mime-types/-/mime-types-2.1.35.tgz 0ms (cache hit)
574 http cache accepts@https://registry.npmjs.org/accepts/-/accepts-1.3.8.tgz 0ms (cache hit)
575 http fetch POST 200 https://registry.npmjs.org/-/npm/v1/security/advisories/bulk 1068ms
576 silly audit report {}
577 silly ADD node_modules/media-typer
578 silly ADD node_modules/@socket.io/component-emitter
579 silly ADD node_modules/undici-types
580 silly ADD node_modules/ws
581 silly ADD node_modules/engine.io-parser
582 silly ADD node_modules/@types/ws
583 silly ADD node_modules/@types/node
584 silly ADD node_modules/@types/cors
585 silly ADD node_modules/socket.io-parser
586 silly ADD node_modules/socket.io-adapter
587 silly ADD node_modules/engine.io
588 silly ADD node_modules/engine.io/node_modules/mime-db
589 silly ADD node_modules/engine.io/node_modules/negotiator
590 silly ADD node_modules/engine.io/node_modules/mime-types
591 silly ADD node_modules/engine.io/node_modules/accepts
592 silly ADD node_modules/base64id
593 silly ADD node_modules/dunder-proto
594 silly ADD node_modules/math-intrinsics
595 silly ADD node_modules/hasown
596 silly ADD node_modules/has-symbols
597 silly ADD node_modules/gopd
598 silly ADD node_modules/get-proto
599 silly ADD node_modules/es-object-atoms
600 silly ADD node_modules/function-bind
601 silly ADD node_modules/call-bind-apply-helpers
602 silly ADD node_modules/get-intrinsic
603 silly ADD node_modules/call-bound
604 silly ADD node_modules/side-channel-weakmap
605 silly ADD node_modules/side-channel-map
606 silly ADD node_modules/side-channel-list
607 silly ADD node_modules/object-inspect
608 silly ADD node_modules/es-errors
609 silly ADD node_modules/path-to-regexp
610 silly ADD node_modules/is-promise
611 silly ADD node_modules/unpipe
612 silly ADD node_modules/side-channel
613 silly ADD node_modules/es-define-property
614 silly ADD node_modules/ipaddr.js
615 silly ADD node_modules/forwarded
616 silly ADD node_modules/wrappy
617 silly ADD node_modules/ee-first
618 silly ADD node_modules/mime-db
619 silly ADD node_modules/safer-buffer
620 silly ADD node_modules/toidentifier
621 silly ADD node_modules/setprototypeof
622 silly ADD node_modules/inherits
623 silly ADD node_modules/ms
624 silly ADD node_modules/raw-body
625 silly ADD node_modules/iconv-lite
626 silly ADD node_modules/bytes
627 silly ADD node_modules/negotiator
628 silly ADD node_modules/type-is
629 silly ADD node_modules/type-is/node_modules/content-type
630 silly ADD node_modules/statuses
631 silly ADD node_modules/serve-static
632 silly ADD node_modules/send
633 silly ADD node_modules/router
634 silly ADD node_modules/range-parser
635 silly ADD node_modules/qs
636 silly ADD node_modules/proxy-addr
637 silly ADD node_modules/parseurl
638 silly ADD node_modules/once
639 silly ADD node_modules/on-finished
640 silly ADD node_modules/mime-types
641 silly ADD node_modules/merge-descriptors
642 silly ADD node_modules/http-errors
643 silly ADD node_modules/fresh
644 silly ADD node_modules/finalhandler
645 silly ADD node_modules/etag
646 silly ADD node_modules/escape-html
647 silly ADD node_modules/encodeurl
648 silly ADD node_modules/depd
649 silly ADD node_modules/debug
650 silly ADD node_modules/cookie-signature
651 silly ADD node_modules/cookie
652 silly ADD node_modules/content-type
653 silly ADD node_modules/content-disposition
654 silly ADD node_modules/body-parser
655 silly ADD node_modules/body-parser/node_modules/content-type
656 silly ADD node_modules/accepts
657 silly ADD node_modules/vary
658 silly ADD node_modules/object-assign
659 silly ADD node_modules/socket.io
660 silly ADD node_modules/socket.io/node_modules/mime-db
661 silly ADD node_modules/socket.io/node_modules/negotiator
662 silly ADD node_modules/socket.io/node_modules/mime-types
663 silly ADD node_modules/socket.io/node_modules/accepts
664 silly ADD node_modules/express
665 silly ADD node_modules/dotenv
666 silly ADD node_modules/cors
667 verbose cwd /data/data/com.termux/files/home/masti-tok
668 verbose os Linux 6.6.89-android15-8-o-g59160d8212a5-4k
669 verbose node v26.4.0
670 verbose npm  v11.18.0
671 verbose exit 0
672 info ok
