0 verbose cli /data/data/com.termux/files/usr/bin/node /data/data/com.termux/files/usr/bin/npm
1 info using npm@11.18.0
2 info using node@v26.4.0
3 silly config load:file:/data/data/com.termux/files/usr/lib/node_modules/npm/npmrc
4 silly config load:file:/data/data/com.termux/files/home/.npmrc
5 silly config load:file:/data/data/com.termux/files/usr/etc/npmrc
6 verbose title npm install localtunnel
7 verbose argv "install" "--global" "localtunnel"
8 verbose logfile logs-max:10 dir:/data/data/com.termux/files/home/.npm/_logs/2026-07-20T23_31_49_954Z-
9 verbose logfile /data/data/com.termux/files/home/.npm/_logs/2026-07-20T23_31_49_954Z-debug-0.log
10 silly packumentCache heap:1174405120 maxSize:293601280 maxEntrySize:146800640
11 silly logfile start cleaning logs, removing 1 files
12 silly logfile done cleaning log files
13 silly idealTree buildDeps
14 silly fetch manifest localtunnel@*
15 silly packumentCache full:https://registry.npmjs.org/localtunnel cache-miss
16 http fetch GET 200 https://registry.npmjs.org/localtunnel 1165ms (cache miss)
17 silly packumentCache full:https://registry.npmjs.org/localtunnel set size:undefined disposed:false
18 silly placeDep ROOT localtunnel@2.0.2 OK for:  want: *
19 silly fetch manifest axios@0.21.4
20 silly packumentCache full:https://registry.npmjs.org/axios cache-miss
21 silly fetch manifest debug@4.3.2
22 silly packumentCache full:https://registry.npmjs.org/debug cache-miss
23 silly fetch manifest openurl@1.1.1
24 silly packumentCache full:https://registry.npmjs.org/openurl cache-miss
25 silly fetch manifest yargs@17.1.1
26 silly packumentCache full:https://registry.npmjs.org/yargs cache-miss
27 http fetch GET 200 https://registry.npmjs.org/axios 383ms (cache miss)
28 silly packumentCache full:https://registry.npmjs.org/axios set size:undefined disposed:false
29 http fetch GET 200 https://registry.npmjs.org/debug 764ms (cache revalidated)
30 silly packumentCache full:https://registry.npmjs.org/debug set size:195840 disposed:false
31 http fetch GET 200 https://registry.npmjs.org/openurl 810ms (cache miss)
32 silly packumentCache full:https://registry.npmjs.org/openurl set size:undefined disposed:false
33 http fetch GET 200 https://registry.npmjs.org/yargs 846ms (cache miss)
34 silly packumentCache full:https://registry.npmjs.org/yargs set size:undefined disposed:false
35 silly placeDep node_modules/localtunnel axios@0.21.4 OK for: localtunnel@2.0.2 want: 0.21.4
36 silly placeDep node_modules/localtunnel debug@4.3.2 OK for: localtunnel@2.0.2 want: 4.3.2
37 silly placeDep node_modules/localtunnel openurl@1.1.1 OK for: localtunnel@2.0.2 want: 1.1.1
38 silly placeDep node_modules/localtunnel yargs@17.1.1 OK for: localtunnel@2.0.2 want: 17.1.1
39 silly fetch manifest follow-redirects@^1.14.0
40 silly packumentCache full:https://registry.npmjs.org/follow-redirects cache-miss
41 silly fetch manifest ms@2.1.2
42 silly packumentCache full:https://registry.npmjs.org/ms cache-miss
43 silly fetch manifest y18n@^5.0.5
44 silly packumentCache full:https://registry.npmjs.org/y18n cache-miss
45 silly fetch manifest cliui@^7.0.2
46 silly packumentCache full:https://registry.npmjs.org/cliui cache-miss
47 silly fetch manifest escalade@^3.1.1
48 silly packumentCache full:https://registry.npmjs.org/escalade cache-miss
49 silly fetch manifest string-width@^4.2.0
50 silly packumentCache full:https://registry.npmjs.org/string-width cache-miss
51 silly fetch manifest yargs-parser@^20.2.2
52 silly packumentCache full:https://registry.npmjs.org/yargs-parser cache-miss
53 http fetch GET 200 https://registry.npmjs.org/follow-redirects 167ms (cache miss)
54 silly packumentCache full:https://registry.npmjs.org/follow-redirects set size:undefined disposed:false
55 silly fetch manifest get-caller-file@^2.0.5
56 silly packumentCache full:https://registry.npmjs.org/get-caller-file cache-miss
57 http fetch GET 200 https://registry.npmjs.org/cliui 173ms (cache miss)
58 silly packumentCache full:https://registry.npmjs.org/cliui set size:undefined disposed:false
59 silly fetch manifest require-directory@^2.1.1
60 silly packumentCache full:https://registry.npmjs.org/require-directory cache-miss
61 http fetch GET 200 https://registry.npmjs.org/get-caller-file 102ms (cache miss)
62 silly packumentCache full:https://registry.npmjs.org/get-caller-file set size:undefined disposed:false
63 http fetch GET 200 https://registry.npmjs.org/y18n 384ms (cache miss)
64 silly packumentCache full:https://registry.npmjs.org/y18n set size:undefined disposed:false
65 http fetch GET 200 https://registry.npmjs.org/string-width 383ms (cache miss)
66 silly packumentCache full:https://registry.npmjs.org/string-width set size:undefined disposed:false
67 http fetch GET 200 https://registry.npmjs.org/ms 448ms (cache revalidated)
68 silly packumentCache full:https://registry.npmjs.org/ms set size:92208 disposed:false
69 http fetch GET 200 https://registry.npmjs.org/escalade 452ms (cache miss)
70 silly packumentCache full:https://registry.npmjs.org/escalade set size:undefined disposed:false
71 http fetch GET 200 https://registry.npmjs.org/yargs-parser 467ms (cache miss)
72 silly packumentCache full:https://registry.npmjs.org/yargs-parser set size:undefined disposed:false
73 http fetch GET 200 https://registry.npmjs.org/require-directory 346ms (cache miss)
74 silly packumentCache full:https://registry.npmjs.org/require-directory set size:undefined disposed:false
75 silly placeDep node_modules/localtunnel follow-redirects@1.16.0 OK for: axios@0.21.4 want: ^1.14.0
76 silly placeDep node_modules/localtunnel ms@2.1.2 OK for: debug@4.3.2 want: 2.1.2
77 silly placeDep node_modules/localtunnel cliui@7.0.4 OK for: yargs@17.1.1 want: ^7.0.2
78 silly placeDep node_modules/localtunnel escalade@3.2.0 OK for: yargs@17.1.1 want: ^3.1.1
79 silly placeDep node_modules/localtunnel get-caller-file@2.0.5 OK for: yargs@17.1.1 want: ^2.0.5
80 silly placeDep node_modules/localtunnel require-directory@2.1.1 OK for: yargs@17.1.1 want: ^2.1.1
81 silly placeDep node_modules/localtunnel string-width@4.2.3 OK for: yargs@17.1.1 want: ^4.2.0
82 silly placeDep node_modules/localtunnel y18n@5.0.8 OK for: yargs@17.1.1 want: ^5.0.5
83 silly placeDep node_modules/localtunnel yargs-parser@20.2.9 OK for: yargs@17.1.1 want: ^20.2.2
84 silly fetch manifest wrap-ansi@^7.0.0
85 silly packumentCache full:https://registry.npmjs.org/wrap-ansi cache-miss
86 silly fetch manifest strip-ansi@^6.0.0
87 silly packumentCache full:https://registry.npmjs.org/strip-ansi cache-miss
88 silly fetch manifest strip-ansi@^6.0.1
89 silly packumentCache full:https://registry.npmjs.org/strip-ansi cache-miss
90 silly fetch manifest emoji-regex@^8.0.0
91 silly packumentCache full:https://registry.npmjs.org/emoji-regex cache-miss
92 silly fetch manifest is-fullwidth-code-point@^3.0.0
93 silly packumentCache full:https://registry.npmjs.org/is-fullwidth-code-point cache-miss
94 http fetch GET 200 https://registry.npmjs.org/wrap-ansi 171ms (cache miss)
95 silly packumentCache full:https://registry.npmjs.org/wrap-ansi set size:undefined disposed:false
96 http fetch GET 200 https://registry.npmjs.org/strip-ansi 181ms (cache miss)
97 silly packumentCache full:https://registry.npmjs.org/strip-ansi set size:undefined disposed:false
98 http fetch GET 200 https://registry.npmjs.org/strip-ansi 188ms (cache miss)
99 silly packumentCache full:https://registry.npmjs.org/strip-ansi set size:undefined disposed:false
100 http fetch GET 200 https://registry.npmjs.org/is-fullwidth-code-point 188ms (cache miss)
101 silly packumentCache full:https://registry.npmjs.org/is-fullwidth-code-point set size:undefined disposed:false
102 http fetch GET 200 https://registry.npmjs.org/emoji-regex 199ms (cache miss)
103 silly packumentCache full:https://registry.npmjs.org/emoji-regex set size:undefined disposed:false
104 silly placeDep node_modules/localtunnel strip-ansi@6.0.1 OK for: cliui@7.0.4 want: ^6.0.0
105 silly placeDep node_modules/localtunnel wrap-ansi@7.0.0 OK for: cliui@7.0.4 want: ^7.0.0
106 silly fetch manifest ansi-regex@^5.0.1
107 silly packumentCache full:https://registry.npmjs.org/ansi-regex cache-miss
108 silly fetch manifest ansi-styles@^4.0.0
109 silly packumentCache full:https://registry.npmjs.org/ansi-styles cache-miss
110 http fetch GET 200 https://registry.npmjs.org/ansi-regex 127ms (cache miss)
111 silly packumentCache full:https://registry.npmjs.org/ansi-regex set size:undefined disposed:false
112 http fetch GET 200 https://registry.npmjs.org/ansi-styles 132ms (cache miss)
113 silly packumentCache full:https://registry.npmjs.org/ansi-styles set size:undefined disposed:false
114 silly placeDep node_modules/localtunnel emoji-regex@8.0.0 OK for: string-width@4.2.3 want: ^8.0.0
115 silly placeDep node_modules/localtunnel is-fullwidth-code-point@3.0.0 OK for: string-width@4.2.3 want: ^3.0.0
116 silly placeDep node_modules/localtunnel ansi-regex@5.0.1 OK for: strip-ansi@6.0.1 want: ^5.0.1
117 silly placeDep node_modules/localtunnel ansi-styles@4.3.0 OK for: wrap-ansi@7.0.0 want: ^4.0.0
118 silly fetch manifest color-convert@^2.0.1
119 silly packumentCache full:https://registry.npmjs.org/color-convert cache-miss
120 http fetch GET 200 https://registry.npmjs.org/color-convert 109ms (cache miss)
121 silly packumentCache full:https://registry.npmjs.org/color-convert set size:undefined disposed:false
122 silly placeDep node_modules/localtunnel color-convert@2.0.1 OK for: ansi-styles@4.3.0 want: ^2.0.1
123 silly fetch manifest color-name@~1.1.4
124 silly packumentCache full:https://registry.npmjs.org/color-name cache-miss
125 http fetch GET 200 https://registry.npmjs.org/color-name 373ms (cache miss)
126 silly packumentCache full:https://registry.npmjs.org/color-name set size:undefined disposed:false
127 silly placeDep node_modules/localtunnel color-name@1.1.4 OK for: color-convert@2.0.1 want: ~1.1.4
128 silly reify mark retired [
128 silly reify   '/data/data/com.termux/files/usr/lib/node_modules/localtunnel',
128 silly reify   '/data/data/com.termux/files/usr/bin/lt'
128 silly reify ]
129 silly reify moves {
129 silly reify   '/data/data/com.termux/files/usr/lib/node_modules/localtunnel': '/data/data/com.termux/files/usr/lib/node_modules/.localtunnel-YXeLycx6',
129 silly reify   '/data/data/com.termux/files/usr/bin/lt': '/data/data/com.termux/files/usr/bin/.lt-CIZRqT1e'
129 silly reify }
130 http cache yargs-parser@https://registry.npmjs.org/yargs-parser/-/yargs-parser-20.2.9.tgz 0ms (cache hit)
131 http cache yargs@https://registry.npmjs.org/yargs/-/yargs-17.1.1.tgz 0ms (cache hit)
132 http cache y18n@https://registry.npmjs.org/y18n/-/y18n-5.0.8.tgz 0ms (cache hit)
133 http cache wrap-ansi@https://registry.npmjs.org/wrap-ansi/-/wrap-ansi-7.0.0.tgz 0ms (cache hit)
134 http cache strip-ansi@https://registry.npmjs.org/strip-ansi/-/strip-ansi-6.0.1.tgz 0ms (cache hit)
135 http cache require-directory@https://registry.npmjs.org/require-directory/-/require-directory-2.1.1.tgz 0ms (cache hit)
136 http cache ms@https://registry.npmjs.org/ms/-/ms-2.1.2.tgz 0ms (cache hit)
137 http cache string-width@https://registry.npmjs.org/string-width/-/string-width-4.2.3.tgz 0ms (cache hit)
138 http cache is-fullwidth-code-point@https://registry.npmjs.org/is-fullwidth-code-point/-/is-fullwidth-code-point-3.0.0.tgz 1ms (cache hit)
139 http cache openurl@https://registry.npmjs.org/openurl/-/openurl-1.1.1.tgz 0ms (cache hit)
140 http cache get-caller-file@https://registry.npmjs.org/get-caller-file/-/get-caller-file-2.0.5.tgz 0ms (cache hit)
141 http cache follow-redirects@https://registry.npmjs.org/follow-redirects/-/follow-redirects-1.16.0.tgz 0ms (cache hit)
142 http cache emoji-regex@https://registry.npmjs.org/emoji-regex/-/emoji-regex-8.0.0.tgz 0ms (cache hit)
143 http cache escalade@https://registry.npmjs.org/escalade/-/escalade-3.2.0.tgz 0ms (cache hit)
144 http cache debug@https://registry.npmjs.org/debug/-/debug-4.3.2.tgz 0ms (cache hit)
145 http cache color-name@https://registry.npmjs.org/color-name/-/color-name-1.1.4.tgz 0ms (cache hit)
146 http cache color-convert@https://registry.npmjs.org/color-convert/-/color-convert-2.0.1.tgz 0ms (cache hit)
147 http cache axios@https://registry.npmjs.org/axios/-/axios-0.21.4.tgz 0ms (cache hit)
148 http cache cliui@https://registry.npmjs.org/cliui/-/cliui-7.0.4.tgz 0ms (cache hit)
149 http cache ansi-styles@https://registry.npmjs.org/ansi-styles/-/ansi-styles-4.3.0.tgz 0ms (cache hit)
150 http cache localtunnel@https://registry.npmjs.org/localtunnel/-/localtunnel-2.0.2.tgz 0ms (cache hit)
151 http cache ansi-regex@https://registry.npmjs.org/ansi-regex/-/ansi-regex-5.0.1.tgz 0ms (cache hit)
152 silly tarball no local data for yargs-parser@https://registry.npmjs.org/yargs-parser/-/yargs-parser-20.2.9.tgz. Extracting by manifest.
153 silly tarball no local data for yargs@https://registry.npmjs.org/yargs/-/yargs-17.1.1.tgz. Extracting by manifest.
154 silly tarball no local data for y18n@https://registry.npmjs.org/y18n/-/y18n-5.0.8.tgz. Extracting by manifest.
155 silly tarball no local data for wrap-ansi@https://registry.npmjs.org/wrap-ansi/-/wrap-ansi-7.0.0.tgz. Extracting by manifest.
156 silly tarball no local data for strip-ansi@https://registry.npmjs.org/strip-ansi/-/strip-ansi-6.0.1.tgz. Extracting by manifest.
157 silly tarball no local data for require-directory@https://registry.npmjs.org/require-directory/-/require-directory-2.1.1.tgz. Extracting by manifest.
158 silly tarball no local data for ms@https://registry.npmjs.org/ms/-/ms-2.1.2.tgz. Extracting by manifest.
159 silly tarball no local data for string-width@https://registry.npmjs.org/string-width/-/string-width-4.2.3.tgz. Extracting by manifest.
160 silly tarball no local data for is-fullwidth-code-point@https://registry.npmjs.org/is-fullwidth-code-point/-/is-fullwidth-code-point-3.0.0.tgz. Extracting by manifest.
161 silly tarball no local data for openurl@https://registry.npmjs.org/openurl/-/openurl-1.1.1.tgz. Extracting by manifest.
162 silly tarball no local data for get-caller-file@https://registry.npmjs.org/get-caller-file/-/get-caller-file-2.0.5.tgz. Extracting by manifest.
163 silly tarball no local data for follow-redirects@https://registry.npmjs.org/follow-redirects/-/follow-redirects-1.16.0.tgz. Extracting by manifest.
164 silly tarball no local data for emoji-regex@https://registry.npmjs.org/emoji-regex/-/emoji-regex-8.0.0.tgz. Extracting by manifest.
165 silly tarball no local data for escalade@https://registry.npmjs.org/escalade/-/escalade-3.2.0.tgz. Extracting by manifest.
166 silly tarball no local data for debug@https://registry.npmjs.org/debug/-/debug-4.3.2.tgz. Extracting by manifest.
167 silly tarball no local data for color-name@https://registry.npmjs.org/color-name/-/color-name-1.1.4.tgz. Extracting by manifest.
168 silly tarball no local data for color-convert@https://registry.npmjs.org/color-convert/-/color-convert-2.0.1.tgz. Extracting by manifest.
169 silly tarball no local data for cliui@https://registry.npmjs.org/cliui/-/cliui-7.0.4.tgz. Extracting by manifest.
170 silly tarball no local data for axios@https://registry.npmjs.org/axios/-/axios-0.21.4.tgz. Extracting by manifest.
171 silly tarball no local data for ansi-styles@https://registry.npmjs.org/ansi-styles/-/ansi-styles-4.3.0.tgz. Extracting by manifest.
172 silly tarball no local data for localtunnel@https://registry.npmjs.org/localtunnel/-/localtunnel-2.0.2.tgz. Extracting by manifest.
173 silly tarball no local data for ansi-regex@https://registry.npmjs.org/ansi-regex/-/ansi-regex-5.0.1.tgz. Extracting by manifest.
174 http fetch GET 200 https://registry.npmjs.org/ms/-/ms-2.1.2.tgz 392ms (cache miss)
175 http fetch GET 200 https://registry.npmjs.org/strip-ansi/-/strip-ansi-6.0.1.tgz 407ms (cache miss)
176 http fetch GET 200 https://registry.npmjs.org/require-directory/-/require-directory-2.1.1.tgz 420ms (cache miss)
177 http fetch GET 200 https://registry.npmjs.org/wrap-ansi/-/wrap-ansi-7.0.0.tgz 433ms (cache miss)
178 http fetch GET 200 https://registry.npmjs.org/color-name/-/color-name-1.1.4.tgz 436ms (cache miss)
179 http fetch GET 200 https://registry.npmjs.org/ansi-regex/-/ansi-regex-5.0.1.tgz 429ms (cache miss)
180 http fetch GET 200 https://registry.npmjs.org/color-convert/-/color-convert-2.0.1.tgz 444ms (cache miss)
181 http fetch GET 200 https://registry.npmjs.org/ansi-styles/-/ansi-styles-4.3.0.tgz 446ms (cache miss)
182 http fetch GET 200 https://registry.npmjs.org/y18n/-/y18n-5.0.8.tgz 495ms (cache miss)
183 http fetch GET 200 https://registry.npmjs.org/cliui/-/cliui-7.0.4.tgz 464ms (cache miss)
184 http fetch GET 200 https://registry.npmjs.org/localtunnel/-/localtunnel-2.0.2.tgz 501ms (cache miss)
185 http fetch GET 200 https://registry.npmjs.org/string-width/-/string-width-4.2.3.tgz 555ms (cache miss)
186 http fetch GET 200 https://registry.npmjs.org/openurl/-/openurl-1.1.1.tgz 603ms (cache miss)
187 http fetch GET 200 https://registry.npmjs.org/yargs-parser/-/yargs-parser-20.2.9.tgz 631ms (cache miss)
188 http fetch GET 200 https://registry.npmjs.org/emoji-regex/-/emoji-regex-8.0.0.tgz 609ms (cache miss)
189 http fetch GET 200 https://registry.npmjs.org/is-fullwidth-code-point/-/is-fullwidth-code-point-3.0.0.tgz 621ms (cache miss)
190 http fetch GET 200 https://registry.npmjs.org/get-caller-file/-/get-caller-file-2.0.5.tgz 627ms (cache miss)
191 http fetch GET 200 https://registry.npmjs.org/escalade/-/escalade-3.2.0.tgz 623ms (cache miss)
192 http fetch GET 200 https://registry.npmjs.org/follow-redirects/-/follow-redirects-1.16.0.tgz 629ms (cache miss)
193 http fetch GET 200 https://registry.npmjs.org/debug/-/debug-4.3.2.tgz 633ms (cache miss)
194 http fetch GET 200 https://registry.npmjs.org/axios/-/axios-0.21.4.tgz 695ms (cache miss)
195 http fetch GET 200 https://registry.npmjs.org/yargs/-/yargs-17.1.1.tgz 763ms (cache miss)
196 silly CHANGE node_modules/localtunnel
197 silly CHANGE node_modules/localtunnel/node_modules/yargs-parser
198 silly CHANGE node_modules/localtunnel/node_modules/yargs
199 silly CHANGE node_modules/localtunnel/node_modules/y18n
200 silly CHANGE node_modules/localtunnel/node_modules/wrap-ansi
201 silly CHANGE node_modules/localtunnel/node_modules/strip-ansi
202 silly CHANGE node_modules/localtunnel/node_modules/string-width
203 silly CHANGE node_modules/localtunnel/node_modules/require-directory
204 silly CHANGE node_modules/localtunnel/node_modules/ms
205 silly CHANGE node_modules/localtunnel/node_modules/is-fullwidth-code-point
206 silly CHANGE node_modules/localtunnel/node_modules/openurl
207 silly CHANGE node_modules/localtunnel/node_modules/get-caller-file
208 silly CHANGE node_modules/localtunnel/node_modules/follow-redirects
209 silly CHANGE node_modules/localtunnel/node_modules/escalade
210 silly CHANGE node_modules/localtunnel/node_modules/emoji-regex
211 silly CHANGE node_modules/localtunnel/node_modules/debug
212 silly CHANGE node_modules/localtunnel/node_modules/color-name
213 silly CHANGE node_modules/localtunnel/node_modules/color-convert
214 silly CHANGE node_modules/localtunnel/node_modules/cliui
215 silly CHANGE node_modules/localtunnel/node_modules/axios
216 silly CHANGE node_modules/localtunnel/node_modules/ansi-styles
217 silly CHANGE node_modules/localtunnel/node_modules/ansi-regex
218 verbose cwd /data/data/com.termux/files/home/masti-tok
219 verbose os Linux 6.6.89-android15-8-o-g59160d8212a5-4k
220 verbose node v26.4.0
221 verbose npm  v11.18.0
222 verbose exit 0
223 info ok
